{
    "General": {
        "Repetitions:": "10"
    },
    "column_benchmark_index": [
        [
            {
                "Filename": "./sql/benchmark/q1_bench/q1.1-10.sql",
                "Type": "exec_file",
                "times": " 28291;26980;27850;27785;27218;27169;27737;27789;27951;27328;27734;27324;27543;27277;25896;26425;26439;25537;25686;25808;"
            },
            {
                "Filename": "./sql/benchmark/q1_bench/q1.2-10.sql",
                "Type": "exec_file",
                "times": " 7080;6652;7005;7536;7010;7106;6943;7145;6971;6730;"
            },
            {
                "Filename": "./sql/benchmark/q1_bench/q1.3-10.sql",
                "Type": "exec_file",
                "times": " 5000;2500;2414;2372;2372;2525;2469;2541;2600;2457;"
            },
            {
                "Filename": "./sql/benchmark/q2_bench/q2.1-10.sql",
                "Type": "exec_file",
                "times": " 35134;155;30597;148;30507;156;30212;155;30424;152;30416;166;29902;157;30341;157;31226;157;31544;153;"
            },
            {
                "Filename": "./sql/benchmark/q2_bench/q2.2-10.sql",
                "Type": "exec_file",
                "times": " 27165;95;22871;91;22654;93;23044;93;22601;94;23160;95;22644;95;23187;99;23045;97;23116;109;"
            },
            {
                "Filename": "./sql/benchmark/q2_bench/q2.3-10.sql",
                "Type": "exec_file",
                "times": " 6653;2662;2625;2650;2708;2691;2688;2785;2688;2960;"
            },
            {
                "Filename": "./sql/benchmark/q3_bench/q3.1-10.sql",
                "Type": "exec_file",
                "times": " 73551;156;72665;163;73587;162;73307;174;73669;160;73961;161;73156;159;73028;158;72450;162;74782;164;"
            },
            {
                "Filename": "./sql/benchmark/q3_bench/q3.2-10.sql",
                "Type": "exec_file",
                "times": " 31822;275;27226;273;26367;257;27300;260;28319;270;28693;260;28302;263;28411;269;26968;287;26768;264;"
            },
            {
                "Filename": "./sql/benchmark/q3_bench/q3.3-10.sql",
                "Type": "exec_file",
                "times": " 9704;6413;6616;6702;6693;6891;6725;6773;6735;6765;"
            },
            {
                "Filename": "./sql/benchmark/q3_bench/q3.4-10.sql",
                "Type": "exec_file",
                "times": " 10628;6845;6839;6858;6840;6465;6367;6270;6253;6229;"
            },
            {
                "Filename": "./sql/benchmark/q4_bench/q4.1-10.sql",
                "Type": "exec_file",
                "times": " 66147;104;64509;108;64307;111;65244;109;64453;105;67082;102;65405;132;67065;102;65578;110;68941;98;"
            },
            {
                "Filename": "./sql/benchmark/q4_bench/q4.2-10.sql",
                "Type": "exec_file",
                "times": " 66930;133;60948;134;60063;137;59297;139;60210;126;60728;138;60412;135;60510;138;59768;135;61432;134;"
            },
            {
                "Filename": "./sql/benchmark/q4_bench/q4.3-10.sql",
                "Type": "exec_file",
                "times": " 23759;337;17277;301;18447;297;17259;266;16724;285;16956;297;16803;293;17145;267;17687;290;17226;294;"
            }
        ],
        [
            {
                "Filename": "./sql/benchmark/q1_bench/q1.1-10.sql",
                "Type": "exec_file",
                "times": " 26599;28962;29350;29343;29576;29689;29510;29562;29789;29085;29534;29985;29915;30064;29950;29889;29802;29947;29809;29654;"
            },
            {
                "Filename": "./sql/benchmark/q1_bench/q1.2-10.sql",
                "Type": "exec_file",
                "times": " 7844;7633;7684;7684;7855;7935;7837;7906;7821;8146;"
            },
            {
                "Filename": "./sql/benchmark/q1_bench/q1.3-10.sql",
                "Type": "exec_file",
                "times": " 2656;2456;2389;2391;2397;2358;2360;2367;2353;2353;"
            },
            {
                "Filename": "./sql/benchmark/q2_bench/q2.1-10.sql",
                "Type": "exec_file",
                "times": " 34128;167;31405;147;30697;147;30362;149;30531;149;31284;168;29454;153;31199;158;31502;159;31014;154;"
            },
            {
                "Filename": "./sql/benchmark/q2_bench/q2.2-10.sql",
                "Type": "exec_file",
                "times": " 22476;98;22820;95;22888;92;24058;93;22832;93;23097;97;24469;95;24422;110;24044;89;24167;104;"
            },
            {
                "Filename": "./sql/benchmark/q2_bench/q2.3-10.sql",
                "Type": "exec_file",
                "times": " 2661;2640;2737;2636;2686;2634;2640;2775;2684;2762;"
            },
            {
                "Filename": "./sql/benchmark/q3_bench/q3.1-10.sql",
                "Type": "exec_file",
                "times": " 73681;150;72316;149;72955;148;72486;148;72315;156;72810;156;74532;150;72552;157;74161;154;71643;163;"
            },
            {
                "Filename": "./sql/benchmark/q3_bench/q3.2-10.sql",
                "Type": "exec_file",
                "times": " 27341;251;26628;252;28892;260;27584;260;27545;258;28044;264;26306;257;26921;256;27594;259;53257;291;"
            },
            {
                "Filename": "./sql/benchmark/q3_bench/q3.3-10.sql",
                "Type": "exec_file",
                "times": " 6948;7240;6893;7351;6921;7279;7195;7184;7207;7508;"
            },
            {
                "Filename": "./sql/benchmark/q3_bench/q3.4-10.sql",
                "Type": "exec_file",
                "times": " 7255;7273;7386;7295;7347;7272;7321;7400;7318;7395;"
            },
            {
                "Filename": "./sql/benchmark/q4_bench/q4.1-10.sql",
                "Type": "exec_file",
                "times": " 92402;111;91297;119;83993;114;120048;121;132651;126;215653;101;166932;119;180524;156;275515;130;192008;122;"
            },
            {
                "Filename": "./sql/benchmark/q4_bench/q4.2-10.sql",
                "Type": "exec_file",
                "times": " 114545;144;186433;185;61421;132;61997;133;60562;131;59801;149;59718;134;59637;130;60290;128;57547;137;"
            },
            {
                "Filename": "./sql/benchmark/q4_bench/q4.3-10.sql",
                "Type": "exec_file",
                "times": " 17306;310;17195;288;16727;293;17117;308;17166;290;16907;284;98622;949;17358;296;16458;282;17498;281;"
            }
        ],
        [
            {
                "Filename": "./sql/benchmark/q1_bench/q1.1-10.sql",
                "Type": "exec_file",
                "times": " 324495;29516;30141;30094;29588;30334;30045;30043;29817;29387;29268;29047;29156;29039;29131;29014;28993;28959;29531;29074;"
            },
            {
                "Filename": "./sql/benchmark/q1_bench/q1.2-10.sql",
                "Type": "exec_file",
                "times": " 10894;7740;7769;7823;7806;7619;7468;7271;7421;7321;"
            },
            {
                "Filename": "./sql/benchmark/q1_bench/q1.3-10.sql",
                "Type": "exec_file",
                "times": " 8594;2468;2414;2380;2355;2344;2344;2341;2344;2343;"
            },
            {
                "Filename": "./sql/benchmark/q2_bench/q2.1-10.sql",
                "Type": "exec_file",
                "times": " 34234;159;30753;163;32016;154;31401;147;32352;161;32424;149;29954;150;31223;151;30156;160;30037;157;"
            },
            {
                "Filename": "./sql/benchmark/q2_bench/q2.2-10.sql",
                "Type": "exec_file",
                "times": " 23153;99;22287;95;22400;97;22849;103;22523;103;22323;111;22601;92;22673;98;22704;94;23241;99;"
            },
            {
                "Filename": "./sql/benchmark/q2_bench/q2.3-10.sql",
                "Type": "exec_file",
                "times": " 2903;2632;2652;2653;2894;2908;2836;2712;2740;2686;"
            },
            {
                "Filename": "./sql/benchmark/q3_bench/q3.1-10.sql",
                "Type": "exec_file",
                "times": " 73606;158;72543;161;70913;151;72519;154;71649;152;72291;174;72506;157;73157;152;71383;148;72123;167;"
            },
            {
                "Filename": "./sql/benchmark/q3_bench/q3.2-10.sql",
                "Type": "exec_file",
                "times": " 26846;267;28060;265;27323;263;28680;241;27230;265;27172;267;27605;324;27510;268;27715;269;26613;261;"
            },
            {
                "Filename": "./sql/benchmark/q3_bench/q3.3-10.sql",
                "Type": "exec_file",
                "times": " 6674;6449;6538;6607;6572;6739;6739;6802;6789;6740;"
            },
            {
                "Filename": "./sql/benchmark/q3_bench/q3.4-10.sql",
                "Type": "exec_file",
                "times": " 8234;6433;6410;6409;6426;6241;6227;6144;6148;6257;"
            },
            {
                "Filename": "./sql/benchmark/q4_bench/q4.1-10.sql",
                "Type": "exec_file",
                "times": " 64625;108;66041;108;65449;100;65146;111;64733;111;66302;106;64456;114;65163;108;63779;116;65498;105;"
            },
            {
                "Filename": "./sql/benchmark/q4_bench/q4.2-10.sql",
                "Type": "exec_file",
                "times": " 58174;129;58437;128;58638;131;59779;136;59261;134;58599;138;59654;130;57739;132;57297;138;57839;148;"
            },
            {
                "Filename": "./sql/benchmark/q4_bench/q4.3-10.sql",
                "Type": "exec_file",
                "times": " 17037;314;17058;275;16897;274;16527;274;17443;250;17064;259;17342;281;16986;282;17145;284;17078;297;"
            }
        ],
        [
            {
                "Filename": "./sql/benchmark/q1_bench/q1.1-10.sql",
                "Type": "exec_file",
                "times": " 26507;28922;29445;29495;30043;30100;30109;29886;29306;29533;29949;30150;29446;29557;29922;29751;29800;29710;29865;29700;"
            },
            {
                "Filename": "./sql/benchmark/q1_bench/q1.2-10.sql",
                "Type": "exec_file",
                "times": " 7744;7659;7378;7267;7380;7142;7253;7137;7237;7268;"
            },
            {
                "Filename": "./sql/benchmark/q1_bench/q1.3-10.sql",
                "Type": "exec_file",
                "times": " 2487;2373;2351;2313;2330;2292;2331;2284;2276;2285;"
            },
            {
                "Filename": "./sql/benchmark/q2_bench/q2.1-10.sql",
                "Type": "exec_file",
                "times": " 33775;157;33198;155;31217;149;32061;157;30645;154;31877;151;33059;150;31873;149;30916;150;31954;161;"
            },
            {
                "Filename": "./sql/benchmark/q2_bench/q2.2-10.sql",
                "Type": "exec_file",
                "times": " 23169;97;22398;98;22686;95;22061;97;22968;96;23020;113;23643;93;23443;98;22611;96;23487;96;"
            },
            {
                "Filename": "./sql/benchmark/q2_bench/q2.3-10.sql",
                "Type": "exec_file",
                "times": " 2717;2833;2680;2769;2642;2795;2822;2789;2785;2729;"
            },
            {
                "Filename": "./sql/benchmark/q3_bench/q3.1-10.sql",
                "Type": "exec_file",
                "times": " 73122;153;72592;152;71398;149;73288;151;74057;139;73680;152;74744;146;73454;151;73374;163;73604;154;"
            },
            {
                "Filename": "./sql/benchmark/q3_bench/q3.2-10.sql",
                "Type": "exec_file",
                "times": " 28033;275;26834;264;28706;264;27881;268;27789;256;27823;272;27199;263;26609;267;27946;259;26167;257;"
            },
            {
                "Filename": "./sql/benchmark/q3_bench/q3.3-10.sql",
                "Type": "exec_file",
                "times": " 6431;6431;6406;6368;6464;6405;6700;7168;6908;6603;"
            },
            {
                "Filename": "./sql/benchmark/q3_bench/q3.4-10.sql",
                "Type": "exec_file",
                "times": " 6692;6598;6552;6552;6319;6362;6316;6343;6335;6320;"
            },
            {
                "Filename": "./sql/benchmark/q4_bench/q4.1-10.sql",
                "Type": "exec_file",
                "times": " 65971;112;64383;111;64405;105;63588;106;65440;111;65241;99;65006;98;65456;110;91885;108;66424;100;"
            },
            {
                "Filename": "./sql/benchmark/q4_bench/q4.2-10.sql",
                "Type": "exec_file",
                "times": " 58479;126;58063;133;58680;129;58851;124;59060;133;58277;131;58375;131;58697;137;59367;131;57909;130;"
            },
            {
                "Filename": "./sql/benchmark/q4_bench/q4.3-10.sql",
                "Type": "exec_file",
                "times": " 16933;302;17328;295;17148;275;17788;282;16648;267;16776;280;17125;305;17292;288;16631;280;17512;279;"
            }
        ],
        [
            {
                "Filename": "./sql/benchmark/q1_bench/q1.1-10.sql",
                "Type": "exec_file",
                "times": " 26884;28751;29419;29814;29736;29943;29782;29737;29868;29786;29908;29869;29814;29799;29654;29806;29687;29874;29943;29283;"
            },
            {
                "Filename": "./sql/benchmark/q1_bench/q1.2-10.sql",
                "Type": "exec_file",
                "times": " 7450;7425;7397;7403;7330;7553;7561;7823;7779;7837;"
            },
            {
                "Filename": "./sql/benchmark/q1_bench/q1.3-10.sql",
                "Type": "exec_file",
                "times": " 2612;2492;2391;2398;2360;2343;2382;2293;2279;2300;"
            },
            {
                "Filename": "./sql/benchmark/q2_bench/q2.1-10.sql",
                "Type": "exec_file",
                "times": " 32211;154;32114;161;31304;154;30782;151;30951;178;31541;151;30907;151;31467;149;32142;173;31120;152;"
            },
            {
                "Filename": "./sql/benchmark/q2_bench/q2.2-10.sql",
                "Type": "exec_file",
                "times": " 22823;101;23180;94;24363;90;24172;96;24751;94;24105;95;24776;90;23608;94;24310;92;24916;94;"
            },
            {
                "Filename": "./sql/benchmark/q2_bench/q2.3-10.sql",
                "Type": "exec_file",
                "times": " 2811;2646;2581;2633;2698;2580;2657;2585;2621;2656;"
            },
            {
                "Filename": "./sql/benchmark/q3_bench/q3.1-10.sql",
                "Type": "exec_file",
                "times": " 73172;136;73967;151;72864;149;72859;165;72652;147;74127;151;74390;139;72983;151;74087;149;73520;156;"
            },
            {
                "Filename": "./sql/benchmark/q3_bench/q3.2-10.sql",
                "Type": "exec_file",
                "times": " 27025;275;27752;252;27307;274;28750;273;28188;351;27919;246;27462;254;26811;263;27170;261;25891;267;"
            },
            {
                "Filename": "./sql/benchmark/q3_bench/q3.3-10.sql",
                "Type": "exec_file",
                "times": " 6618;6900;6529;6498;6360;6383;6334;6447;6343;6349;"
            },
            {
                "Filename": "./sql/benchmark/q3_bench/q3.4-10.sql",
                "Type": "exec_file",
                "times": " 6381;6292;6261;6259;6241;6208;6205;6193;6182;6154;"
            },
            {
                "Filename": "./sql/benchmark/q4_bench/q4.1-10.sql",
                "Type": "exec_file",
                "times": " 65914;117;65029;107;63527;99;64795;102;64993;101;64389;100;63184;103;64795;102;64096;103;64696;102;"
            },
            {
                "Filename": "./sql/benchmark/q4_bench/q4.2-10.sql",
                "Type": "exec_file",
                "times": " 58236;131;57277;133;57682;138;58496;133;58816;129;59435;130;59697;133;58723;134;57531;136;57351;136;"
            },
            {
                "Filename": "./sql/benchmark/q4_bench/q4.3-10.sql",
                "Type": "exec_file",
                "times": " 17385;283;16674;282;17044;275;17185;303;16767;293;17338;287;16736;293;17315;282;17580;282;16593;261;"
            }
        ],
        [
            {
                "Filename": "./sql/benchmark/q1_bench/q1.1-10.sql",
                "Type": "exec_file",
                "times": " 26568;28374;28327;28815;29376;29088;29194;29197;29008;28906;28621;28986;28905;28998;29044;28594;29170;28590;29222;28597;"
            },
            {
                "Filename": "./sql/benchmark/q1_bench/q1.2-10.sql",
                "Type": "exec_file",
                "times": " 7441;7329;7237;7227;7226;7284;7361;7287;7271;7100;"
            },
            {
                "Filename": "./sql/benchmark/q1_bench/q1.3-10.sql",
                "Type": "exec_file",
                "times": " 2568;2363;2310;2297;2306;2335;2279;2279;2275;2273;"
            },
            {
                "Filename": "./sql/benchmark/q2_bench/q2.1-10.sql",
                "Type": "exec_file",
                "times": " 33377;155;31634;150;30158;153;29769;149;29169;162;29602;145;29598;153;30082;162;29891;154;31172;159;"
            },
            {
                "Filename": "./sql/benchmark/q2_bench/q2.2-10.sql",
                "Type": "exec_file",
                "times": " 24198;94;24420;91;24473;122;24516;92;24263;113;23506;98;22751;112;23011;104;22867;107;22573;92;"
            },
            {
                "Filename": "./sql/benchmark/q2_bench/q2.3-10.sql",
                "Type": "exec_file",
                "times": " 2775;2695;2657;2585;2633;2809;2787;2797;2751;2910;"
            },
            {
                "Filename": "./sql/benchmark/q3_bench/q3.1-10.sql",
                "Type": "exec_file",
                "times": " 71830;151;72626;151;73911;146;72110;148;71867;149;71495;151;72507;147;72647;148;72021;150;71710;148;"
            },
            {
                "Filename": "./sql/benchmark/q3_bench/q3.2-10.sql",
                "Type": "exec_file",
                "times": " 26889;259;26876;242;27853;220;26818;259;28321;254;28168;250;27473;253;27607;255;26875;262;27729;256;"
            },
            {
                "Filename": "./sql/benchmark/q3_bench/q3.3-10.sql",
                "Type": "exec_file",
                "times": " 6895;6710;6667;7289;7298;7277;7359;7252;7323;7307;"
            },
            {
                "Filename": "./sql/benchmark/q3_bench/q3.4-10.sql",
                "Type": "exec_file",
                "times": " 7153;7003;6965;6201;6127;6150;6154;6075;6101;6198;"
            },
            {
                "Filename": "./sql/benchmark/q4_bench/q4.1-10.sql",
                "Type": "exec_file",
                "times": " 65426;111;65211;108;64539;105;65249;110;65198;115;65823;107;65262;107;65872;109;66225;108;65418;109;"
            },
            {
                "Filename": "./sql/benchmark/q4_bench/q4.2-10.sql",
                "Type": "exec_file",
                "times": " 59100;125;59030;126;59053;125;60663;126;59295;127;59607;127;57298;127;58641;126;57390;132;57864;128;"
            },
            {
                "Filename": "./sql/benchmark/q4_bench/q4.3-10.sql",
                "Type": "exec_file",
                "times": " 17076;280;16495;268;17303;282;16445;265;17788;273;17063;272;17035;280;17108;277;17072;283;17317;277;"
            }
        ],
        [
            {
                "Filename": "./sql/benchmark/q1_bench/q1.1-10.sql",
                "Type": "exec_file",
                "times": " 44957;29060;29254;28727;28622;28664;28801;28676;28993;28881;28967;28855;29102;29241;28680;28898;28299;28181;27504;27496;"
            },
            {
                "Filename": "./sql/benchmark/q1_bench/q1.2-10.sql",
                "Type": "exec_file",
                "times": " 7403;7380;7247;7507;7831;7870;7753;7809;7794;7727;"
            },
            {
                "Filename": "./sql/benchmark/q1_bench/q1.3-10.sql",
                "Type": "exec_file",
                "times": " 2586;2397;2383;2345;2400;2412;2385;2359;2346;2346;"
            },
            {
                "Filename": "./sql/benchmark/q2_bench/q2.1-10.sql",
                "Type": "exec_file",
                "times": " 33133;168;32574;162;31550;154;32248;160;30531;158;31366;160;30314;173;31928;153;30261;148;31817;154;"
            },
            {
                "Filename": "./sql/benchmark/q2_bench/q2.2-10.sql",
                "Type": "exec_file",
                "times": " 22805;98;23865;99;24047;94;23815;97;24832;95;24261;94;23809;92;23889;92;23946;95;24079;97;"
            },
            {
                "Filename": "./sql/benchmark/q2_bench/q2.3-10.sql",
                "Type": "exec_file",
                "times": " 2837;2583;2652;2745;2675;2995;2607;2796;2861;2847;"
            },
            {
                "Filename": "./sql/benchmark/q3_bench/q3.1-10.sql",
                "Type": "exec_file",
                "times": " 72952;149;71820;170;72013;158;72251;148;71822;158;70860;162;71207;149;70833;153;71007;153;71596;154;"
            },
            {
                "Filename": "./sql/benchmark/q3_bench/q3.2-10.sql",
                "Type": "exec_file",
                "times": " 26851;285;29065;255;26949;231;28851;262;28660;252;27245;259;27489;257;26790;258;28734;262;26979;265;"
            },
            {
                "Filename": "./sql/benchmark/q3_bench/q3.3-10.sql",
                "Type": "exec_file",
                "times": " 6444;6552;6511;6401;6758;6503;6434;6391;6399;6489;"
            },
            {
                "Filename": "./sql/benchmark/q3_bench/q3.4-10.sql",
                "Type": "exec_file",
                "times": " 6378;6246;6066;6053;6035;6136;6145;6072;6072;6083;"
            },
            {
                "Filename": "./sql/benchmark/q4_bench/q4.1-10.sql",
                "Type": "exec_file",
                "times": " 64178;106;65440;106;63327;106;64545;106;64866;109;64343;97;63838;101;64279;96;64883;94;63730;90;"
            },
            {
                "Filename": "./sql/benchmark/q4_bench/q4.2-10.sql",
                "Type": "exec_file",
                "times": " 60106;123;62228;137;61688;125;60267;130;58001;140;58172;132;57896;128;57928;136;58750;137;57202;132;"
            },
            {
                "Filename": "./sql/benchmark/q4_bench/q4.3-10.sql",
                "Type": "exec_file",
                "times": " 16984;303;17672;283;17611;280;16220;305;17136;254;17878;286;17510;289;17466;286;17796;278;17397;273;"
            }
        ],
        [
            {
                "Filename": "./sql/benchmark/q1_bench/q1.1-10.sql",
                "Type": "exec_file",
                "times": " 27432;28778;29354;29745;29976;29630;29659;29598;29474;29834;29516;29628;29492;29509;29770;29009;29603;29464;28493;28664;"
            },
            {
                "Filename": "./sql/benchmark/q1_bench/q1.2-10.sql",
                "Type": "exec_file",
                "times": " 7484;7443;7389;7220;7205;7608;7510;7966;8024;7741;"
            },
            {
                "Filename": "./sql/benchmark/q1_bench/q1.3-10.sql",
                "Type": "exec_file",
                "times": " 2568;2410;2377;2404;2346;2365;2357;2359;2346;2344;"
            },
            {
                "Filename": "./sql/benchmark/q2_bench/q2.1-10.sql",
                "Type": "exec_file",
                "times": " 34110;186;33226;156;30562;153;32358;158;31206;146;30462;150;30031;164;31879;164;30241;148;30032;153;"
            },
            {
                "Filename": "./sql/benchmark/q2_bench/q2.2-10.sql",
                "Type": "exec_file",
                "times": " 22612;93;23229;96;23745;95;24410;95;24398;93;24210;91;24092;92;23983;137;24329;93;24503;91;"
            },
            {
                "Filename": "./sql/benchmark/q2_bench/q2.3-10.sql",
                "Type": "exec_file",
                "times": " 2632;2484;2491;2604;2723;2763;2613;2776;2691;2721;"
            },
            {
                "Filename": "./sql/benchmark/q3_bench/q3.1-10.sql",
                "Type": "exec_file",
                "times": " 72022;151;73606;157;72096;146;72707;150;73662;151;73582;144;73173;150;71926;151;72998;144;74107;158;"
            },
            {
                "Filename": "./sql/benchmark/q3_bench/q3.2-10.sql",
                "Type": "exec_file",
                "times": " 27053;281;27458;261;27375;265;28096;253;26660;252;27659;260;28455;230;27547;263;26988;259;26889;250;"
            },
            {
                "Filename": "./sql/benchmark/q3_bench/q3.3-10.sql",
                "Type": "exec_file",
                "times": " 6272;6507;6562;6448;6415;6296;6473;6499;6521;6654;"
            },
            {
                "Filename": "./sql/benchmark/q3_bench/q3.4-10.sql",
                "Type": "exec_file",
                "times": " 6436;6408;6423;6445;6456;6421;6400;6218;6238;6232;"
            },
            {
                "Filename": "./sql/benchmark/q4_bench/q4.1-10.sql",
                "Type": "exec_file",
                "times": " 66092;104;65615;109;66326;109;66203;116;65547;106;64598;104;66183;108;65630;102;66047;103;66046;113;"
            },
            {
                "Filename": "./sql/benchmark/q4_bench/q4.2-10.sql",
                "Type": "exec_file",
                "times": " 58866;132;57246;128;58549;146;58491;133;58403;134;58394;139;58551;150;57782;135;57689;129;57467;126;"
            },
            {
                "Filename": "./sql/benchmark/q4_bench/q4.3-10.sql",
                "Type": "exec_file",
                "times": " 17176;308;17344;281;16485;272;16397;279;17686;278;17275;277;16980;280;17315;258;16846;292;16515;276;"
            }
        ],
        [
            {
                "Filename": "./sql/benchmark/q1_bench/q1.1-10.sql",
                "Type": "exec_file",
                "times": " 26305;27833;28740;28804;28913;28490;28715;28396;28913;29545;29653;29191;29173;28970;28824;29294;28862;28072;27740;28048;"
            },
            {
                "Filename": "./sql/benchmark/q1_bench/q1.2-10.sql",
                "Type": "exec_file",
                "times": " 7459;7362;7272;7256;7234;7284;7297;7177;7061;7065;"
            },
            {
                "Filename": "./sql/benchmark/q1_bench/q1.3-10.sql",
                "Type": "exec_file",
                "times": " 2602;2368;2340;2293;2284;2296;2338;2303;2278;2275;"
            },
            {
                "Filename": "./sql/benchmark/q2_bench/q2.1-10.sql",
                "Type": "exec_file",
                "times": " 32759;159;31308;148;32413;148;30773;153;31314;159;30914;174;32372;155;31598;146;31418;153;31679;155;"
            },
            {
                "Filename": "./sql/benchmark/q2_bench/q2.2-10.sql",
                "Type": "exec_file",
                "times": " 22495;96;22712;134;23011;98;23472;103;23114;92;23304;96;23189;98;23368;94;23491;95;23148;103;"
            },
            {
                "Filename": "./sql/benchmark/q2_bench/q2.3-10.sql",
                "Type": "exec_file",
                "times": " 2787;2589;2881;2576;2662;2463;2503;2517;2489;2490;"
            },
            {
                "Filename": "./sql/benchmark/q3_bench/q3.1-10.sql",
                "Type": "exec_file",
                "times": " 73954;133;73285;149;72980;156;70513;147;71387;147;71160;146;70387;146;72361;145;72488;141;70701;150;"
            },
            {
                "Filename": "./sql/benchmark/q3_bench/q3.2-10.sql",
                "Type": "exec_file",
                "times": " 27428;274;27212;271;26635;242;27857;258;26252;259;27626;263;27142;265;27935;261;26862;267;28505;261;"
            },
            {
                "Filename": "./sql/benchmark/q3_bench/q3.3-10.sql",
                "Type": "exec_file",
                "times": " 6714;6637;6686;6679;6677;6629;6639;6610;6557;6562;"
            },
            {
                "Filename": "./sql/benchmark/q3_bench/q3.4-10.sql",
                "Type": "exec_file",
                "times": " 6270;6163;6152;6126;6134;6130;6019;6322;6239;6218;"
            },
            {
                "Filename": "./sql/benchmark/q4_bench/q4.1-10.sql",
                "Type": "exec_file",
                "times": " 65624;112;64144;107;64241;105;65416;106;66130;99;63992;107;64845;108;65988;125;65761;106;64194;105;"
            },
            {
                "Filename": "./sql/benchmark/q4_bench/q4.2-10.sql",
                "Type": "exec_file",
                "times": " 59600;130;58699;133;59727;128;59111;139;59634;151;59545;134;59918;134;59159;137;58847;136;59343;133;"
            },
            {
                "Filename": "./sql/benchmark/q4_bench/q4.3-10.sql",
                "Type": "exec_file",
                "times": " 17063;319;17658;296;17693;289;17369;291;17514;259;17461;296;17579;284;16940;281;17124;279;17022;282;"
            }
        ],
        [
            {
                "Filename": "./sql/benchmark/q1_bench/q1.1-10.sql",
                "Type": "exec_file",
                "times": " 26618;27934;28626;29160;29053;29525;28726;28574;28609;28855;28661;28439;28807;28433;28504;28168;28133;28337;27881;27380;"
            },
            {
                "Filename": "./sql/benchmark/q1_bench/q1.2-10.sql",
                "Type": "exec_file",
                "times": " 7368;7487;7418;7342;7153;7282;7423;7414;7339;7258;"
            },
            {
                "Filename": "./sql/benchmark/q1_bench/q1.3-10.sql",
                "Type": "exec_file",
                "times": " 2454;2364;2318;2269;2246;2281;2261;2268;2241;2257;"
            },
            {
                "Filename": "./sql/benchmark/q2_bench/q2.1-10.sql",
                "Type": "exec_file",
                "times": " 32401;157;30256;163;29543;159;31026;157;29401;154;29808;155;30461;153;29270;162;28838;151;30120;153;"
            },
            {
                "Filename": "./sql/benchmark/q2_bench/q2.2-10.sql",
                "Type": "exec_file",
                "times": " 23562;100;22643;94;23205;93;23165;92;22915;92;23048;92;22955;108;23281;134;24218;89;23265;104;"
            },
            {
                "Filename": "./sql/benchmark/q2_bench/q2.3-10.sql",
                "Type": "exec_file",
                "times": " 2724;2532;2601;2574;2707;2664;2774;2714;2654;2763;"
            },
            {
                "Filename": "./sql/benchmark/q3_bench/q3.1-10.sql",
                "Type": "exec_file",
                "times": " 72246;140;71748;146;70817;149;72270;148;71232;140;71562;146;72091;143;70828;143;71362;144;72104;149;"
            },
            {
                "Filename": "./sql/benchmark/q3_bench/q3.2-10.sql",
                "Type": "exec_file",
                "times": " 26698;266;27859;252;26786;246;27522;263;26827;268;34806;322;36694;335;29696;318;35430;272;34832;268;"
            },
            {
                "Filename": "./sql/benchmark/q3_bench/q3.3-10.sql",
                "Type": "exec_file",
                "times": " 6272;6330;6260;6344;6376;6448;6536;6250;6413;6409;"
            },
            {
                "Filename": "./sql/benchmark/q3_bench/q3.4-10.sql",
                "Type": "exec_file",
                "times": " 6626;6383;6334;6329;6099;6347;6244;6177;6069;6071;"
            },
            {
                "Filename": "./sql/benchmark/q4_bench/q4.1-10.sql",
                "Type": "exec_file",
                "times": " 66008;113;65662;115;65787;106;65446;109;64861;117;64626;125;65405;109;64648;110;65939;107;64101;116;"
            },
            {
                "Filename": "./sql/benchmark/q4_bench/q4.2-10.sql",
                "Type": "exec_file",
                "times": " 59149;129;58379;127;58194;133;57687;138;57258;126;59796;139;59969;184;59764;123;60118;121;59640;189;"
            },
            {
                "Filename": "./sql/benchmark/q4_bench/q4.3-10.sql",
                "Type": "exec_file",
                "times": " 17078;295;16036;285;17131;281;17491;275;17084;252;17225;281;29899;285;17936;288;18750;351;16305;302;"
            }
        ]
    ],
    "column_benchmark_no_index": [
        [
            {
                "Filename": "./sql/benchmark/q1_bench/q1.1-10.sql",
                "Type": "exec_file",
                "times": " 366288;26788;25902;26164;26486;26520;26801;26702;27170;28468;28923;29845;29309;29257;29079;29727;29323;29416;29062;29322;"
            },
            {
                "Filename": "./sql/benchmark/q1_bench/q1.2-10.sql",
                "Type": "exec_file",
                "times": " 11228;7491;7412;7425;7418;7381;7181;7215;7352;7551;"
            },
            {
                "Filename": "./sql/benchmark/q1_bench/q1.3-10.sql",
                "Type": "exec_file",
                "times": " 19758;12885;12194;12188;12431;12595;12863;12278;12838;12632;"
            },
            {
                "Filename": "./sql/benchmark/q2_bench/q2.1-10.sql",
                "Type": "exec_file",
                "times": " 726998;177;34044;161;29962;161;30048;157;29719;155;30138;166;29825;169;29144;158;30899;163;29341;159;"
            },
            {
                "Filename": "./sql/benchmark/q2_bench/q2.2-10.sql",
                "Type": "exec_file",
                "times": " 23033;102;22585;98;23162;95;23604;106;24004;93;23917;98;24206;98;23716;101;24030;97;23423;94;"
            },
            {
                "Filename": "./sql/benchmark/q2_bench/q2.3-10.sql",
                "Type": "exec_file",
                "times": " 13708;13597;14140;13414;13767;13740;14443;13705;13671;13602;"
            },
            {
                "Filename": "./sql/benchmark/q3_bench/q3.1-10.sql",
                "Type": "exec_file",
                "times": " 167190;163;71516;153;72844;155;72907;168;73422;162;73420;156;71459;158;71698;164;73311;154;72037;150;"
            },
            {
                "Filename": "./sql/benchmark/q3_bench/q3.2-10.sql",
                "Type": "exec_file",
                "times": " 38111;268;36525;326;37236;252;38230;340;36675;258;36776;258;36882;258;39097;277;37242;261;35184;278;"
            },
            {
                "Filename": "./sql/benchmark/q3_bench/q3.3-10.sql",
                "Type": "exec_file",
                "times": " 15922;15966;16275;16100;16221;15887;16473;15848;16174;15411;"
            },
            {
                "Filename": "./sql/benchmark/q3_bench/q3.4-10.sql",
                "Type": "exec_file",
                "times": " 17113;15918;15757;17356;16313;16037;15867;16188;16321;16303;"
            },
            {
                "Filename": "./sql/benchmark/q4_bench/q4.1-10.sql",
                "Type": "exec_file",
                "times": " 148294;115;66727;116;65579;115;65754;117;65789;102;65147;113;64439;115;63850;109;65106;111;65330;116;"
            },
            {
                "Filename": "./sql/benchmark/q4_bench/q4.2-10.sql",
                "Type": "exec_file",
                "times": " 59392;130;57795;131;57567;136;58796;127;58803;125;59737;133;59854;130;59892;131;58143;138;59848;122;"
            },
            {
                "Filename": "./sql/benchmark/q4_bench/q4.3-10.sql",
                "Type": "exec_file",
                "times": " 36193;271;38483;328;37434;254;35283;304;35743;268;34221;358;35132;265;37948;250;36648;273;36039;376;"
            }
        ],
        [
            {
                "Filename": "./sql/benchmark/q1_bench/q1.1-10.sql",
                "Type": "exec_file",
                "times": " 26398;28265;29157;28849;29163;29056;28948;29164;28530;28616;28491;29132;29006;28386;28891;28961;28719;28705;27475;27461;"
            },
            {
                "Filename": "./sql/benchmark/q1_bench/q1.2-10.sql",
                "Type": "exec_file",
                "times": " 7444;7309;7166;7184;7296;7390;7275;7146;7402;7231;"
            },
            {
                "Filename": "./sql/benchmark/q1_bench/q1.3-10.sql",
                "Type": "exec_file",
                "times": " 13376;12847;13564;12491;12427;11907;12149;12363;12564;12707;"
            },
            {
                "Filename": "./sql/benchmark/q2_bench/q2.1-10.sql",
                "Type": "exec_file",
                "times": " 29891;153;31414;146;29369;142;29899;146;28953;144;29630;144;29768;142;28857;144;29420;174;29028;164;"
            },
            {
                "Filename": "./sql/benchmark/q2_bench/q2.2-10.sql",
                "Type": "exec_file",
                "times": " 23147;97;23176;99;22521;96;23430;93;23180;95;23429;94;23289;95;23728;94;22436;132;24236;140;"
            },
            {
                "Filename": "./sql/benchmark/q2_bench/q2.3-10.sql",
                "Type": "exec_file",
                "times": " 14318;13711;13743;14049;14670;14616;14373;14740;14810;14103;"
            },
            {
                "Filename": "./sql/benchmark/q3_bench/q3.1-10.sql",
                "Type": "exec_file",
                "times": " 73461;127;73235;139;71237;148;72803;150;72595;148;71673;154;71514;155;71737;144;72467;150;70981;154;"
            },
            {
                "Filename": "./sql/benchmark/q3_bench/q3.2-10.sql",
                "Type": "exec_file",
                "times": " 36564;237;37875;232;36599;249;36126;250;36176;250;37071;260;37638;254;38036;248;37715;253;35470;261;"
            },
            {
                "Filename": "./sql/benchmark/q3_bench/q3.3-10.sql",
                "Type": "exec_file",
                "times": " 16029;16268;15961;17460;16278;18016;16827;16692;16694;16445;"
            },
            {
                "Filename": "./sql/benchmark/q3_bench/q3.4-10.sql",
                "Type": "exec_file",
                "times": " 16028;15568;16350;16461;16513;16765;15493;16341;16842;16005;"
            },
            {
                "Filename": "./sql/benchmark/q4_bench/q4.1-10.sql",
                "Type": "exec_file",
                "times": " 65057;108;65629;110;66139;122;65273;112;65101;117;65030;110;64478;109;65537;115;64987;106;66113;110;"
            },
            {
                "Filename": "./sql/benchmark/q4_bench/q4.2-10.sql",
                "Type": "exec_file",
                "times": " 58692;116;58315;130;58735;123;58937;125;59456;134;58288;131;57552;130;57833;128;58191;125;58752;131;"
            },
            {
                "Filename": "./sql/benchmark/q4_bench/q4.3-10.sql",
                "Type": "exec_file",
                "times": " 36420;309;35036;270;35564;284;38840;273;35569;263;36010;286;40240;267;34419;272;39166;288;36174;284;"
            }
        ],
        [
            {
                "Filename": "./sql/benchmark/q1_bench/q1.1-10.sql",
                "Type": "exec_file",
                "times": " 26327;28434;29182;29117;29461;28837;29307;29270;29346;29406;28976;29116;28603;27978;28350;28835;28616;28610;27845;28015;"
            },
            {
                "Filename": "./sql/benchmark/q1_bench/q1.2-10.sql",
                "Type": "exec_file",
                "times": " 7474;7373;7246;7215;7382;7174;7234;7342;7364;7316;"
            },
            {
                "Filename": "./sql/benchmark/q1_bench/q1.3-10.sql",
                "Type": "exec_file",
                "times": " 13605;12978;13779;12146;12381;12366;12362;12703;12631;12956;"
            },
            {
                "Filename": "./sql/benchmark/q2_bench/q2.1-10.sql",
                "Type": "exec_file",
                "times": " 30761;157;31277;159;31997;156;29013;150;30564;151;30624;160;29070;160;31136;155;30485;155;29826;146;"
            },
            {
                "Filename": "./sql/benchmark/q2_bench/q2.2-10.sql",
                "Type": "exec_file",
                "times": " 22252;98;23631;95;23699;96;23164;92;23359;99;23542;96;23620;117;23265;91;23198;96;23225;102;"
            },
            {
                "Filename": "./sql/benchmark/q2_bench/q2.3-10.sql",
                "Type": "exec_file",
                "times": " 13898;13711;14647;13775;14591;13958;14179;13752;13681;14345;"
            },
            {
                "Filename": "./sql/benchmark/q3_bench/q3.1-10.sql",
                "Type": "exec_file",
                "times": " 70619;154;71313;145;72072;153;71525;152;73333;157;72163;159;72501;152;71290;165;71783;147;74174;153;"
            },
            {
                "Filename": "./sql/benchmark/q3_bench/q3.2-10.sql",
                "Type": "exec_file",
                "times": " 38842;241;37031;275;36878;266;37270;278;36440;264;39310;267;36292;269;39124;262;39297;269;38405;281;"
            },
            {
                "Filename": "./sql/benchmark/q3_bench/q3.3-10.sql",
                "Type": "exec_file",
                "times": " 15950;15950;15926;15930;16312;16106;16330;16367;16458;16386;"
            },
            {
                "Filename": "./sql/benchmark/q3_bench/q3.4-10.sql",
                "Type": "exec_file",
                "times": " 15893;15838;15739;16404;16334;16546;17526;15875;15840;16603;"
            },
            {
                "Filename": "./sql/benchmark/q4_bench/q4.1-10.sql",
                "Type": "exec_file",
                "times": " 65264;110;64663;109;65186;108;65064;130;64494;102;64600;102;64993;120;66630;102;65945;108;65743;110;"
            },
            {
                "Filename": "./sql/benchmark/q4_bench/q4.2-10.sql",
                "Type": "exec_file",
                "times": " 59360;131;58066;149;57987;133;56685;133;57163;132;58145;130;57729;130;57892;133;56991;133;56853;134;"
            },
            {
                "Filename": "./sql/benchmark/q4_bench/q4.3-10.sql",
                "Type": "exec_file",
                "times": " 36429;281;35797;264;35632;319;36297;245;36853;273;35057;264;36046;291;37721;316;36005;349;37286;290;"
            }
        ],
        [
            {
                "Filename": "./sql/benchmark/q1_bench/q1.1-10.sql",
                "Type": "exec_file",
                "times": " 26497;28607;28661;28853;29143;28852;28842;29147;28830;29109;28827;28883;28330;28768;28561;28455;28864;28595;28721;28631;"
            },
            {
                "Filename": "./sql/benchmark/q1_bench/q1.2-10.sql",
                "Type": "exec_file",
                "times": " 7716;7636;7595;7548;7484;7838;7517;7517;7147;7016;"
            },
            {
                "Filename": "./sql/benchmark/q1_bench/q1.3-10.sql",
                "Type": "exec_file",
                "times": " 13434;12804;12697;12480;12256;12249;12860;13762;12996;12840;"
            },
            {
                "Filename": "./sql/benchmark/q2_bench/q2.1-10.sql",
                "Type": "exec_file",
                "times": " 30350;181;30857;157;29252;153;30099;156;29399;150;29245;154;28890;157;28849;156;28925;148;28798;168;"
            },
            {
                "Filename": "./sql/benchmark/q2_bench/q2.2-10.sql",
                "Type": "exec_file",
                "times": " 22979;95;23389;92;23535;93;24604;96;23938;97;23571;92;23443;95;23704;94;24333;94;23817;91;"
            },
            {
                "Filename": "./sql/benchmark/q2_bench/q2.3-10.sql",
                "Type": "exec_file",
                "times": " 13975;13824;13670;14492;14313;14564;14087;13690;14781;14902;"
            },
            {
                "Filename": "./sql/benchmark/q3_bench/q3.1-10.sql",
                "Type": "exec_file",
                "times": " 73648;158;74544;151;74228;140;74275;156;73661;152;72348;146;73669;150;74004;158;75455;153;74090;148;"
            },
            {
                "Filename": "./sql/benchmark/q3_bench/q3.2-10.sql",
                "Type": "exec_file",
                "times": " 37645;261;36732;245;37094;267;37721;268;35597;263;35895;237;38812;270;36924;259;36578;265;36796;261;"
            },
            {
                "Filename": "./sql/benchmark/q3_bench/q3.3-10.sql",
                "Type": "exec_file",
                "times": " 16161;15940;16620;16207;16758;16464;16254;15791;16716;15958;"
            },
            {
                "Filename": "./sql/benchmark/q3_bench/q3.4-10.sql",
                "Type": "exec_file",
                "times": " 16553;16250;15045;15988;16143;16542;17244;16264;16420;16609;"
            },
            {
                "Filename": "./sql/benchmark/q4_bench/q4.1-10.sql",
                "Type": "exec_file",
                "times": " 65594;127;65340;111;64904;113;65599;113;63919;109;65227;107;65575;110;65218;108;65143;101;65031;105;"
            },
            {
                "Filename": "./sql/benchmark/q4_bench/q4.2-10.sql",
                "Type": "exec_file",
                "times": " 59192;143;61233;132;59623;136;60439;121;60529;177;59009;137;61200;137;59800;122;61890;133;57982;132;"
            },
            {
                "Filename": "./sql/benchmark/q4_bench/q4.3-10.sql",
                "Type": "exec_file",
                "times": " 39222;278;36217;291;35790;280;36140;382;37756;272;37952;278;37339;258;38428;259;36946;309;35747;275;"
            }
        ],
        [
            {
                "Filename": "./sql/benchmark/q1_bench/q1.1-10.sql",
                "Type": "exec_file",
                "times": " 26399;28793;29537;29394;29622;29536;29511;29715;28389;26354;26047;26324;26469;26291;25809;26680;26514;26665;26942;27066;"
            },
            {
                "Filename": "./sql/benchmark/q1_bench/q1.2-10.sql",
                "Type": "exec_file",
                "times": " 7581;7487;7496;7549;7594;7665;7398;7635;7617;7783;"
            },
            {
                "Filename": "./sql/benchmark/q1_bench/q1.3-10.sql",
                "Type": "exec_file",
                "times": " 14081;12836;12397;12048;12841;13138;13015;12306;12979;12813;"
            },
            {
                "Filename": "./sql/benchmark/q2_bench/q2.1-10.sql",
                "Type": "exec_file",
                "times": " 30838;156;30369;159;30199;156;29802;149;29551;157;29805;162;29239;150;30868;177;31094;159;30144;155;"
            },
            {
                "Filename": "./sql/benchmark/q2_bench/q2.2-10.sql",
                "Type": "exec_file",
                "times": " 23084;106;23075;98;23019;93;23170;98;23354;98;23197;95;23543;96;23390;96;23826;95;22633;95;"
            },
            {
                "Filename": "./sql/benchmark/q2_bench/q2.3-10.sql",
                "Type": "exec_file",
                "times": " 14225;13699;14121;14291;14667;13729;14920;14397;13934;14313;"
            },
            {
                "Filename": "./sql/benchmark/q3_bench/q3.1-10.sql",
                "Type": "exec_file",
                "times": " 72829;143;73071;148;73407;149;73275;150;71827;145;73279;142;73433;147;73601;146;73405;149;74772;147;"
            },
            {
                "Filename": "./sql/benchmark/q3_bench/q3.2-10.sql",
                "Type": "exec_file",
                "times": " 36776;266;35358;251;35469;262;37042;265;37042;271;36243;250;39675;274;39908;280;35562;236;35575;263;"
            },
            {
                "Filename": "./sql/benchmark/q3_bench/q3.3-10.sql",
                "Type": "exec_file",
                "times": " 16434;16304;16341;16185;16019;16002;16515;16087;16303;16354;"
            },
            {
                "Filename": "./sql/benchmark/q3_bench/q3.4-10.sql",
                "Type": "exec_file",
                "times": " 15869;15816;15574;16191;16028;15772;16304;15832;15726;16281;"
            },
            {
                "Filename": "./sql/benchmark/q4_bench/q4.1-10.sql",
                "Type": "exec_file",
                "times": " 64804;108;65633;108;64823;106;65256;111;74850;128;126859;141;99805;144;100677;115;91761;129;86250;119;"
            },
            {
                "Filename": "./sql/benchmark/q4_bench/q4.2-10.sql",
                "Type": "exec_file",
                "times": " 77480;146;62647;140;101157;163;96196;177;86237;151;90780;150;80364;189;76559;177;73278;122;58356;125;"
            },
            {
                "Filename": "./sql/benchmark/q4_bench/q4.3-10.sql",
                "Type": "exec_file",
                "times": " 36784;278;37689;325;36624;260;39784;289;39790;277;35250;269;35738;259;38432;276;37311;293;36409;274;"
            }
        ],
        [
            {
                "Filename": "./sql/benchmark/q1_bench/q1.1-10.sql",
                "Type": "exec_file",
                "times": " 25164;26234;26977;28219;27858;28327;28568;28440;28449;28613;28647;28874;28849;28502;29034;29094;28885;28401;28957;28477;"
            },
            {
                "Filename": "./sql/benchmark/q1_bench/q1.2-10.sql",
                "Type": "exec_file",
                "times": " 7594;7445;7402;7564;7373;7666;7543;7330;7543;7544;"
            },
            {
                "Filename": "./sql/benchmark/q1_bench/q1.3-10.sql",
                "Type": "exec_file",
                "times": " 13959;12854;12619;12318;12150;12288;14369;13099;12773;12266;"
            },
            {
                "Filename": "./sql/benchmark/q2_bench/q2.1-10.sql",
                "Type": "exec_file",
                "times": " 30404;160;31024;155;31531;189;31776;174;31639;181;30298;151;31030;153;31589;159;31812;149;31725;150;"
            },
            {
                "Filename": "./sql/benchmark/q2_bench/q2.2-10.sql",
                "Type": "exec_file",
                "times": " 22468;95;24166;96;23510;96;24368;101;24299;89;23352;148;23617;94;24058;93;23951;97;23610;96;"
            },
            {
                "Filename": "./sql/benchmark/q2_bench/q2.3-10.sql",
                "Type": "exec_file",
                "times": " 14400;15293;13877;14108;13712;14529;14123;15330;13435;14495;"
            },
            {
                "Filename": "./sql/benchmark/q3_bench/q3.1-10.sql",
                "Type": "exec_file",
                "times": " 71456;153;72407;156;71305;158;72285;155;72150;247;71086;151;71833;136;71885;145;71740;142;73802;145;"
            },
            {
                "Filename": "./sql/benchmark/q3_bench/q3.2-10.sql",
                "Type": "exec_file",
                "times": " 36107;268;38694;263;38248;244;36982;268;36127;271;37817;267;39322;257;35636;258;35909;275;37108;266;"
            },
            {
                "Filename": "./sql/benchmark/q3_bench/q3.3-10.sql",
                "Type": "exec_file",
                "times": " 16033;16128;15876;16858;16178;16394;16658;16549;16618;16524;"
            },
            {
                "Filename": "./sql/benchmark/q3_bench/q3.4-10.sql",
                "Type": "exec_file",
                "times": " 16046;15795;16031;16364;16906;16251;17234;17071;16384;17137;"
            },
            {
                "Filename": "./sql/benchmark/q4_bench/q4.1-10.sql",
                "Type": "exec_file",
                "times": " 66773;118;65265;104;66037;115;63910;109;65994;109;66063;113;66005;114;66578;112;64306;111;64562;112;"
            },
            {
                "Filename": "./sql/benchmark/q4_bench/q4.2-10.sql",
                "Type": "exec_file",
                "times": " 59524;134;58012;127;59135;129;57962;128;57076;133;57204;128;58379;124;57456;127;58130;131;56844;129;"
            },
            {
                "Filename": "./sql/benchmark/q4_bench/q4.3-10.sql",
                "Type": "exec_file",
                "times": " 36279;285;40690;301;35669;347;35064;275;36478;349;34762;303;37603;253;38928;257;34726;292;35329;276;"
            }
        ],
        [
            {
                "Filename": "./sql/benchmark/q1_bench/q1.1-10.sql",
                "Type": "exec_file",
                "times": " 26113;27850;28044;29081;28840;28793;28772;28863;28817;28843;28821;28768;28474;28421;28569;28846;28574;28798;28810;29179;"
            },
            {
                "Filename": "./sql/benchmark/q1_bench/q1.2-10.sql",
                "Type": "exec_file",
                "times": " 7840;7657;7489;7126;7222;7474;7230;7259;7207;7163;"
            },
            {
                "Filename": "./sql/benchmark/q1_bench/q1.3-10.sql",
                "Type": "exec_file",
                "times": " 13584;12885;12682;12211;12434;12735;12751;12709;13018;12401;"
            },
            {
                "Filename": "./sql/benchmark/q2_bench/q2.1-10.sql",
                "Type": "exec_file",
                "times": " 30407;157;30254;152;31003;156;30884;156;31470;156;31080;159;30639;172;30778;167;30218;152;30645;159;"
            },
            {
                "Filename": "./sql/benchmark/q2_bench/q2.2-10.sql",
                "Type": "exec_file",
                "times": " 23425;99;23039;100;23990;91;24028;105;23997;97;22975;94;24662;96;23912;133;24440;97;24023;94;"
            },
            {
                "Filename": "./sql/benchmark/q2_bench/q2.3-10.sql",
                "Type": "exec_file",
                "times": " 13587;13730;13919;13876;14509;14350;13519;14748;14569;14098;"
            },
            {
                "Filename": "./sql/benchmark/q3_bench/q3.1-10.sql",
                "Type": "exec_file",
                "times": " 71530;144;70868;151;71141;148;72313;141;72485;152;70994;152;71327;149;71046;155;72759;164;72190;155;"
            },
            {
                "Filename": "./sql/benchmark/q3_bench/q3.2-10.sql",
                "Type": "exec_file",
                "times": " 37808;261;36050;254;35147;267;40840;267;36523;266;35874;263;36515;260;37540;277;36453;270;36992;278;"
            },
            {
                "Filename": "./sql/benchmark/q3_bench/q3.3-10.sql",
                "Type": "exec_file",
                "times": " 16411;17124;15818;17039;16546;16036;16087;16345;16092;15569;"
            },
            {
                "Filename": "./sql/benchmark/q3_bench/q3.4-10.sql",
                "Type": "exec_file",
                "times": " 15624;16049;16446;16021;16148;16247;16013;17047;16482;16091;"
            },
            {
                "Filename": "./sql/benchmark/q4_bench/q4.1-10.sql",
                "Type": "exec_file",
                "times": " 63626;111;64480;101;66628;115;65126;103;64928;109;66256;108;64546;155;70167;213;71055;121;68474;116;"
            },
            {
                "Filename": "./sql/benchmark/q4_bench/q4.2-10.sql",
                "Type": "exec_file",
                "times": " 58049;130;57679;120;59314;124;59432;118;60794;154;61684;138;61030;141;59176;137;59650;142;59397;128;"
            },
            {
                "Filename": "./sql/benchmark/q4_bench/q4.3-10.sql",
                "Type": "exec_file",
                "times": " 37089;280;35840;335;37346;288;37189;280;35094;269;38064;274;36301;266;35051;281;35408;269;36001;257;"
            }
        ],
        [
            {
                "Filename": "./sql/benchmark/q1_bench/q1.1-10.sql",
                "Type": "exec_file",
                "times": " 26210;27566;28075;27781;28265;28417;28041;27941;28009;28205;28184;28663;28500;28438;28590;27902;27206;26986;26882;26996;"
            },
            {
                "Filename": "./sql/benchmark/q1_bench/q1.2-10.sql",
                "Type": "exec_file",
                "times": " 7555;7311;7364;7388;7533;8414;7396;7576;7595;7383;"
            },
            {
                "Filename": "./sql/benchmark/q1_bench/q1.3-10.sql",
                "Type": "exec_file",
                "times": " 13824;12780;13746;12426;12587;13063;12393;14406;12728;13100;"
            },
            {
                "Filename": "./sql/benchmark/q2_bench/q2.1-10.sql",
                "Type": "exec_file",
                "times": " 32351;168;31184;161;30746;153;28947;150;29465;154;28936;156;28479;159;29278;160;29441;159;29090;150;"
            },
            {
                "Filename": "./sql/benchmark/q2_bench/q2.2-10.sql",
                "Type": "exec_file",
                "times": " 22418;101;23963;93;24534;96;24253;96;24175;94;24869;89;23973;89;23898;115;23952;97;24332;95;"
            },
            {
                "Filename": "./sql/benchmark/q2_bench/q2.3-10.sql",
                "Type": "exec_file",
                "times": " 14228;13880;13927;14508;14451;14146;15360;15159;14332;14564;"
            },
            {
                "Filename": "./sql/benchmark/q3_bench/q3.1-10.sql",
                "Type": "exec_file",
                "times": " 71326;150;71137;149;72869;152;72585;150;73676;148;72443;148;74863;151;73300;149;72371;153;72659;163;"
            },
            {
                "Filename": "./sql/benchmark/q3_bench/q3.2-10.sql",
                "Type": "exec_file",
                "times": " 36587;278;37568;257;38628;257;36878;262;38543;259;36274;267;37356;273;36978;259;37415;263;35667;266;"
            },
            {
                "Filename": "./sql/benchmark/q3_bench/q3.3-10.sql",
                "Type": "exec_file",
                "times": " 16029;15956;15915;16594;15739;16177;16132;16395;15602;16268;"
            },
            {
                "Filename": "./sql/benchmark/q3_bench/q3.4-10.sql",
                "Type": "exec_file",
                "times": " 16210;16190;16211;16296;15938;16935;15795;16482;16750;16227;"
            },
            {
                "Filename": "./sql/benchmark/q4_bench/q4.1-10.sql",
                "Type": "exec_file",
                "times": " 64676;114;65121;108;64810;108;64037;110;64894;110;64883;109;64959;112;64086;109;63854;108;64220;105;"
            },
            {
                "Filename": "./sql/benchmark/q4_bench/q4.2-10.sql",
                "Type": "exec_file",
                "times": " 58635;141;58754;134;58561;133;58381;134;57565;143;59131;137;59180;135;58208;127;58053;132;57412;132;"
            },
            {
                "Filename": "./sql/benchmark/q4_bench/q4.3-10.sql",
                "Type": "exec_file",
                "times": " 37964;296;36757;287;37500;266;37075;273;36833;308;36932;244;36112;261;37700;332;37254;267;36560;267;"
            }
        ],
        [
            {
                "Filename": "./sql/benchmark/q1_bench/q1.1-10.sql",
                "Type": "exec_file",
                "times": " 26941;27839;29047;29161;29511;29320;29155;29309;28940;29451;29263;29189;29500;29152;29517;29497;29427;29646;29694;29068;"
            },
            {
                "Filename": "./sql/benchmark/q1_bench/q1.2-10.sql",
                "Type": "exec_file",
                "times": " 7760;7715;7777;7656;7791;7803;7741;7685;7661;7971;"
            },
            {
                "Filename": "./sql/benchmark/q1_bench/q1.3-10.sql",
                "Type": "exec_file",
                "times": " 14363;13298;12824;12550;12442;13348;12287;12851;12617;13032;"
            },
            {
                "Filename": "./sql/benchmark/q2_bench/q2.1-10.sql",
                "Type": "exec_file",
                "times": " 30425;169;31436;169;31527;155;31595;149;31341;160;31541;141;32054;157;31807;175;31303;163;30121;162;"
            },
            {
                "Filename": "./sql/benchmark/q2_bench/q2.2-10.sql",
                "Type": "exec_file",
                "times": " 23243;102;23072;98;23310;103;22849;99;22730;103;22637;101;22357;98;22490;116;22314;96;23471;89;"
            },
            {
                "Filename": "./sql/benchmark/q2_bench/q2.3-10.sql",
                "Type": "exec_file",
                "times": " 14322;13980;13690;14123;14406;14676;14142;13336;14155;14388;"
            },
            {
                "Filename": "./sql/benchmark/q3_bench/q3.1-10.sql",
                "Type": "exec_file",
                "times": " 72850;153;72508;156;73361;157;72922;154;72726;155;72852;153;73262;151;73246;150;70981;170;72471;169;"
            },
            {
                "Filename": "./sql/benchmark/q3_bench/q3.2-10.sql",
                "Type": "exec_file",
                "times": " 39075;269;38508;275;38084;260;36738;268;36627;280;35708;282;38330;265;35923;256;37653;265;37007;270;"
            },
            {
                "Filename": "./sql/benchmark/q3_bench/q3.3-10.sql",
                "Type": "exec_file",
                "times": " 17190;16011;16140;15637;16307;16464;16490;15816;17006;16823;"
            },
            {
                "Filename": "./sql/benchmark/q3_bench/q3.4-10.sql",
                "Type": "exec_file",
                "times": " 16545;17267;16711;16760;16964;17222;16087;15638;16442;16634;"
            },
            {
                "Filename": "./sql/benchmark/q4_bench/q4.1-10.sql",
                "Type": "exec_file",
                "times": " 64040;111;64939;120;65048;109;65175;110;64691;113;65451;108;65070;118;64978;109;64862;111;65214;108;"
            },
            {
                "Filename": "./sql/benchmark/q4_bench/q4.2-10.sql",
                "Type": "exec_file",
                "times": " 58885;136;56757;131;57527;136;56991;139;57074;132;58869;128;58747;124;57751;133;57517;133;57751;146;"
            },
            {
                "Filename": "./sql/benchmark/q4_bench/q4.3-10.sql",
                "Type": "exec_file",
                "times": " 35983;279;36365;344;35635;271;35009;269;36442;371;35663;308;36155;274;35204;268;36757;281;35804;300;"
            }
        ],
        [
            {
                "Filename": "./sql/benchmark/q1_bench/q1.1-10.sql",
                "Type": "exec_file",
                "times": " 26291;27860;28562;28866;29083;28418;28180;28363;28325;28667;28802;28916;28686;28745;28602;28915;28957;28831;28865;28774;"
            },
            {
                "Filename": "./sql/benchmark/q1_bench/q1.2-10.sql",
                "Type": "exec_file",
                "times": " 7242;7283;7212;7150;7103;7080;7173;7157;7157;7193;"
            },
            {
                "Filename": "./sql/benchmark/q1_bench/q1.3-10.sql",
                "Type": "exec_file",
                "times": " 13810;13133;12726;12408;12103;12434;12589;12603;12681;12698;"
            },
            {
                "Filename": "./sql/benchmark/q2_bench/q2.1-10.sql",
                "Type": "exec_file",
                "times": " 30835;157;31745;154;30497;159;30219;159;31087;156;30972;166;30786;154;30216;153;31037;154;30186;160;"
            },
            {
                "Filename": "./sql/benchmark/q2_bench/q2.2-10.sql",
                "Type": "exec_file",
                "times": " 23660;96;23370;92;24754;93;23899;94;24274;93;24316;94;23909;118;24217;97;25172;94;24251;125;"
            },
            {
                "Filename": "./sql/benchmark/q2_bench/q2.3-10.sql",
                "Type": "exec_file",
                "times": " 14155;13769;14388;13202;14896;15223;14981;14768;15196;14818;"
            },
            {
                "Filename": "./sql/benchmark/q3_bench/q3.1-10.sql",
                "Type": "exec_file",
                "times": " 71271;143;72699;156;72790;139;71663;152;71158;150;73036;149;72909;153;71642;166;72782;152;70623;150;"
            },
            {
                "Filename": "./sql/benchmark/q3_bench/q3.2-10.sql",
                "Type": "exec_file",
                "times": " 37276;276;38344;265;36906;265;35308;290;36082;256;34859;264;35812;270;37069;270;38236;274;38997;233;"
            },
            {
                "Filename": "./sql/benchmark/q3_bench/q3.3-10.sql",
                "Type": "exec_file",
                "times": " 17183;17119;18372;16015;15942;15691;15740;17512;16259;15675;"
            },
            {
                "Filename": "./sql/benchmark/q3_bench/q3.4-10.sql",
                "Type": "exec_file",
                "times": " 16461;15472;15946;15630;14977;16388;16221;17530;16317;16569;"
            },
            {
                "Filename": "./sql/benchmark/q4_bench/q4.1-10.sql",
                "Type": "exec_file",
                "times": " 65378;104;64778;103;64711;108;65718;104;64560;109;64956;104;64977;103;64449;104;64931;102;63646;103;"
            },
            {
                "Filename": "./sql/benchmark/q4_bench/q4.2-10.sql",
                "Type": "exec_file",
                "times": " 57943;129;56644;133;64404;142;57598;134;58081;128;59201;136;58213;135;57931;132;59011;130;58177;132;"
            },
            {
                "Filename": "./sql/benchmark/q4_bench/q4.3-10.sql",
                "Type": "exec_file",
                "times": " 35728;257;36551;286;37350;256;36454;274;34605;325;35446;287;36046;288;34297;264;34806;248;37270;348;"
            }
        ]
    ]
}
