{
"General":
{
"Repetitions": 100,
"ScalingFactor": 1,
"CPU": 4,
"Threads":8
},
"row_benchmark_fk":
{
"column": false,
"index": "FK",
"hint": "none",
"repetitions":[[
{
"Type":exec_file,
"Filename": "./sql/benchmark/q1_bench/q1.sql",
"times":
"
205266;17518;4187;"
,
}
,
{
"Type":
exec_file
,
"Filename":
./sql/benchmark/q1_bench/q1.1.sql
,
"times":
"
221753;"
,
}
,
{
"Type":
exec_file
,
"Filename":
./sql/benchmark/q1_bench/q1.2.sql
,
"times":
"
16861;"
,
}
,
{
"Type":
exec_file
,
"Filename":
./sql/benchmark/q1_bench/q1.3.sql
,
"times":
"
4047;"
,
}
,
{
"Type":
exec_file
,
"Filename":
./sql/benchmark/q2_bench/q2.sql
,
"times":
"
33587;287;13761;154;6508;"
,
}
,
{
"Type":
exec_file
,
"Filename":
./sql/benchmark/q2_bench/q2.1.sql
,
"times":
"
33824;312;"
,
}
,
{
"Type":
exec_file
,
"Filename":
./sql/benchmark/q2_bench/q2.2.sql
,
"times":
"
12867;156;"
,
}
,
{
"Type":
exec_file
,
"Filename":
./sql/benchmark/q2_bench/q2.3.sql
,
"times":
"
6021;"
,
}
,
{
"Type":
exec_file
,
"Filename":
./sql/benchmark/q3_bench/q3.sql
,
"times":
"
505434;152;57271;243;7285;8681;"
,
}
,
{
"Type":
exec_file
,
"Filename":
./sql/benchmark/q3_bench/q3.1.sql
,
"times":
"
518294;131;"
,
}
,
{
"Type":
exec_file
,
"Filename":
./sql/benchmark/q3_bench/q3.2.sql
,
"times":
"
56732;247;"
,
}
,
{
"Type":
exec_file
,
"Filename":
./sql/benchmark/q3_bench/q3.3.sql
,
"times":
"
6800;"
,
}
,
{
"Type":
exec_file
,
"Filename":
./sql/benchmark/q3_bench/q3.4.sql
,
"times":
"
8383;"
,
}
,
{
"Type":
exec_file
,
"Filename":
./sql/benchmark/q4_bench/q4.sql
,
"times":
"
530002;126;360106;146;103545;228;"
,
}
,
{
"Type":
exec_file
,
"Filename":
./sql/benchmark/q4_bench/q4.1.sql
,
"times":
"
524522;122;"
,
}
,
{
"Type":
exec_file
,
"Filename":
./sql/benchmark/q4_bench/q4.2.sql
,
"times":
"
355816;141;"
,
}
,
{
"Type":
exec_file
,
"Filename":
./sql/benchmark/q4_bench/q4.3.sql
,
"times":
"
102058;245;"
,
}
,
]
,
[
{
"Type":
exec_file
,
"Filename":
./sql/benchmark/q1_bench/q1.sql
,
"times":
"
204317;16928;4045;"
,
}
,
{
"Type":
exec_file
,
"Filename":
./sql/benchmark/q1_bench/q1.1.sql
,
"times":
"
204626;"
,
}
,
{
"Type":
exec_file
,
"Filename":
./sql/benchmark/q1_bench/q1.2.sql
,
"times":
"
16976;"
,
}
,
{
"Type":
exec_file
,
"Filename":
./sql/benchmark/q1_bench/q1.3.sql
,
"times":
"
4049;"
,
}
,
{
"Type":
exec_file
,
"Filename":
./sql/benchmark/q2_bench/q2.sql
,
"times":
"
30995;307;12562;145;5646;"
,
}
,
{
"Type":
exec_file
,
"Filename":
./sql/benchmark/q2_bench/q2.1.sql
,
"times":
"
26879;291;"
,
}
,
{
"Type":
exec_file
,
"Filename":
./sql/benchmark/q2_bench/q2.2.sql
,
"times":
"
12142;144;"
,
}
,
{
"Type":
exec_file
,
"Filename":
./sql/benchmark/q2_bench/q2.3.sql
,
"times":
"
5884;"
,
}
,
{
"Type":
exec_file
,
"Filename":
./sql/benchmark/q3_bench/q3.sql
,
"times":
"
507708;153;56618;224;6648;8175;"
,
}
,
{
"Type":
exec_file
,
"Filename":
./sql/benchmark/q3_bench/q3.1.sql
,
"times":
"
512650;150;"
,
}
,
{
"Type":
exec_file
,
"Filename":
./sql/benchmark/q3_bench/q3.2.sql
,
"times":
"
57223;223;"
,
}
,
{
"Type":
exec_file
,
"Filename":
./sql/benchmark/q3_bench/q3.3.sql
,
"times":
"
6754;"
,
}
,
{
"Type":
exec_file
,
"Filename":
./sql/benchmark/q3_bench/q3.4.sql
,
"times":
"
8355;"
,
}
,
{
"Type":
exec_file
,
"Filename":
./sql/benchmark/q4_bench/q4.sql
,
"times":
"
528549;110;356298;144;101771;239;"
,
}
,
{
"Type":
exec_file
,
"Filename":
./sql/benchmark/q4_bench/q4.1.sql
,
"times":
"
525555;123;"
,
}
,
{
"Type":
exec_file
,
"Filename":
./sql/benchmark/q4_bench/q4.2.sql
,
"times":
"
356933;140;"
,
}
,
{
"Type":
exec_file
,
"Filename":
./sql/benchmark/q4_bench/q4.3.sql
,
"times":
"
103149;229;"
,
}
,
]
,
[
{
"Type":
exec_file
,
"Filename":
./sql/benchmark/q1_bench/q1.sql
,
"times":
"
204729;16949;4053;"
,
}
,
{
"Type":
exec_file
,
"Filename":
./sql/benchmark/q1_bench/q1.1.sql
,
"times":
"
203847;"
,
}
,
{
"Type":
exec_file
,
"Filename":
./sql/benchmark/q1_bench/q1.2.sql
,
"times":
"
16817;"
,
}
,
{
"Type":
exec_file
,
"Filename":
./sql/benchmark/q1_bench/q1.3.sql
,
"times":
"
4029;"
,
}
,
{
"Type":
exec_file
,
"Filename":
./sql/benchmark/q2_bench/q2.sql
,
"times":
"
28478;293;13163;141;5701;"
,
}
,
{
"Type":
exec_file
,
"Filename":
./sql/benchmark/q2_bench/q2.1.sql
,
"times":
"
32445;312;"
,
}
,
{
"Type":
exec_file
,
"Filename":
./sql/benchmark/q2_bench/q2.2.sql
,
"times":
"
13340;150;"
,
}
,
{
"Type":
exec_file
,
"Filename":
./sql/benchmark/q2_bench/q2.3.sql
,
"times":
"
6049;"
,
}
,
{
"Type":
exec_file
,
"Filename":
./sql/benchmark/q3_bench/q3.sql
,
"times":
"
508066;151;56545;226;6943;7959;"
,
}
,
{
"Type":
exec_file
,
"Filename":
./sql/benchmark/q3_bench/q3.1.sql
,
"times":
"
514722;159;"
,
}
,
{
"Type":
exec_file
,
"Filename":
./sql/benchmark/q3_bench/q3.2.sql
,
"times":
"
56948;259;"
,
}
,
{
"Type":
exec_file
,
"Filename":
./sql/benchmark/q3_bench/q3.3.sql
,
"times":
"
6443;"
,
}
,
{
"Type":
exec_file
,
"Filename":
./sql/benchmark/q3_bench/q3.4.sql
,
"times":
"
8281;"
,
}
,
{
"Type":
exec_file
,
"Filename":
./sql/benchmark/q4_bench/q4.sql
,
"times":
"
528349;120;357634;142;102754;372;"
,
}
,
{
"Type":
exec_file
,
"Filename":
./sql/benchmark/q4_bench/q4.1.sql
,
"times":
"
542703;120;"
,
}
,
{
"Type":
exec_file
,
"Filename":
./sql/benchmark/q4_bench/q4.2.sql
,
"times":
"
368510;164;"
,
}
,
{
"Type":
exec_file
,
"Filename":
./sql/benchmark/q4_bench/q4.3.sql
,
"times":
"
103483;251;"
,
}
,
]
,
[
{
"Type":
exec_file
,
"Filename":
./sql/benchmark/q1_bench/q1.sql
,
"times":
"
206825;16897;4020;"
,
}
,
{
"Type":
exec_file
,
"Filename":
./sql/benchmark/q1_bench/q1.1.sql
,
"times":
"
205862;"
,
}
,
{
"Type":
exec_file
,
"Filename":
./sql/benchmark/q1_bench/q1.2.sql
,
"times":
"
16840;"
,
}
,
{
"Type":
exec_file
,
"Filename":
./sql/benchmark/q1_bench/q1.3.sql
,
"times":
"
4051;"
,
}
,
{
"Type":
exec_file
,
"Filename":
./sql/benchmark/q2_bench/q2.sql
,
"times":
"
28868;293;12027;160;5833;"
,
}
,
{
"Type":
exec_file
,
"Filename":
./sql/benchmark/q2_bench/q2.1.sql
,
"times":
"
27596;303;"
,
}
,
{
"Type":
exec_file
,
"Filename":
./sql/benchmark/q2_bench/q2.2.sql
,
"times":
"
12649;151;"
,
}
,
{
"Type":
exec_file
,
"Filename":
./sql/benchmark/q2_bench/q2.3.sql
,
"times":
"
5922;"
,
}
,
{
"Type":
exec_file
,
"Filename":
./sql/benchmark/q3_bench/q3.sql
,
"times":
"
510056;151;57164;223;6562;8111;"
,
}
,
{
"Type":
exec_file
,
"Filename":
./sql/benchmark/q3_bench/q3.1.sql
,
"times":
"
513168;155;"
,
}
,
{
"Type":
exec_file
,
"Filename":
./sql/benchmark/q3_bench/q3.2.sql
,
"times":
"
57323;236;"
,
}
,
{
"Type":
exec_file
,
"Filename":
./sql/benchmark/q3_bench/q3.3.sql
,
"times":
"
6857;"
,
}
,
{
"Type":
exec_file
,
"Filename":
./sql/benchmark/q3_bench/q3.4.sql
,
"times":
"
8457;"
,
}
,
{
"Type":
exec_file
,
"Filename":
./sql/benchmark/q4_bench/q4.sql
,
"times":
"
525106;123;356209;141;101230;226;"
,
}
,
{
"Type":
exec_file
,
"Filename":
./sql/benchmark/q4_bench/q4.1.sql
,
"times":
"
529429;130;"
,
}
,
{
"Type":
exec_file
,
"Filename":
./sql/benchmark/q4_bench/q4.2.sql
,
"times":
"
358254;143;"
,
}
,
{
"Type":
exec_file
,
"Filename":
./sql/benchmark/q4_bench/q4.3.sql
,
"times":
"
102002;238;"
,
}
,
]
,
[
{
"Type":
exec_file
,
"Filename":
./sql/benchmark/q1_bench/q1.sql
,
"times":
"
206633;16960;4073;"
,
}
,
{
"Type":
exec_file
,
"Filename":
./sql/benchmark/q1_bench/q1.1.sql
,
"times":
"
206136;"
,
}
,
{
"Type":
exec_file
,
"Filename":
./sql/benchmark/q1_bench/q1.2.sql
,
"times":
"
17050;"
,
}
,
{
"Type":
exec_file
,
"Filename":
./sql/benchmark/q1_bench/q1.3.sql
,
"times":
"
4032;"
,
}
,
{
"Type":
exec_file
,
"Filename":
./sql/benchmark/q2_bench/q2.sql
,
"times":
"
29429;294;11990;143;5588;"
,
}
,
{
"Type":
exec_file
,
"Filename":
./sql/benchmark/q2_bench/q2.1.sql
,
"times":
"
27351;311;"
,
}
,
{
"Type":
exec_file
,
"Filename":
./sql/benchmark/q2_bench/q2.2.sql
,
"times":
"
12219;145;"
,
}
,
{
"Type":
exec_file
,
"Filename":
./sql/benchmark/q2_bench/q2.3.sql
,
"times":
"
6207;"
,
}
,
{
"Type":
exec_file
,
"Filename":
./sql/benchmark/q3_bench/q3.sql
,
"times":
"
512003;155;56776;244;7071;8256;"
,
}
,
{
"Type":
exec_file
,
"Filename":
./sql/benchmark/q3_bench/q3.1.sql
,
"times":
"
510592;153;"
,
}
,
{
"Type":
exec_file
,
"Filename":
./sql/benchmark/q3_bench/q3.2.sql
,
"times":
"
57217;229;"
,
}
,
{
"Type":
exec_file
,
"Filename":
./sql/benchmark/q3_bench/q3.3.sql
,
"times":
"
6698;"
,
}
,
{
"Type":
exec_file
,
"Filename":
./sql/benchmark/q3_bench/q3.4.sql
,
"times":
"
8508;"
,
}
,
{
"Type":
exec_file
,
"Filename":
./sql/benchmark/q4_bench/q4.sql
,
"times":
"
526626;125;358132;141;102622;225;"
,
}
,
{
"Type":
exec_file
,
"Filename":
./sql/benchmark/q4_bench/q4.1.sql
,
"times":
"
524819;119;"
,
}
,
{
"Type":
exec_file
,
"Filename":
./sql/benchmark/q4_bench/q4.2.sql
,
"times":
"
355041;157;"
,
}
,
{
"Type":
exec_file
,
"Filename":
./sql/benchmark/q4_bench/q4.3.sql
,
"times":
"
100279;244;"
,
}
,
]
,
[
{
"Type":
exec_file
,
"Filename":
./sql/benchmark/q1_bench/q1.sql
,
"times":
"
204291;16770;4025;"
,
}
,
{
"Type":
exec_file
,
"Filename":
./sql/benchmark/q1_bench/q1.1.sql
,
"times":
"
204384;"
,
}
,
{
"Type":
exec_file
,
"Filename":
./sql/benchmark/q1_bench/q1.2.sql
,
"times":
"
17003;"
,
}
,
{
"Type":
exec_file
,
"Filename":
./sql/benchmark/q1_bench/q1.3.sql
,
"times":
"
4046;"
,
}
,
{
"Type":
exec_file
,
"Filename":
./sql/benchmark/q2_bench/q2.sql
,
"times":
"
31071;279;13077;149;5639;"
,
}
,
{
"Type":
exec_file
,
"Filename":
./sql/benchmark/q2_bench/q2.1.sql
,
"times":
"
27227;294;"
,
}
,
{
"Type":
exec_file
,
"Filename":
./sql/benchmark/q2_bench/q2.2.sql
,
"times":
"
12350;143;"
,
}
,
{
"Type":
exec_file
,
"Filename":
./sql/benchmark/q2_bench/q2.3.sql
,
"times":
"
6022;"
,
}
,
{
"Type":
exec_file
,
"Filename":
./sql/benchmark/q3_bench/q3.sql
,
"times":
"
511793;151;57423;228;6684;8218;"
,
}
,
{
"Type":
exec_file
,
"Filename":
./sql/benchmark/q3_bench/q3.1.sql
,
"times":
"
515503;159;"
,
}
,
{
"Type":
exec_file
,
"Filename":
./sql/benchmark/q3_bench/q3.2.sql
,
"times":
"
57083;233;"
,
}
,
{
"Type":
exec_file
,
"Filename":
./sql/benchmark/q3_bench/q3.3.sql
,
"times":
"
6803;"
,
}
,
{
"Type":
exec_file
,
"Filename":
./sql/benchmark/q3_bench/q3.4.sql
,
"times":
"
8232;"
,
}
,
{
"Type":
exec_file
,
"Filename":
./sql/benchmark/q4_bench/q4.sql
,
"times":
"
530846;124;358521;141;104049;225;"
,
}
,
{
"Type":
exec_file
,
"Filename":
./sql/benchmark/q4_bench/q4.1.sql
,
"times":
"
527114;130;"
,
}
,
{
"Type":
exec_file
,
"Filename":
./sql/benchmark/q4_bench/q4.2.sql
,
"times":
"
360288;140;"
,
}
,
{
"Type":
exec_file
,
"Filename":
./sql/benchmark/q4_bench/q4.3.sql
,
"times":
"
101578;232;"
,
}
,
]
,
[
{
"Type":
exec_file
,
"Filename":
./sql/benchmark/q1_bench/q1.sql
,
"times":
"
205074;16932;4013;"
,
}
,
{
"Type":
exec_file
,
"Filename":
./sql/benchmark/q1_bench/q1.1.sql
,
"times":
"
206596;"
,
}
,
{
"Type":
exec_file
,
"Filename":
./sql/benchmark/q1_bench/q1.2.sql
,
"times":
"
17198;"
,
}
,
{
"Type":
exec_file
,
"Filename":
./sql/benchmark/q1_bench/q1.3.sql
,
"times":
"
4036;"
,
}
,
{
"Type":
exec_file
,
"Filename":
./sql/benchmark/q2_bench/q2.sql
,
"times":
"
27272;307;11733;141;5695;"
,
}
,
{
"Type":
exec_file
,
"Filename":
./sql/benchmark/q2_bench/q2.1.sql
,
"times":
"
32534;289;"
,
}
,
{
"Type":
exec_file
,
"Filename":
./sql/benchmark/q2_bench/q2.2.sql
,
"times":
"
13271;146;"
,
}
,
{
"Type":
exec_file
,
"Filename":
./sql/benchmark/q2_bench/q2.3.sql
,
"times":
"
6022;"
,
}
,
{
"Type":
exec_file
,
"Filename":
./sql/benchmark/q3_bench/q3.sql
,
"times":
"
510938;157;56344;231;7254;8049;"
,
}
,
{
"Type":
exec_file
,
"Filename":
./sql/benchmark/q3_bench/q3.1.sql
,
"times":
"
507838;153;"
,
}
,
{
"Type":
exec_file
,
"Filename":
./sql/benchmark/q3_bench/q3.2.sql
,
"times":
"
56868;237;"
,
}
,
{
"Type":
exec_file
,
"Filename":
./sql/benchmark/q3_bench/q3.3.sql
,
"times":
"
5898;"
,
}
,
{
"Type":
exec_file
,
"Filename":
./sql/benchmark/q3_bench/q3.4.sql
,
"times":
"
8312;"
,
}
,
{
"Type":
exec_file
,
"Filename":
./sql/benchmark/q4_bench/q4.sql
,
"times":
"
529943;136;354594;139;101969;226;"
,
}
,
{
"Type":
exec_file
,
"Filename":
./sql/benchmark/q4_bench/q4.1.sql
,
"times":
"
529142;126;"
,
}
,
{
"Type":
exec_file
,
"Filename":
./sql/benchmark/q4_bench/q4.2.sql
,
"times":
"
356874;150;"
,
}
,
{
"Type":
exec_file
,
"Filename":
./sql/benchmark/q4_bench/q4.3.sql
,
"times":
"
101505;237;"
,
}
,
]
,
[
{
"Type":
exec_file
,
"Filename":
./sql/benchmark/q1_bench/q1.sql
,
"times":
"
208308;17054;4037;"
,
}
,
{
"Type":
exec_file
,
"Filename":
./sql/benchmark/q1_bench/q1.1.sql
,
"times":
"
204384;"
,
}
,
{
"Type":
exec_file
,
"Filename":
./sql/benchmark/q1_bench/q1.2.sql
,
"times":
"
16981;"
,
}
,
{
"Type":
exec_file
,
"Filename":
./sql/benchmark/q1_bench/q1.3.sql
,
"times":
"
4050;"
,
}
,
{
"Type":
exec_file
,
"Filename":
./sql/benchmark/q2_bench/q2.sql
,
"times":
"
32447;288;11800;157;5600;"
,
}
,
{
"Type":
exec_file
,
"Filename":
./sql/benchmark/q2_bench/q2.1.sql
,
"times":
"
32608;284;"
,
}
,
{
"Type":
exec_file
,
"Filename":
./sql/benchmark/q2_bench/q2.2.sql
,
"times":
"
15322;147;"
,
}
,
{
"Type":
exec_file
,
"Filename":
./sql/benchmark/q2_bench/q2.3.sql
,
"times":
"
6466;"
,
}
,
{
"Type":
exec_file
,
"Filename":
./sql/benchmark/q3_bench/q3.sql
,
"times":
"
510660;155;56716;239;6452;8076;"
,
}
,
{
"Type":
exec_file
,
"Filename":
./sql/benchmark/q3_bench/q3.1.sql
,
"times":
"
509968;154;"
,
}
,
{
"Type":
exec_file
,
"Filename":
./sql/benchmark/q3_bench/q3.2.sql
,
"times":
"
57197;228;"
,
}
,
{
"Type":
exec_file
,
"Filename":
./sql/benchmark/q3_bench/q3.3.sql
,
"times":
"
6319;"
,
}
,
{
"Type":
exec_file
,
"Filename":
./sql/benchmark/q3_bench/q3.4.sql
,
"times":
"
8285;"
,
}
,
{
"Type":
exec_file
,
"Filename":
./sql/benchmark/q4_bench/q4.sql
,
"times":
"
524607;121;361659;142;101324;225;"
,
}
,
{
"Type":
exec_file
,
"Filename":
./sql/benchmark/q4_bench/q4.1.sql
,
"times":
"
525261;121;"
,
}
,
{
"Type":
exec_file
,
"Filename":
./sql/benchmark/q4_bench/q4.2.sql
,
"times":
"
360273;144;"
,
}
,
{
"Type":
exec_file
,
"Filename":
./sql/benchmark/q4_bench/q4.3.sql
,
"times":
"
102147;250;"
,
}
,
]
,
[
{
"Type":
exec_file
,
"Filename":
./sql/benchmark/q1_bench/q1.sql
,
"times":
"
205286;16916;4043;"
,
}
,
{
"Type":
exec_file
,
"Filename":
./sql/benchmark/q1_bench/q1.1.sql
,
"times":
"
206756;"
,
}
,
{
"Type":
exec_file
,
"Filename":
./sql/benchmark/q1_bench/q1.2.sql
,
"times":
"
16901;"
,
}
,
{
"Type":
exec_file
,
"Filename":
./sql/benchmark/q1_bench/q1.3.sql
,
"times":
"
4098;"
,
}
,
{
"Type":
exec_file
,
"Filename":
./sql/benchmark/q2_bench/q2.sql
,
"times":
"
27918;288;12381;148;5425;"
,
}
,
{
"Type":
exec_file
,
"Filename":
./sql/benchmark/q2_bench/q2.1.sql
,
"times":
"
32376;303;"
,
}
,
{
"Type":
exec_file
,
"Filename":
./sql/benchmark/q2_bench/q2.2.sql
,
"times":
"
12493;144;"
,
}
,
{
"Type":
exec_file
,
"Filename":
./sql/benchmark/q2_bench/q2.3.sql
,
"times":
"
6092;"
,
}
,
{
"Type":
exec_file
,
"Filename":
./sql/benchmark/q3_bench/q3.sql
,
"times":
"
509287;163;57147;230;7017;8061;"
,
}
,
{
"Type":
exec_file
,
"Filename":
./sql/benchmark/q3_bench/q3.1.sql
,
"times":
"
510403;153;"
,
}
,
{
"Type":
exec_file
,
"Filename":
./sql/benchmark/q3_bench/q3.2.sql
,
"times":
"
57481;232;"
,
}
,
{
"Type":
exec_file
,
"Filename":
./sql/benchmark/q3_bench/q3.3.sql
,
"times":
"
6739;"
,
}
,
{
"Type":
exec_file
,
"Filename":
./sql/benchmark/q3_bench/q3.4.sql
,
"times":
"
8351;"
,
}
,
{
"Type":
exec_file
,
"Filename":
./sql/benchmark/q4_bench/q4.sql
,
"times":
"
524833;124;353779;141;101854;226;"
,
}
,
{
"Type":
exec_file
,
"Filename":
./sql/benchmark/q4_bench/q4.1.sql
,
"times":
"
526982;126;"
,
}
,
{
"Type":
exec_file
,
"Filename":
./sql/benchmark/q4_bench/q4.2.sql
,
"times":
"
357996;143;"
,
}
,
{
"Type":
exec_file
,
"Filename":
./sql/benchmark/q4_bench/q4.3.sql
,
"times":
"
102157;226;"
,
}
,
]
,
[
{
"Type":
exec_file
,
"Filename":
./sql/benchmark/q1_bench/q1.sql
,
"times":
"
204870;16911;4057;"
,
}
,
{
"Type":
exec_file
,
"Filename":
./sql/benchmark/q1_bench/q1.1.sql
,
"times":
"
204809;"
,
}
,
{
"Type":
exec_file
,
"Filename":
./sql/benchmark/q1_bench/q1.2.sql
,
"times":
"
17113;"
,
}
,
{
"Type":
exec_file
,
"Filename":
./sql/benchmark/q1_bench/q1.3.sql
,
"times":
"
4034;"
,
}
,
{
"Type":
exec_file
,
"Filename":
./sql/benchmark/q2_bench/q2.sql
,
"times":
"
34288;282;11946;140;5617;"
,
}
,
{
"Type":
exec_file
,
"Filename":
./sql/benchmark/q2_bench/q2.1.sql
,
"times":
"
26949;284;"
,
}
,
{
"Type":
exec_file
,
"Filename":
./sql/benchmark/q2_bench/q2.2.sql
,
"times":
"
12621;159;"
,
}
,
{
"Type":
exec_file
,
"Filename":
./sql/benchmark/q2_bench/q2.3.sql
,
"times":
"
5939;"
,
}
,
{
"Type":
exec_file
,
"Filename":
./sql/benchmark/q3_bench/q3.sql
,
"times":
"
507672;149;56522;224;6897;8240;"
,
}
,
{
"Type":
exec_file
,
"Filename":
./sql/benchmark/q3_bench/q3.1.sql
,
"times":
"
510323;150;"
,
}
,
{
"Type":
exec_file
,
"Filename":
./sql/benchmark/q3_bench/q3.2.sql
,
"times":
"
56693;266;"
,
}
,
{
"Type":
exec_file
,
"Filename":
./sql/benchmark/q3_bench/q3.3.sql
,
"times":
"
6279;"
,
}
,
{
"Type":
exec_file
,
"Filename":
./sql/benchmark/q3_bench/q3.4.sql
,
"times":
"
8386;"
,
}
,
{
"Type":
exec_file
,
"Filename":
./sql/benchmark/q4_bench/q4.sql
,
"times":
"
527693;129;355509;141;102130;216;"
,
}
,
{
"Type":
exec_file
,
"Filename":
./sql/benchmark/q4_bench/q4.1.sql
,
"times":
"
522546;125;"
,
}
,
{
"Type":
exec_file
,
"Filename":
./sql/benchmark/q4_bench/q4.2.sql
,
"times":
"
355484;142;"
,
}
,
{
"Type":
exec_file
,
"Filename":
./sql/benchmark/q4_bench/q4.3.sql
,
"times":
"
101374;220;"
,
}
,
]
,
[
{
"Type":
exec_file
,
"Filename":
./sql/benchmark/q1_bench/q1.sql
,
"times":
"
204686;17063;4044;"
,
}
,
{
"Type":
exec_file
,
"Filename":
./sql/benchmark/q1_bench/q1.1.sql
,
"times":
"
204860;"
,
}
,
{
"Type":
exec_file
,
"Filename":
./sql/benchmark/q1_bench/q1.2.sql
,
"times":
"
16932;"
,
}
,
{
"Type":
exec_file
,
"Filename":
./sql/benchmark/q1_bench/q1.3.sql
,
"times":
"
4050;"
,
}
,
{
"Type":
exec_file
,
"Filename":
./sql/benchmark/q2_bench/q2.sql
,
"times":
"
28302;293;12060;146;5626;"
,
}
,
{
"Type":
exec_file
,
"Filename":
./sql/benchmark/q2_bench/q2.1.sql
,
"times":
"
27515;287;"
,
}
,
{
"Type":
exec_file
,
"Filename":
./sql/benchmark/q2_bench/q2.2.sql
,
"times":
"
12217;156;"
,
}
,
{
"Type":
exec_file
,
"Filename":
./sql/benchmark/q2_bench/q2.3.sql
,
"times":
"
6059;"
,
}
,
{
"Type":
exec_file
,
"Filename":
./sql/benchmark/q3_bench/q3.sql
,
"times":
"
520747;171;56840;228;6827;8070;"
,
}
,
{
"Type":
exec_file
,
"Filename":
./sql/benchmark/q3_bench/q3.1.sql
,
"times":
"
508042;148;"
,
}
,
{
"Type":
exec_file
,
"Filename":
./sql/benchmark/q3_bench/q3.2.sql
,
"times":
"
58064;226;"
,
}
,
{
"Type":
exec_file
,
"Filename":
./sql/benchmark/q3_bench/q3.3.sql
,
"times":
"
6256;"
,
}
,
{
"Type":
exec_file
,
"Filename":
./sql/benchmark/q3_bench/q3.4.sql
,
"times":
"
8315;"
,
}
,
{
"Type":
exec_file
,
"Filename":
./sql/benchmark/q4_bench/q4.sql
,
"times":
"
528270;121;354700;137;102810;239;"
,
}
,
{
"Type":
exec_file
,
"Filename":
./sql/benchmark/q4_bench/q4.1.sql
,
"times":
"
529794;123;"
,
}
,
{
"Type":
exec_file
,
"Filename":
./sql/benchmark/q4_bench/q4.2.sql
,
"times":
"
354935;138;"
,
}
,
{
"Type":
exec_file
,
"Filename":
./sql/benchmark/q4_bench/q4.3.sql
,
"times":
"
102016;226;"
,
}
,
]
,
[
{
"Type":
exec_file
,
"Filename":
./sql/benchmark/q1_bench/q1.sql
,
"times":
"
203098;16935;4010;"
,
}
,
{
"Type":
exec_file
,
"Filename":
./sql/benchmark/q1_bench/q1.1.sql
,
"times":
"
205035;"
,
}
,
{
"Type":
exec_file
,
"Filename":
./sql/benchmark/q1_bench/q1.2.sql
,
"times":
"
16811;"
,
}
,
{
"Type":
exec_file
,
"Filename":
./sql/benchmark/q1_bench/q1.3.sql
,
"times":
"
4063;"
,
}
,
{
"Type":
exec_file
,
"Filename":
./sql/benchmark/q2_bench/q2.sql
,
"times":
"
28003;288;11903;164;5557;"
,
}
,
{
"Type":
exec_file
,
"Filename":
./sql/benchmark/q2_bench/q2.1.sql
,
"times":
"
26970;287;"
,
}
,
{
"Type":
exec_file
,
"Filename":
./sql/benchmark/q2_bench/q2.2.sql
,
"times":
"
12438;146;"
,
}
,
{
"Type":
exec_file
,
"Filename":
./sql/benchmark/q2_bench/q2.3.sql
,
"times":
"
5892;"
,
}
,
{
"Type":
exec_file
,
"Filename":
./sql/benchmark/q3_bench/q3.sql
,
"times":
"
518288;169;57149;229;6498;8054;"
,
}
,
{
"Type":
exec_file
,
"Filename":
./sql/benchmark/q3_bench/q3.1.sql
,
"times":
"
508770;152;"
,
}
,
{
"Type":
exec_file
,
"Filename":
./sql/benchmark/q3_bench/q3.2.sql
,
"times":
"
56882;225;"
,
}
,
{
"Type":
exec_file
,
"Filename":
./sql/benchmark/q3_bench/q3.3.sql
,
"times":
"
6465;"
,
}
,
{
"Type":
exec_file
,
"Filename":
./sql/benchmark/q3_bench/q3.4.sql
,
"times":
"
8290;"
,
}
,
{
"Type":
exec_file
,
"Filename":
./sql/benchmark/q4_bench/q4.sql
,
"times":
"
532917;121;419069;146;102277;235;"
,
}
,
{
"Type":
exec_file
,
"Filename":
./sql/benchmark/q4_bench/q4.1.sql
,
"times":
"
525692;126;"
,
}
,
{
"Type":
exec_file
,
"Filename":
./sql/benchmark/q4_bench/q4.2.sql
,
"times":
"
354536;157;"
,
}
,
{
"Type":
exec_file
,
"Filename":
./sql/benchmark/q4_bench/q4.3.sql
,
"times":
"
103295;218;"
,
}
,
]
,
[
{
"Type":
exec_file
,
"Filename":
./sql/benchmark/q1_bench/q1.sql
,
"times":
"
204526;16841;4007;"
,
}
,
{
"Type":
exec_file
,
"Filename":
./sql/benchmark/q1_bench/q1.1.sql
,
"times":
"
205359;"
,
}
,
{
"Type":
exec_file
,
"Filename":
./sql/benchmark/q1_bench/q1.2.sql
,
"times":
"
17018;"
,
}
,
{
"Type":
exec_file
,
"Filename":
./sql/benchmark/q1_bench/q1.3.sql
,
"times":
"
4098;"
,
}
,
{
"Type":
exec_file
,
"Filename":
./sql/benchmark/q2_bench/q2.sql
,
"times":
"
28437;290;12073;137;5519;"
,
}
,
{
"Type":
exec_file
,
"Filename":
./sql/benchmark/q2_bench/q2.1.sql
,
"times":
"
26850;285;"
,
}
,
{
"Type":
exec_file
,
"Filename":
./sql/benchmark/q2_bench/q2.2.sql
,
"times":
"
12312;145;"
,
}
,
{
"Type":
exec_file
,
"Filename":
./sql/benchmark/q2_bench/q2.3.sql
,
"times":
"
5993;"
,
}
,
{
"Type":
exec_file
,
"Filename":
./sql/benchmark/q3_bench/q3.sql
,
"times":
"
513324;156;57366;225;4846;8081;"
,
}
,
{
"Type":
exec_file
,
"Filename":
./sql/benchmark/q3_bench/q3.1.sql
,
"times":
"
508277;148;"
,
}
,
{
"Type":
exec_file
,
"Filename":
./sql/benchmark/q3_bench/q3.2.sql
,
"times":
"
57060;226;"
,
}
,
{
"Type":
exec_file
,
"Filename":
./sql/benchmark/q3_bench/q3.3.sql
,
"times":
"
6663;"
,
}
,
{
"Type":
exec_file
,
"Filename":
./sql/benchmark/q3_bench/q3.4.sql
,
"times":
"
8386;"
,
}
,
{
"Type":
exec_file
,
"Filename":
./sql/benchmark/q4_bench/q4.sql
,
"times":
"
525125;124;354028;139;102537;222;"
,
}
,
{
"Type":
exec_file
,
"Filename":
./sql/benchmark/q4_bench/q4.1.sql
,
"times":
"
526792;123;"
,
}
,
{
"Type":
exec_file
,
"Filename":
./sql/benchmark/q4_bench/q4.2.sql
,
"times":
"
354885;141;"
,
}
,
{
"Type":
exec_file
,
"Filename":
./sql/benchmark/q4_bench/q4.3.sql
,
"times":
"
102270;223;"
,
}
,
]
,
[
{
"Type":
exec_file
,
"Filename":
./sql/benchmark/q1_bench/q1.sql
,
"times":
"
206294;17396;4013;"
,
}
,
{
"Type":
exec_file
,
"Filename":
./sql/benchmark/q1_bench/q1.1.sql
,
"times":
"
203749;"
,
}
,
{
"Type":
exec_file
,
"Filename":
./sql/benchmark/q1_bench/q1.2.sql
,
"times":
"
16885;"
,
}
,
{
"Type":
exec_file
,
"Filename":
./sql/benchmark/q1_bench/q1.3.sql
,
"times":
"
4037;"
,
}
,
{
"Type":
exec_file
,
"Filename":
./sql/benchmark/q2_bench/q2.sql
,
"times":
"
28298;301;11926;128;5550;"
,
}
,
{
"Type":
exec_file
,
"Filename":
./sql/benchmark/q2_bench/q2.1.sql
,
"times":
"
33281;313;"
,
}
,
{
"Type":
exec_file
,
"Filename":
./sql/benchmark/q2_bench/q2.2.sql
,
"times":
"
12384;166;"
,
}
,
{
"Type":
exec_file
,
"Filename":
./sql/benchmark/q2_bench/q2.3.sql
,
"times":
"
5795;"
,
}
,
{
"Type":
exec_file
,
"Filename":
./sql/benchmark/q3_bench/q3.sql
,
"times":
"
509311;170;56337;242;4955;8141;"
,
}
,
{
"Type":
exec_file
,
"Filename":
./sql/benchmark/q3_bench/q3.1.sql
,
"times":
"
510175;166;"
,
}
,
{
"Type":
exec_file
,
"Filename":
./sql/benchmark/q3_bench/q3.2.sql
,
"times":
"
56531;244;"
,
}
,
{
"Type":
exec_file
,
"Filename":
./sql/benchmark/q3_bench/q3.3.sql
,
"times":
"
6792;"
,
}
,
{
"Type":
exec_file
,
"Filename":
./sql/benchmark/q3_bench/q3.4.sql
,
"times":
"
8377;"
,
}
,
{
"Type":
exec_file
,
"Filename":
./sql/benchmark/q4_bench/q4.sql
,
"times":
"
525292;121;356167;140;102229;229;"
,
}
,
{
"Type":
exec_file
,
"Filename":
./sql/benchmark/q4_bench/q4.1.sql
,
"times":
"
528446;136;"
,
}
,
{
"Type":
exec_file
,
"Filename":
./sql/benchmark/q4_bench/q4.2.sql
,
"times":
"
358277;151;"
,
}
,
{
"Type":
exec_file
,
"Filename":
./sql/benchmark/q4_bench/q4.3.sql
,
"times":
"
103002;230;"
,
}
,
]
,
[
{
"Type":
exec_file
,
"Filename":
./sql/benchmark/q1_bench/q1.sql
,
"times":
"
204655;16808;4011;"
,
}
,
{
"Type":
exec_file
,
"Filename":
./sql/benchmark/q1_bench/q1.1.sql
,
"times":
"
207132;"
,
}
,
{
"Type":
exec_file
,
"Filename":
./sql/benchmark/q1_bench/q1.2.sql
,
"times":
"
16995;"
,
}
,
{
"Type":
exec_file
,
"Filename":
./sql/benchmark/q1_bench/q1.3.sql
,
"times":
"
4087;"
,
}
,
{
"Type":
exec_file
,
"Filename":
./sql/benchmark/q2_bench/q2.sql
,
"times":
"
27466;293;11990;159;5634;"
,
}
,
{
"Type":
exec_file
,
"Filename":
./sql/benchmark/q2_bench/q2.1.sql
,
"times":
"
28148;312;"
,
}
,
{
"Type":
exec_file
,
"Filename":
./sql/benchmark/q2_bench/q2.2.sql
,
"times":
"
12296;145;"
,
}
,
{
"Type":
exec_file
,
"Filename":
./sql/benchmark/q2_bench/q2.3.sql
,
"times":
"
6069;"
,
}
,
{
"Type":
exec_file
,
"Filename":
./sql/benchmark/q3_bench/q3.sql
,
"times":
"
509651;146;56508;229;6953;7949;"
,
}
,
{
"Type":
exec_file
,
"Filename":
./sql/benchmark/q3_bench/q3.1.sql
,
"times":
"
508825;167;"
,
}
,
{
"Type":
exec_file
,
"Filename":
./sql/benchmark/q3_bench/q3.2.sql
,
"times":
"
56682;247;"
,
}
,
{
"Type":
exec_file
,
"Filename":
./sql/benchmark/q3_bench/q3.3.sql
,
"times":
"
6970;"
,
}
,
{
"Type":
exec_file
,
"Filename":
./sql/benchmark/q3_bench/q3.4.sql
,
"times":
"
8351;"
,
}
,
{
"Type":
exec_file
,
"Filename":
./sql/benchmark/q4_bench/q4.sql
,
"times":
"
526890;121;354050;140;101677;241;"
,
}
,
{
"Type":
exec_file
,
"Filename":
./sql/benchmark/q4_bench/q4.1.sql
,
"times":
"
525209;122;"
,
}
,
{
"Type":
exec_file
,
"Filename":
./sql/benchmark/q4_bench/q4.2.sql
,
"times":
"
357272;139;"
,
}
,
{
"Type":
exec_file
,
"Filename":
./sql/benchmark/q4_bench/q4.3.sql
,
"times":
"
102537;256;"
,
}
,
]
,
[
{
"Type":
exec_file
,
"Filename":
./sql/benchmark/q1_bench/q1.sql
,
"times":
"
207301;16971;4085;"
,
}
,
{
"Type":
exec_file
,
"Filename":
./sql/benchmark/q1_bench/q1.1.sql
,
"times":
"
203747;"
,
}
,
{
"Type":
exec_file
,
"Filename":
./sql/benchmark/q1_bench/q1.2.sql
,
"times":
"
16862;"
,
}
,
{
"Type":
exec_file
,
"Filename":
./sql/benchmark/q1_bench/q1.3.sql
,
"times":
"
4041;"
,
}
,
{
"Type":
exec_file
,
"Filename":
./sql/benchmark/q2_bench/q2.sql
,
"times":
"
33022;300;12137;141;5626;"
,
}
,
{
"Type":
exec_file
,
"Filename":
./sql/benchmark/q2_bench/q2.1.sql
,
"times":
"
32607;299;"
,
}
,
{
"Type":
exec_file
,
"Filename":
./sql/benchmark/q2_bench/q2.2.sql
,
"times":
"
12500;144;"
,
}
,
{
"Type":
exec_file
,
"Filename":
./sql/benchmark/q2_bench/q2.3.sql
,
"times":
"
6008;"
,
}
,
{
"Type":
exec_file
,
"Filename":
./sql/benchmark/q3_bench/q3.sql
,
"times":
"
507554;151;56471;229;6335;8088;"
,
}
,
{
"Type":
exec_file
,
"Filename":
./sql/benchmark/q3_bench/q3.1.sql
,
"times":
"
511990;154;"
,
}
,
{
"Type":
exec_file
,
"Filename":
./sql/benchmark/q3_bench/q3.2.sql
,
"times":
"
56457;221;"
,
}
,
{
"Type":
exec_file
,
"Filename":
./sql/benchmark/q3_bench/q3.3.sql
,
"times":
"
6460;"
,
}
,
{
"Type":
exec_file
,
"Filename":
./sql/benchmark/q3_bench/q3.4.sql
,
"times":
"
8344;"
,
}
,
{
"Type":
exec_file
,
"Filename":
./sql/benchmark/q4_bench/q4.sql
,
"times":
"
525335;125;355447;138;101952;239;"
,
}
,
{
"Type":
exec_file
,
"Filename":
./sql/benchmark/q4_bench/q4.1.sql
,
"times":
"
527451;137;"
,
}
,
{
"Type":
exec_file
,
"Filename":
./sql/benchmark/q4_bench/q4.2.sql
,
"times":
"
356097;140;"
,
}
,
{
"Type":
exec_file
,
"Filename":
./sql/benchmark/q4_bench/q4.3.sql
,
"times":
"
101541;231;"
,
}
,
]
,
[
{
"Type":
exec_file
,
"Filename":
./sql/benchmark/q1_bench/q1.sql
,
"times":
"
204872;16862;4018;"
,
}
,
{
"Type":
exec_file
,
"Filename":
./sql/benchmark/q1_bench/q1.1.sql
,
"times":
"
204299;"
,
}
,
{
"Type":
exec_file
,
"Filename":
./sql/benchmark/q1_bench/q1.2.sql
,
"times":
"
16705;"
,
}
,
{
"Type":
exec_file
,
"Filename":
./sql/benchmark/q1_bench/q1.3.sql
,
"times":
"
3836;"
,
}
,
{
"Type":
exec_file
,
"Filename":
./sql/benchmark/q2_bench/q2.sql
,
"times":
"
31626;323;13592;154;6778;"
,
}
,
{
"Type":
exec_file
,
"Filename":
./sql/benchmark/q2_bench/q2.1.sql
,
"times":
"
32723;310;"
,
}
,
{
"Type":
exec_file
,
"Filename":
./sql/benchmark/q2_bench/q2.2.sql
,
"times":
"
12602;149;"
,
}
,
{
"Type":
exec_file
,
"Filename":
./sql/benchmark/q2_bench/q2.3.sql
,
"times":
"
5776;"
,
}
,
{
"Type":
exec_file
,
"Filename":
./sql/benchmark/q3_bench/q3.sql
,
"times":
"
510826;169;58589;238;6666;8537;"
,
}
,
{
"Type":
exec_file
,
"Filename":
./sql/benchmark/q3_bench/q3.1.sql
,
"times":
"
517854;192;"
,
}
,
{
"Type":
exec_file
,
"Filename":
./sql/benchmark/q3_bench/q3.2.sql
,
"times":
"
57328;237;"
,
}
,
{
"Type":
exec_file
,
"Filename":
./sql/benchmark/q3_bench/q3.3.sql
,
"times":
"
7575;"
,
}
,
{
"Type":
exec_file
,
"Filename":
./sql/benchmark/q3_bench/q3.4.sql
,
"times":
"
8425;"
,
}
,
{
"Type":
exec_file
,
"Filename":
./sql/benchmark/q4_bench/q4.sql
,
"times":
"
527821;123;354033;143;100701;216;"
,
}
,
{
"Type":
exec_file
,
"Filename":
./sql/benchmark/q4_bench/q4.1.sql
,
"times":
"
526332;122;"
,
}
,
{
"Type":
exec_file
,
"Filename":
./sql/benchmark/q4_bench/q4.2.sql
,
"times":
"
357312;145;"
,
}
,
{
"Type":
exec_file
,
"Filename":
./sql/benchmark/q4_bench/q4.3.sql
,
"times":
"
101127;226;"
,
}
,
]
,
[
{
"Type":
exec_file
,
"Filename":
./sql/benchmark/q1_bench/q1.sql
,
"times":
"
204612;16959;4100;"
,
}
,
{
"Type":
exec_file
,
"Filename":
./sql/benchmark/q1_bench/q1.1.sql
,
"times":
"
204748;"
,
}
,
{
"Type":
exec_file
,
"Filename":
./sql/benchmark/q1_bench/q1.2.sql
,
"times":
"
16886;"
,
}
,
{
"Type":
exec_file
,
"Filename":
./sql/benchmark/q1_bench/q1.3.sql
,
"times":
"
4105;"
,
}
,
{
"Type":
exec_file
,
"Filename":
./sql/benchmark/q2_bench/q2.sql
,
"times":
"
30598;287;12125;154;5695;"
,
}
,
{
"Type":
exec_file
,
"Filename":
./sql/benchmark/q2_bench/q2.1.sql
,
"times":
"
29545;304;"
,
}
,
{
"Type":
exec_file
,
"Filename":
./sql/benchmark/q2_bench/q2.2.sql
,
"times":
"
12817;149;"
,
}
,
{
"Type":
exec_file
,
"Filename":
./sql/benchmark/q2_bench/q2.3.sql
,
"times":
"
6129;"
,
}
,
{
"Type":
exec_file
,
"Filename":
./sql/benchmark/q3_bench/q3.sql
,
"times":
"
511813;152;56425;226;6733;8050;"
,
}
,
{
"Type":
exec_file
,
"Filename":
./sql/benchmark/q3_bench/q3.1.sql
,
"times":
"
510687;151;"
,
}
,
{
"Type":
exec_file
,
"Filename":
./sql/benchmark/q3_bench/q3.2.sql
,
"times":
"
57201;245;"
,
}
,
{
"Type":
exec_file
,
"Filename":
./sql/benchmark/q3_bench/q3.3.sql
,
"times":
"
6731;"
,
}
,
{
"Type":
exec_file
,
"Filename":
./sql/benchmark/q3_bench/q3.4.sql
,
"times":
"
8373;"
,
}
,
{
"Type":
exec_file
,
"Filename":
./sql/benchmark/q4_bench/q4.sql
,
"times":
"
523768;129;354188;139;103571;225;"
,
}
,
{
"Type":
exec_file
,
"Filename":
./sql/benchmark/q4_bench/q4.1.sql
,
"times":
"
524788;124;"
,
}
,
{
"Type":
exec_file
,
"Filename":
./sql/benchmark/q4_bench/q4.2.sql
,
"times":
"
362336;160;"
,
}
,
{
"Type":
exec_file
,
"Filename":
./sql/benchmark/q4_bench/q4.3.sql
,
"times":
"
102411;250;"
,
}
,
]
,
[
{
"Type":
exec_file
,
"Filename":
./sql/benchmark/q1_bench/q1.sql
,
"times":
"
209131;17007;4053;"
,
}
,
{
"Type":
exec_file
,
"Filename":
./sql/benchmark/q1_bench/q1.1.sql
,
"times":
"
204255;"
,
}
,
{
"Type":
exec_file
,
"Filename":
./sql/benchmark/q1_bench/q1.2.sql
,
"times":
"
16940;"
,
}
,
{
"Type":
exec_file
,
"Filename":
./sql/benchmark/q1_bench/q1.3.sql
,
"times":
"
4067;"
,
}
,
{
"Type":
exec_file
,
"Filename":
./sql/benchmark/q2_bench/q2.sql
,
"times":
"
29316;289;12714;146;5602;"
,
}
,
{
"Type":
exec_file
,
"Filename":
./sql/benchmark/q2_bench/q2.1.sql
,
"times":
"
29046;297;"
,
}
,
{
"Type":
exec_file
,
"Filename":
./sql/benchmark/q2_bench/q2.2.sql
,
"times":
"
12189;141;"
,
}
,
{
"Type":
exec_file
,
"Filename":
./sql/benchmark/q2_bench/q2.3.sql
,
"times":
"
6000;"
,
}
,
{
"Type":
exec_file
,
"Filename":
./sql/benchmark/q3_bench/q3.sql
,
"times":
"
512260;147;55794;220;6940;7838;"
,
}
,
{
"Type":
exec_file
,
"Filename":
./sql/benchmark/q3_bench/q3.1.sql
,
"times":
"
521528;170;"
,
}
,
{
"Type":
exec_file
,
"Filename":
./sql/benchmark/q3_bench/q3.2.sql
,
"times":
"
57189;242;"
,
}
,
{
"Type":
exec_file
,
"Filename":
./sql/benchmark/q3_bench/q3.3.sql
,
"times":
"
6681;"
,
}
,
{
"Type":
exec_file
,
"Filename":
./sql/benchmark/q3_bench/q3.4.sql
,
"times":
"
8353;"
,
}
,
{
"Type":
exec_file
,
"Filename":
./sql/benchmark/q4_bench/q4.sql
,
"times":
"
523218;126;354298;155;101243;224;"
,
}
,
{
"Type":
exec_file
,
"Filename":
./sql/benchmark/q4_bench/q4.1.sql
,
"times":
"
525931;124;"
,
}
,
{
"Type":
exec_file
,
"Filename":
./sql/benchmark/q4_bench/q4.2.sql
,
"times":
"
354568;149;"
,
}
,
{
"Type":
exec_file
,
"Filename":
./sql/benchmark/q4_bench/q4.3.sql
,
"times":
"
102990;240;"
,
}
,
]
,
[
{
"Type":
exec_file
,
"Filename":
./sql/benchmark/q1_bench/q1.sql
,
"times":
"
204884;16899;4001;"
,
}
,
{
"Type":
exec_file
,
"Filename":
./sql/benchmark/q1_bench/q1.1.sql
,
"times":
"
205621;"
,
}
,
{
"Type":
exec_file
,
"Filename":
./sql/benchmark/q1_bench/q1.2.sql
,
"times":
"
17084;"
,
}
,
{
"Type":
exec_file
,
"Filename":
./sql/benchmark/q1_bench/q1.3.sql
,
"times":
"
4054;"
,
}
,
{
"Type":
exec_file
,
"Filename":
./sql/benchmark/q2_bench/q2.sql
,
"times":
"
32525;296;12290;143;5387;"
,
}
,
{
"Type":
exec_file
,
"Filename":
./sql/benchmark/q2_bench/q2.1.sql
,
"times":
"
28188;295;"
,
}
,
{
"Type":
exec_file
,
"Filename":
./sql/benchmark/q2_bench/q2.2.sql
,
"times":
"
12304;172;"
,
}
,
{
"Type":
exec_file
,
"Filename":
./sql/benchmark/q2_bench/q2.3.sql
,
"times":
"
5865;"
,
}
,
{
"Type":
exec_file
,
"Filename":
./sql/benchmark/q3_bench/q3.sql
,
"times":
"
510418;152;56678;228;6943;8111;"
,
}
,
{
"Type":
exec_file
,
"Filename":
./sql/benchmark/q3_bench/q3.1.sql
,
"times":
"
513678;146;"
,
}
,
{
"Type":
exec_file
,
"Filename":
./sql/benchmark/q3_bench/q3.2.sql
,
"times":
"
56510;219;"
,
}
,
{
"Type":
exec_file
,
"Filename":
./sql/benchmark/q3_bench/q3.3.sql
,
"times":
"
6516;"
,
}
,
{
"Type":
exec_file
,
"Filename":
./sql/benchmark/q3_bench/q3.4.sql
,
"times":
"
8445;"
,
}
,
{
"Type":
exec_file
,
"Filename":
./sql/benchmark/q4_bench/q4.sql
,
"times":
"
525403;115;353984;135;101543;217;"
,
}
,
{
"Type":
exec_file
,
"Filename":
./sql/benchmark/q4_bench/q4.1.sql
,
"times":
"
527416;121;"
,
}
,
{
"Type":
exec_file
,
"Filename":
./sql/benchmark/q4_bench/q4.2.sql
,
"times":
"
353524;145;"
,
}
,
{
"Type":
exec_file
,
"Filename":
./sql/benchmark/q4_bench/q4.3.sql
,
"times":
"
102560;225;"
,
}
,
]
,
[
{
"Type":
exec_file
,
"Filename":
./sql/benchmark/q1_bench/q1.sql
,
"times":
"
203766;16855;4034;"
,
}
,
{
"Type":
exec_file
,
"Filename":
./sql/benchmark/q1_bench/q1.1.sql
,
"times":
"
205431;"
,
}
,
{
"Type":
exec_file
,
"Filename":
./sql/benchmark/q1_bench/q1.2.sql
,
"times":
"
17020;"
,
}
,
{
"Type":
exec_file
,
"Filename":
./sql/benchmark/q1_bench/q1.3.sql
,
"times":
"
4075;"
,
}
,
{
"Type":
exec_file
,
"Filename":
./sql/benchmark/q2_bench/q2.sql
,
"times":
"
28005;306;12021;140;5616;"
,
}
,
{
"Type":
exec_file
,
"Filename":
./sql/benchmark/q2_bench/q2.1.sql
,
"times":
"
32162;289;"
,
}
,
{
"Type":
exec_file
,
"Filename":
./sql/benchmark/q2_bench/q2.2.sql
,
"times":
"
12457;144;"
,
}
,
{
"Type":
exec_file
,
"Filename":
./sql/benchmark/q2_bench/q2.3.sql
,
"times":
"
5934;"
,
}
,
{
"Type":
exec_file
,
"Filename":
./sql/benchmark/q3_bench/q3.sql
,
"times":
"
510783;155;56784;230;6902;8130;"
,
}
,
{
"Type":
exec_file
,
"Filename":
./sql/benchmark/q3_bench/q3.1.sql
,
"times":
"
510806;173;"
,
}
,
{
"Type":
exec_file
,
"Filename":
./sql/benchmark/q3_bench/q3.2.sql
,
"times":
"
56813;230;"
,
}
,
{
"Type":
exec_file
,
"Filename":
./sql/benchmark/q3_bench/q3.3.sql
,
"times":
"
6750;"
,
}
,
{
"Type":
exec_file
,
"Filename":
./sql/benchmark/q3_bench/q3.4.sql
,
"times":
"
8392;"
,
}
,
{
"Type":
exec_file
,
"Filename":
./sql/benchmark/q4_bench/q4.sql
,
"times":
"
529719;124;357884;147;102231;233;"
,
}
,
{
"Type":
exec_file
,
"Filename":
./sql/benchmark/q4_bench/q4.1.sql
,
"times":
"
526001;123;"
,
}
,
{
"Type":
exec_file
,
"Filename":
./sql/benchmark/q4_bench/q4.2.sql
,
"times":
"
354525;142;"
,
}
,
{
"Type":
exec_file
,
"Filename":
./sql/benchmark/q4_bench/q4.3.sql
,
"times":
"
102507;225;"
,
}
,
]
,
[
{
"Type":
exec_file
,
"Filename":
./sql/benchmark/q1_bench/q1.sql
,
"times":
"
203621;16840;4021;"
,
}
,
{
"Type":
exec_file
,
"Filename":
./sql/benchmark/q1_bench/q1.1.sql
,
"times":
"
205434;"
,
}
,
{
"Type":
exec_file
,
"Filename":
./sql/benchmark/q1_bench/q1.2.sql
,
"times":
"
17027;"
,
}
,
{
"Type":
exec_file
,
"Filename":
./sql/benchmark/q1_bench/q1.3.sql
,
"times":
"
4070;"
,
}
,
{
"Type":
exec_file
,
"Filename":
./sql/benchmark/q2_bench/q2.sql
,
"times":
"
35561;288;12966;142;6948;"
,
}
,
{
"Type":
exec_file
,
"Filename":
./sql/benchmark/q2_bench/q2.1.sql
,
"times":
"
38447;361;"
,
}
,
{
"Type":
exec_file
,
"Filename":
./sql/benchmark/q2_bench/q2.2.sql
,
"times":
"
13528;135;"
,
}
,
{
"Type":
exec_file
,
"Filename":
./sql/benchmark/q2_bench/q2.3.sql
,
"times":
"
6029;"
,
}
,
{
"Type":
exec_file
,
"Filename":
./sql/benchmark/q3_bench/q3.sql
,
"times":
"
507932;153;56360;220;6460;7946;"
,
}
,
{
"Type":
exec_file
,
"Filename":
./sql/benchmark/q3_bench/q3.1.sql
,
"times":
"
509815;155;"
,
}
,
{
"Type":
exec_file
,
"Filename":
./sql/benchmark/q3_bench/q3.2.sql
,
"times":
"
56430;238;"
,
}
,
{
"Type":
exec_file
,
"Filename":
./sql/benchmark/q3_bench/q3.3.sql
,
"times":
"
6707;"
,
}
,
{
"Type":
exec_file
,
"Filename":
./sql/benchmark/q3_bench/q3.4.sql
,
"times":
"
8324;"
,
}
,
{
"Type":
exec_file
,
"Filename":
./sql/benchmark/q4_bench/q4.sql
,
"times":
"
528098;119;359484;140;104017;226;"
,
}
,
{
"Type":
exec_file
,
"Filename":
./sql/benchmark/q4_bench/q4.1.sql
,
"times":
"
525355;134;"
,
}
,
{
"Type":
exec_file
,
"Filename":
./sql/benchmark/q4_bench/q4.2.sql
,
"times":
"
363033;145;"
,
}
,
{
"Type":
exec_file
,
"Filename":
./sql/benchmark/q4_bench/q4.3.sql
,
"times":
"
102147;220;"
,
}
,
]
,
[
{
"Type":
exec_file
,
"Filename":
./sql/benchmark/q1_bench/q1.sql
,
"times":
"
204030;16859;4035;"
,
}
,
{
"Type":
exec_file
,
"Filename":
./sql/benchmark/q1_bench/q1.1.sql
,
"times":
"
205672;"
,
}
,
{
"Type":
exec_file
,
"Filename":
./sql/benchmark/q1_bench/q1.2.sql
,
"times":
"
17006;"
,
}
,
{
"Type":
exec_file
,
"Filename":
./sql/benchmark/q1_bench/q1.3.sql
,
"times":
"
4081;"
,
}
,
{
"Type":
exec_file
,
"Filename":
./sql/benchmark/q2_bench/q2.sql
,
"times":
"
28767;295;11868;147;5526;"
,
}
,
{
"Type":
exec_file
,
"Filename":
./sql/benchmark/q2_bench/q2.1.sql
,
"times":
"
27720;292;"
,
}
,
{
"Type":
exec_file
,
"Filename":
./sql/benchmark/q2_bench/q2.2.sql
,
"times":
"
12173;149;"
,
}
,
{
"Type":
exec_file
,
"Filename":
./sql/benchmark/q2_bench/q2.3.sql
,
"times":
"
5960;"
,
}
,
{
"Type":
exec_file
,
"Filename":
./sql/benchmark/q3_bench/q3.sql
,
"times":
"
509940;149;57004;234;6814;8141;"
,
}
,
{
"Type":
exec_file
,
"Filename":
./sql/benchmark/q3_bench/q3.1.sql
,
"times":
"
510827;154;"
,
}
,
{
"Type":
exec_file
,
"Filename":
./sql/benchmark/q3_bench/q3.2.sql
,
"times":
"
56411;230;"
,
}
,
{
"Type":
exec_file
,
"Filename":
./sql/benchmark/q3_bench/q3.3.sql
,
"times":
"
6442;"
,
}
,
{
"Type":
exec_file
,
"Filename":
./sql/benchmark/q3_bench/q3.4.sql
,
"times":
"
8350;"
,
}
,
{
"Type":
exec_file
,
"Filename":
./sql/benchmark/q4_bench/q4.sql
,
"times":
"
530124;116;360165;136;101172;220;"
,
}
,
{
"Type":
exec_file
,
"Filename":
./sql/benchmark/q4_bench/q4.1.sql
,
"times":
"
527446;123;"
,
}
,
{
"Type":
exec_file
,
"Filename":
./sql/benchmark/q4_bench/q4.2.sql
,
"times":
"
353656;150;"
,
}
,
{
"Type":
exec_file
,
"Filename":
./sql/benchmark/q4_bench/q4.3.sql
,
"times":
"
101425;225;"
,
}
,
]
,
[
{
"Type":
exec_file
,
"Filename":
./sql/benchmark/q1_bench/q1.sql
,
"times":
"
203079;16879;4021;"
,
}
,
{
"Type":
exec_file
,
"Filename":
./sql/benchmark/q1_bench/q1.1.sql
,
"times":
"
204868;"
,
}
,
{
"Type":
exec_file
,
"Filename":
./sql/benchmark/q1_bench/q1.2.sql
,
"times":
"
16965;"
,
}
,
{
"Type":
exec_file
,
"Filename":
./sql/benchmark/q1_bench/q1.3.sql
,
"times":
"
4054;"
,
}
,
{
"Type":
exec_file
,
"Filename":
./sql/benchmark/q2_bench/q2.sql
,
"times":
"
33434;301;12056;149;5635;"
,
}
,
{
"Type":
exec_file
,
"Filename":
./sql/benchmark/q2_bench/q2.1.sql
,
"times":
"
27078;290;"
,
}
,
{
"Type":
exec_file
,
"Filename":
./sql/benchmark/q2_bench/q2.2.sql
,
"times":
"
12483;142;"
,
}
,
{
"Type":
exec_file
,
"Filename":
./sql/benchmark/q2_bench/q2.3.sql
,
"times":
"
5635;"
,
}
,
{
"Type":
exec_file
,
"Filename":
./sql/benchmark/q3_bench/q3.sql
,
"times":
"
506440;154;56344;238;6825;8156;"
,
}
,
{
"Type":
exec_file
,
"Filename":
./sql/benchmark/q3_bench/q3.1.sql
,
"times":
"
508162;154;"
,
}
,
{
"Type":
exec_file
,
"Filename":
./sql/benchmark/q3_bench/q3.2.sql
,
"times":
"
56302;233;"
,
}
,
{
"Type":
exec_file
,
"Filename":
./sql/benchmark/q3_bench/q3.3.sql
,
"times":
"
6381;"
,
}
,
{
"Type":
exec_file
,
"Filename":
./sql/benchmark/q3_bench/q3.4.sql
,
"times":
"
8322;"
,
}
,
{
"Type":
exec_file
,
"Filename":
./sql/benchmark/q4_bench/q4.sql
,
"times":
"
533254;116;352555;140;101567;241;"
,
}
,
{
"Type":
exec_file
,
"Filename":
./sql/benchmark/q4_bench/q4.1.sql
,
"times":
"
525729;124;"
,
}
,
{
"Type":
exec_file
,
"Filename":
./sql/benchmark/q4_bench/q4.2.sql
,
"times":
"
357592;136;"
,
}
,
{
"Type":
exec_file
,
"Filename":
./sql/benchmark/q4_bench/q4.3.sql
,
"times":
"
102866;228;"
,
}
,
]
,
[
{
"Type":
exec_file
,
"Filename":
./sql/benchmark/q1_bench/q1.sql
,
"times":
"
203320;16872;4030;"
,
}
,
{
"Type":
exec_file
,
"Filename":
./sql/benchmark/q1_bench/q1.1.sql
,
"times":
"
203912;"
,
}
,
{
"Type":
exec_file
,
"Filename":
./sql/benchmark/q1_bench/q1.2.sql
,
"times":
"
16936;"
,
}
,
{
"Type":
exec_file
,
"Filename":
./sql/benchmark/q1_bench/q1.3.sql
,
"times":
"
4060;"
,
}
,
{
"Type":
exec_file
,
"Filename":
./sql/benchmark/q2_bench/q2.sql
,
"times":
"
27914;283;12363;139;5696;"
,
}
,
{
"Type":
exec_file
,
"Filename":
./sql/benchmark/q2_bench/q2.1.sql
,
"times":
"
26517;295;"
,
}
,
{
"Type":
exec_file
,
"Filename":
./sql/benchmark/q2_bench/q2.2.sql
,
"times":
"
12344;147;"
,
}
,
{
"Type":
exec_file
,
"Filename":
./sql/benchmark/q2_bench/q2.3.sql
,
"times":
"
5910;"
,
}
,
{
"Type":
exec_file
,
"Filename":
./sql/benchmark/q3_bench/q3.sql
,
"times":
"
510787;150;58002;242;6897;8182;"
,
}
,
{
"Type":
exec_file
,
"Filename":
./sql/benchmark/q3_bench/q3.1.sql
,
"times":
"
510780;147;"
,
}
,
{
"Type":
exec_file
,
"Filename":
./sql/benchmark/q3_bench/q3.2.sql
,
"times":
"
56574;245;"
,
}
,
{
"Type":
exec_file
,
"Filename":
./sql/benchmark/q3_bench/q3.3.sql
,
"times":
"
6713;"
,
}
,
{
"Type":
exec_file
,
"Filename":
./sql/benchmark/q3_bench/q3.4.sql
,
"times":
"
8304;"
,
}
,
{
"Type":
exec_file
,
"Filename":
./sql/benchmark/q4_bench/q4.sql
,
"times":
"
526311;125;359203;141;101999;222;"
,
}
,
{
"Type":
exec_file
,
"Filename":
./sql/benchmark/q4_bench/q4.1.sql
,
"times":
"
524077;126;"
,
}
,
{
"Type":
exec_file
,
"Filename":
./sql/benchmark/q4_bench/q4.2.sql
,
"times":
"
354136;154;"
,
}
,
{
"Type":
exec_file
,
"Filename":
./sql/benchmark/q4_bench/q4.3.sql
,
"times":
"
114545;388;"
,
}
,
]
,
[
{
"Type":
exec_file
,
"Filename":
./sql/benchmark/q1_bench/q1.sql
,
"times":
"
240412;16921;3998;"
,
}
,
{
"Type":
exec_file
,
"Filename":
./sql/benchmark/q1_bench/q1.1.sql
,
"times":
"
205637;"
,
}
,
{
"Type":
exec_file
,
"Filename":
./sql/benchmark/q1_bench/q1.2.sql
,
"times":
"
16853;"
,
}
,
{
"Type":
exec_file
,
"Filename":
./sql/benchmark/q1_bench/q1.3.sql
,
"times":
"
4071;"
,
}
,
{
"Type":
exec_file
,
"Filename":
./sql/benchmark/q2_bench/q2.sql
,
"times":
"
32384;312;11806;145;5618;"
,
}
,
{
"Type":
exec_file
,
"Filename":
./sql/benchmark/q2_bench/q2.1.sql
,
"times":
"
30785;301;"
,
}
,
{
"Type":
exec_file
,
"Filename":
./sql/benchmark/q2_bench/q2.2.sql
,
"times":
"
12157;140;"
,
}
,
{
"Type":
exec_file
,
"Filename":
./sql/benchmark/q2_bench/q2.3.sql
,
"times":
"
6064;"
,
}
,
{
"Type":
exec_file
,
"Filename":
./sql/benchmark/q3_bench/q3.sql
,
"times":
"
510197;154;56422;225;6486;8123;"
,
}
,
{
"Type":
exec_file
,
"Filename":
./sql/benchmark/q3_bench/q3.1.sql
,
"times":
"
511709;153;"
,
}
,
{
"Type":
exec_file
,
"Filename":
./sql/benchmark/q3_bench/q3.2.sql
,
"times":
"
57250;237;"
,
}
,
{
"Type":
exec_file
,
"Filename":
./sql/benchmark/q3_bench/q3.3.sql
,
"times":
"
6673;"
,
}
,
{
"Type":
exec_file
,
"Filename":
./sql/benchmark/q3_bench/q3.4.sql
,
"times":
"
8399;"
,
}
,
{
"Type":
exec_file
,
"Filename":
./sql/benchmark/q4_bench/q4.sql
,
"times":
"
526630;120;353615;143;102153;214;"
,
}
,
{
"Type":
exec_file
,
"Filename":
./sql/benchmark/q4_bench/q4.1.sql
,
"times":
"
530047;121;"
,
}
,
{
"Type":
exec_file
,
"Filename":
./sql/benchmark/q4_bench/q4.2.sql
,
"times":
"
353151;136;"
,
}
,
{
"Type":
exec_file
,
"Filename":
./sql/benchmark/q4_bench/q4.3.sql
,
"times":
"
101812;228;"
,
}
,
]
,
[
{
"Type":
exec_file
,
"Filename":
./sql/benchmark/q1_bench/q1.sql
,
"times":
"
204962;17062;4061;"
,
}
,
{
"Type":
exec_file
,
"Filename":
./sql/benchmark/q1_bench/q1.1.sql
,
"times":
"
205013;"
,
}
,
{
"Type":
exec_file
,
"Filename":
./sql/benchmark/q1_bench/q1.2.sql
,
"times":
"
16988;"
,
}
,
{
"Type":
exec_file
,
"Filename":
./sql/benchmark/q1_bench/q1.3.sql
,
"times":
"
4067;"
,
}
,
{
"Type":
exec_file
,
"Filename":
./sql/benchmark/q2_bench/q2.sql
,
"times":
"
34221;311;12244;139;5731;"
,
}
,
{
"Type":
exec_file
,
"Filename":
./sql/benchmark/q2_bench/q2.1.sql
,
"times":
"
26855;293;"
,
}
,
{
"Type":
exec_file
,
"Filename":
./sql/benchmark/q2_bench/q2.2.sql
,
"times":
"
12478;149;"
,
}
,
{
"Type":
exec_file
,
"Filename":
./sql/benchmark/q2_bench/q2.3.sql
,
"times":
"
6038;"
,
}
,
{
"Type":
exec_file
,
"Filename":
./sql/benchmark/q3_bench/q3.sql
,
"times":
"
508039;150;56708;217;6654;8074;"
,
}
,
{
"Type":
exec_file
,
"Filename":
./sql/benchmark/q3_bench/q3.1.sql
,
"times":
"
512261;151;"
,
}
,
{
"Type":
exec_file
,
"Filename":
./sql/benchmark/q3_bench/q3.2.sql
,
"times":
"
56595;232;"
,
}
,
{
"Type":
exec_file
,
"Filename":
./sql/benchmark/q3_bench/q3.3.sql
,
"times":
"
6507;"
,
}
,
{
"Type":
exec_file
,
"Filename":
./sql/benchmark/q3_bench/q3.4.sql
,
"times":
"
8276;"
,
}
,
{
"Type":
exec_file
,
"Filename":
./sql/benchmark/q4_bench/q4.sql
,
"times":
"
526346;140;357972;139;102392;221;"
,
}
,
{
"Type":
exec_file
,
"Filename":
./sql/benchmark/q4_bench/q4.1.sql
,
"times":
"
526074;121;"
,
}
,
{
"Type":
exec_file
,
"Filename":
./sql/benchmark/q4_bench/q4.2.sql
,
"times":
"
356561;135;"
,
}
,
{
"Type":
exec_file
,
"Filename":
./sql/benchmark/q4_bench/q4.3.sql
,
"times":
"
100933;236;"
,
}
,
]
,
[
{
"Type":
exec_file
,
"Filename":
./sql/benchmark/q1_bench/q1.sql
,
"times":
"
205893;16918;4042;"
,
}
,
{
"Type":
exec_file
,
"Filename":
./sql/benchmark/q1_bench/q1.1.sql
,
"times":
"
210009;"
,
}
,
{
"Type":
exec_file
,
"Filename":
./sql/benchmark/q1_bench/q1.2.sql
,
"times":
"
17161;"
,
}
,
{
"Type":
exec_file
,
"Filename":
./sql/benchmark/q1_bench/q1.3.sql
,
"times":
"
4045;"
,
}
,
{
"Type":
exec_file
,
"Filename":
./sql/benchmark/q2_bench/q2.sql
,
"times":
"
27884;307;12357;147;5829;"
,
}
,
{
"Type":
exec_file
,
"Filename":
./sql/benchmark/q2_bench/q2.1.sql
,
"times":
"
27070;308;"
,
}
,
{
"Type":
exec_file
,
"Filename":
./sql/benchmark/q2_bench/q2.2.sql
,
"times":
"
15403;170;"
,
}
,
{
"Type":
exec_file
,
"Filename":
./sql/benchmark/q2_bench/q2.3.sql
,
"times":
"
6191;"
,
}
,
{
"Type":
exec_file
,
"Filename":
./sql/benchmark/q3_bench/q3.sql
,
"times":
"
511941;156;58494;237;6949;7973;"
,
}
,
{
"Type":
exec_file
,
"Filename":
./sql/benchmark/q3_bench/q3.1.sql
,
"times":
"
511223;152;"
,
}
,
{
"Type":
exec_file
,
"Filename":
./sql/benchmark/q3_bench/q3.2.sql
,
"times":
"
57395;231;"
,
}
,
{
"Type":
exec_file
,
"Filename":
./sql/benchmark/q3_bench/q3.3.sql
,
"times":
"
6509;"
,
}
,
{
"Type":
exec_file
,
"Filename":
./sql/benchmark/q3_bench/q3.4.sql
,
"times":
"
8364;"
,
}
,
{
"Type":
exec_file
,
"Filename":
./sql/benchmark/q4_bench/q4.sql
,
"times":
"
524776;128;354564;151;102027;223;"
,
}
,
{
"Type":
exec_file
,
"Filename":
./sql/benchmark/q4_bench/q4.1.sql
,
"times":
"
526183;116;"
,
}
,
{
"Type":
exec_file
,
"Filename":
./sql/benchmark/q4_bench/q4.2.sql
,
"times":
"
356460;140;"
,
}
,
{
"Type":
exec_file
,
"Filename":
./sql/benchmark/q4_bench/q4.3.sql
,
"times":
"
102244;238;"
,
}
,
]
,
[
{
"Type":
exec_file
,
"Filename":
./sql/benchmark/q1_bench/q1.sql
,
"times":
"
205440;16822;4050;"
,
}
,
{
"Type":
exec_file
,
"Filename":
./sql/benchmark/q1_bench/q1.1.sql
,
"times":
"
205448;"
,
}
,
{
"Type":
exec_file
,
"Filename":
./sql/benchmark/q1_bench/q1.2.sql
,
"times":
"
16911;"
,
}
,
{
"Type":
exec_file
,
"Filename":
./sql/benchmark/q1_bench/q1.3.sql
,
"times":
"
4053;"
,
}
,
{
"Type":
exec_file
,
"Filename":
./sql/benchmark/q2_bench/q2.sql
,
"times":
"
34021;307;11948;152;5577;"
,
}
,
{
"Type":
exec_file
,
"Filename":
./sql/benchmark/q2_bench/q2.1.sql
,
"times":
"
35251;290;"
,
}
,
{
"Type":
exec_file
,
"Filename":
./sql/benchmark/q2_bench/q2.2.sql
,
"times":
"
12575;161;"
,
}
,
{
"Type":
exec_file
,
"Filename":
./sql/benchmark/q2_bench/q2.3.sql
,
"times":
"
5869;"
,
}
,
{
"Type":
exec_file
,
"Filename":
./sql/benchmark/q3_bench/q3.sql
,
"times":
"
510377;150;57546;236;6834;8138;"
,
}
,
{
"Type":
exec_file
,
"Filename":
./sql/benchmark/q3_bench/q3.1.sql
,
"times":
"
511565;153;"
,
}
,
{
"Type":
exec_file
,
"Filename":
./sql/benchmark/q3_bench/q3.2.sql
,
"times":
"
57648;230;"
,
}
,
{
"Type":
exec_file
,
"Filename":
./sql/benchmark/q3_bench/q3.3.sql
,
"times":
"
6380;"
,
}
,
{
"Type":
exec_file
,
"Filename":
./sql/benchmark/q3_bench/q3.4.sql
,
"times":
"
8369;"
,
}
,
{
"Type":
exec_file
,
"Filename":
./sql/benchmark/q4_bench/q4.sql
,
"times":
"
526969;123;356157;143;101353;223;"
,
}
,
{
"Type":
exec_file
,
"Filename":
./sql/benchmark/q4_bench/q4.1.sql
,
"times":
"
529237;115;"
,
}
,
{
"Type":
exec_file
,
"Filename":
./sql/benchmark/q4_bench/q4.2.sql
,
"times":
"
354190;138;"
,
}
,
{
"Type":
exec_file
,
"Filename":
./sql/benchmark/q4_bench/q4.3.sql
,
"times":
"
103361;223;"
,
}
,
]
,
[
{
"Type":
exec_file
,
"Filename":
./sql/benchmark/q1_bench/q1.sql
,
"times":
"
204088;16790;4031;"
,
}
,
{
"Type":
exec_file
,
"Filename":
./sql/benchmark/q1_bench/q1.1.sql
,
"times":
"
205738;"
,
}
,
{
"Type":
exec_file
,
"Filename":
./sql/benchmark/q1_bench/q1.2.sql
,
"times":
"
17182;"
,
}
,
{
"Type":
exec_file
,
"Filename":
./sql/benchmark/q1_bench/q1.3.sql
,
"times":
"
4067;"
,
}
,
{
"Type":
exec_file
,
"Filename":
./sql/benchmark/q2_bench/q2.sql
,
"times":
"
36142;294;12118;167;6181;"
,
}
,
{
"Type":
exec_file
,
"Filename":
./sql/benchmark/q2_bench/q2.1.sql
,
"times":
"
27088;303;"
,
}
,
{
"Type":
exec_file
,
"Filename":
./sql/benchmark/q2_bench/q2.2.sql
,
"times":
"
11985;147;"
,
}
,
{
"Type":
exec_file
,
"Filename":
./sql/benchmark/q2_bench/q2.3.sql
,
"times":
"
6035;"
,
}
,
{
"Type":
exec_file
,
"Filename":
./sql/benchmark/q3_bench/q3.sql
,
"times":
"
510985;149;58038;229;6264;8038;"
,
}
,
{
"Type":
exec_file
,
"Filename":
./sql/benchmark/q3_bench/q3.1.sql
,
"times":
"
510882;160;"
,
}
,
{
"Type":
exec_file
,
"Filename":
./sql/benchmark/q3_bench/q3.2.sql
,
"times":
"
56632;258;"
,
}
,
{
"Type":
exec_file
,
"Filename":
./sql/benchmark/q3_bench/q3.3.sql
,
"times":
"
6666;"
,
}
,
{
"Type":
exec_file
,
"Filename":
./sql/benchmark/q3_bench/q3.4.sql
,
"times":
"
8384;"
,
}
,
{
"Type":
exec_file
,
"Filename":
./sql/benchmark/q4_bench/q4.sql
,
"times":
"
526896;120;451744;130;100461;220;"
,
}
,
{
"Type":
exec_file
,
"Filename":
./sql/benchmark/q4_bench/q4.1.sql
,
"times":
"
524479;123;"
,
}
,
{
"Type":
exec_file
,
"Filename":
./sql/benchmark/q4_bench/q4.2.sql
,
"times":
"
358014;146;"
,
}
,
{
"Type":
exec_file
,
"Filename":
./sql/benchmark/q4_bench/q4.3.sql
,
"times":
"
101283;229;"
,
}
,
]
,
[
{
"Type":
exec_file
,
"Filename":
./sql/benchmark/q1_bench/q1.sql
,
"times":
"
205850;16969;4066;"
,
}
,
{
"Type":
exec_file
,
"Filename":
./sql/benchmark/q1_bench/q1.1.sql
,
"times":
"
204801;"
,
}
,
{
"Type":
exec_file
,
"Filename":
./sql/benchmark/q1_bench/q1.2.sql
,
"times":
"
16920;"
,
}
,
{
"Type":
exec_file
,
"Filename":
./sql/benchmark/q1_bench/q1.3.sql
,
"times":
"
4060;"
,
}
,
{
"Type":
exec_file
,
"Filename":
./sql/benchmark/q2_bench/q2.sql
,
"times":
"
33138;287;11792;156;5784;"
,
}
,
{
"Type":
exec_file
,
"Filename":
./sql/benchmark/q2_bench/q2.1.sql
,
"times":
"
32604;288;"
,
}
,
{
"Type":
exec_file
,
"Filename":
./sql/benchmark/q2_bench/q2.2.sql
,
"times":
"
12450;153;"
,
}
,
{
"Type":
exec_file
,
"Filename":
./sql/benchmark/q2_bench/q2.3.sql
,
"times":
"
5923;"
,
}
,
{
"Type":
exec_file
,
"Filename":
./sql/benchmark/q3_bench/q3.sql
,
"times":
"
510748;157;56297;233;6551;8110;"
,
}
,
{
"Type":
exec_file
,
"Filename":
./sql/benchmark/q3_bench/q3.1.sql
,
"times":
"
509259;167;"
,
}
,
{
"Type":
exec_file
,
"Filename":
./sql/benchmark/q3_bench/q3.2.sql
,
"times":
"
56746;231;"
,
}
,
{
"Type":
exec_file
,
"Filename":
./sql/benchmark/q3_bench/q3.3.sql
,
"times":
"
6620;"
,
}
,
{
"Type":
exec_file
,
"Filename":
./sql/benchmark/q3_bench/q3.4.sql
,
"times":
"
8416;"
,
}
,
{
"Type":
exec_file
,
"Filename":
./sql/benchmark/q4_bench/q4.sql
,
"times":
"
529719;127;359748;139;103378;225;"
,
}
,
{
"Type":
exec_file
,
"Filename":
./sql/benchmark/q4_bench/q4.1.sql
,
"times":
"
527321;118;"
,
}
,
{
"Type":
exec_file
,
"Filename":
./sql/benchmark/q4_bench/q4.2.sql
,
"times":
"
359166;155;"
,
}
,
{
"Type":
exec_file
,
"Filename":
./sql/benchmark/q4_bench/q4.3.sql
,
"times":
"
102218;222;"
,
}
,
]
,
[
{
"Type":
exec_file
,
"Filename":
./sql/benchmark/q1_bench/q1.sql
,
"times":
"
204287;16918;4062;"
,
}
,
{
"Type":
exec_file
,
"Filename":
./sql/benchmark/q1_bench/q1.1.sql
,
"times":
"
204909;"
,
}
,
{
"Type":
exec_file
,
"Filename":
./sql/benchmark/q1_bench/q1.2.sql
,
"times":
"
16820;"
,
}
,
{
"Type":
exec_file
,
"Filename":
./sql/benchmark/q1_bench/q1.3.sql
,
"times":
"
4079;"
,
}
,
{
"Type":
exec_file
,
"Filename":
./sql/benchmark/q2_bench/q2.sql
,
"times":
"
28332;296;12188;154;5515;"
,
}
,
{
"Type":
exec_file
,
"Filename":
./sql/benchmark/q2_bench/q2.1.sql
,
"times":
"
30929;292;"
,
}
,
{
"Type":
exec_file
,
"Filename":
./sql/benchmark/q2_bench/q2.2.sql
,
"times":
"
12472;146;"
,
}
,
{
"Type":
exec_file
,
"Filename":
./sql/benchmark/q2_bench/q2.3.sql
,
"times":
"
6018;"
,
}
,
{
"Type":
exec_file
,
"Filename":
./sql/benchmark/q3_bench/q3.sql
,
"times":
"
507550;150;55992;225;6921;7990;"
,
}
,
{
"Type":
exec_file
,
"Filename":
./sql/benchmark/q3_bench/q3.1.sql
,
"times":
"
511201;155;"
,
}
,
{
"Type":
exec_file
,
"Filename":
./sql/benchmark/q3_bench/q3.2.sql
,
"times":
"
58847;214;"
,
}
,
{
"Type":
exec_file
,
"Filename":
./sql/benchmark/q3_bench/q3.3.sql
,
"times":
"
4867;"
,
}
,
{
"Type":
exec_file
,
"Filename":
./sql/benchmark/q3_bench/q3.4.sql
,
"times":
"
8306;"
,
}
,
{
"Type":
exec_file
,
"Filename":
./sql/benchmark/q4_bench/q4.sql
,
"times":
"
525169;121;358429;157;102849;226;"
,
}
,
{
"Type":
exec_file
,
"Filename":
./sql/benchmark/q4_bench/q4.1.sql
,
"times":
"
529601;127;"
,
}
,
{
"Type":
exec_file
,
"Filename":
./sql/benchmark/q4_bench/q4.2.sql
,
"times":
"
353998;139;"
,
}
,
{
"Type":
exec_file
,
"Filename":
./sql/benchmark/q4_bench/q4.3.sql
,
"times":
"
101300;231;"
,
}
,
]
,
[
{
"Type":
exec_file
,
"Filename":
./sql/benchmark/q1_bench/q1.sql
,
"times":
"
239455;18931;5329;"
,
}
,
{
"Type":
exec_file
,
"Filename":
./sql/benchmark/q1_bench/q1.1.sql
,
"times":
"
229684;"
,
}
,
{
"Type":
exec_file
,
"Filename":
./sql/benchmark/q1_bench/q1.2.sql
,
"times":
"
17041;"
,
}
,
{
"Type":
exec_file
,
"Filename":
./sql/benchmark/q1_bench/q1.3.sql
,
"times":
"
4048;"
,
}
,
{
"Type":
exec_file
,
"Filename":
./sql/benchmark/q2_bench/q2.sql
,
"times":
"
28829;293;11982;143;5695;"
,
}
,
{
"Type":
exec_file
,
"Filename":
./sql/benchmark/q2_bench/q2.1.sql
,
"times":
"
27726;292;"
,
}
,
{
"Type":
exec_file
,
"Filename":
./sql/benchmark/q2_bench/q2.2.sql
,
"times":
"
12367;148;"
,
}
,
{
"Type":
exec_file
,
"Filename":
./sql/benchmark/q2_bench/q2.3.sql
,
"times":
"
5981;"
,
}
,
{
"Type":
exec_file
,
"Filename":
./sql/benchmark/q3_bench/q3.sql
,
"times":
"
512039;152;56768;223;7206;8063;"
,
}
,
{
"Type":
exec_file
,
"Filename":
./sql/benchmark/q3_bench/q3.1.sql
,
"times":
"
508622;155;"
,
}
,
{
"Type":
exec_file
,
"Filename":
./sql/benchmark/q3_bench/q3.2.sql
,
"times":
"
56939;231;"
,
}
,
{
"Type":
exec_file
,
"Filename":
./sql/benchmark/q3_bench/q3.3.sql
,
"times":
"
6664;"
,
}
,
{
"Type":
exec_file
,
"Filename":
./sql/benchmark/q3_bench/q3.4.sql
,
"times":
"
8340;"
,
}
,
{
"Type":
exec_file
,
"Filename":
./sql/benchmark/q4_bench/q4.sql
,
"times":
"
529875;121;356377;141;101686;244;"
,
}
,
{
"Type":
exec_file
,
"Filename":
./sql/benchmark/q4_bench/q4.1.sql
,
"times":
"
540793;116;"
,
}
,
{
"Type":
exec_file
,
"Filename":
./sql/benchmark/q4_bench/q4.2.sql
,
"times":
"
356252;139;"
,
}
,
{
"Type":
exec_file
,
"Filename":
./sql/benchmark/q4_bench/q4.3.sql
,
"times":
"
102142;227;"
,
}
,
]
,
[
{
"Type":
exec_file
,
"Filename":
./sql/benchmark/q1_bench/q1.sql
,
"times":
"
204317;17127;4051;"
,
}
,
{
"Type":
exec_file
,
"Filename":
./sql/benchmark/q1_bench/q1.1.sql
,
"times":
"
204628;"
,
}
,
{
"Type":
exec_file
,
"Filename":
./sql/benchmark/q1_bench/q1.2.sql
,
"times":
"
16984;"
,
}
,
{
"Type":
exec_file
,
"Filename":
./sql/benchmark/q1_bench/q1.3.sql
,
"times":
"
4054;"
,
}
,
{
"Type":
exec_file
,
"Filename":
./sql/benchmark/q2_bench/q2.sql
,
"times":
"
27924;304;11966;144;5726;"
,
}
,
{
"Type":
exec_file
,
"Filename":
./sql/benchmark/q2_bench/q2.1.sql
,
"times":
"
27421;286;"
,
}
,
{
"Type":
exec_file
,
"Filename":
./sql/benchmark/q2_bench/q2.2.sql
,
"times":
"
12171;149;"
,
}
,
{
"Type":
exec_file
,
"Filename":
./sql/benchmark/q2_bench/q2.3.sql
,
"times":
"
5996;"
,
}
,
{
"Type":
exec_file
,
"Filename":
./sql/benchmark/q3_bench/q3.sql
,
"times":
"
511156;157;56924;234;6506;8127;"
,
}
,
{
"Type":
exec_file
,
"Filename":
./sql/benchmark/q3_bench/q3.1.sql
,
"times":
"
509197;153;"
,
}
,
{
"Type":
exec_file
,
"Filename":
./sql/benchmark/q3_bench/q3.2.sql
,
"times":
"
57180;232;"
,
}
,
{
"Type":
exec_file
,
"Filename":
./sql/benchmark/q3_bench/q3.3.sql
,
"times":
"
6478;"
,
}
,
{
"Type":
exec_file
,
"Filename":
./sql/benchmark/q3_bench/q3.4.sql
,
"times":
"
8477;"
,
}
,
{
"Type":
exec_file
,
"Filename":
./sql/benchmark/q4_bench/q4.sql
,
"times":
"
524779;126;353768;114;102622;217;"
,
}
,
{
"Type":
exec_file
,
"Filename":
./sql/benchmark/q4_bench/q4.1.sql
,
"times":
"
525794;123;"
,
}
,
{
"Type":
exec_file
,
"Filename":
./sql/benchmark/q4_bench/q4.2.sql
,
"times":
"
362004;158;"
,
}
,
{
"Type":
exec_file
,
"Filename":
./sql/benchmark/q4_bench/q4.3.sql
,
"times":
"
101163;230;"
,
}
,
]
,
[
{
"Type":
exec_file
,
"Filename":
./sql/benchmark/q1_bench/q1.sql
,
"times":
"
203260;16969;4014;"
,
}
,
{
"Type":
exec_file
,
"Filename":
./sql/benchmark/q1_bench/q1.1.sql
,
"times":
"
205609;"
,
}
,
{
"Type":
exec_file
,
"Filename":
./sql/benchmark/q1_bench/q1.2.sql
,
"times":
"
16903;"
,
}
,
{
"Type":
exec_file
,
"Filename":
./sql/benchmark/q1_bench/q1.3.sql
,
"times":
"
4064;"
,
}
,
{
"Type":
exec_file
,
"Filename":
./sql/benchmark/q2_bench/q2.sql
,
"times":
"
34201;295;12040;154;5567;"
,
}
,
{
"Type":
exec_file
,
"Filename":
./sql/benchmark/q2_bench/q2.1.sql
,
"times":
"
27482;307;"
,
}
,
{
"Type":
exec_file
,
"Filename":
./sql/benchmark/q2_bench/q2.2.sql
,
"times":
"
13231;147;"
,
}
,
{
"Type":
exec_file
,
"Filename":
./sql/benchmark/q2_bench/q2.3.sql
,
"times":
"
5977;"
,
}
,
{
"Type":
exec_file
,
"Filename":
./sql/benchmark/q3_bench/q3.sql
,
"times":
"
508234;146;56962;233;6734;8262;"
,
}
,
{
"Type":
exec_file
,
"Filename":
./sql/benchmark/q3_bench/q3.1.sql
,
"times":
"
509364;145;"
,
}
,
{
"Type":
exec_file
,
"Filename":
./sql/benchmark/q3_bench/q3.2.sql
,
"times":
"
55532;237;"
,
}
,
{
"Type":
exec_file
,
"Filename":
./sql/benchmark/q3_bench/q3.3.sql
,
"times":
"
6274;"
,
}
,
{
"Type":
exec_file
,
"Filename":
./sql/benchmark/q3_bench/q3.4.sql
,
"times":
"
8393;"
,
}
,
{
"Type":
exec_file
,
"Filename":
./sql/benchmark/q4_bench/q4.sql
,
"times":
"
534585;125;356893;156;100778;224;"
,
}
,
{
"Type":
exec_file
,
"Filename":
./sql/benchmark/q4_bench/q4.1.sql
,
"times":
"
525743;116;"
,
}
,
{
"Type":
exec_file
,
"Filename":
./sql/benchmark/q4_bench/q4.2.sql
,
"times":
"
355229;138;"
,
}
,
{
"Type":
exec_file
,
"Filename":
./sql/benchmark/q4_bench/q4.3.sql
,
"times":
"
101845;241;"
,
}
,
]
,
[
{
"Type":
exec_file
,
"Filename":
./sql/benchmark/q1_bench/q1.sql
,
"times":
"
204348;16946;4031;"
,
}
,
{
"Type":
exec_file
,
"Filename":
./sql/benchmark/q1_bench/q1.1.sql
,
"times":
"
206068;"
,
}
,
{
"Type":
exec_file
,
"Filename":
./sql/benchmark/q1_bench/q1.2.sql
,
"times":
"
17142;"
,
}
,
{
"Type":
exec_file
,
"Filename":
./sql/benchmark/q1_bench/q1.3.sql
,
"times":
"
4058;"
,
}
,
{
"Type":
exec_file
,
"Filename":
./sql/benchmark/q2_bench/q2.sql
,
"times":
"
30537;314;12106;144;5697;"
,
}
,
{
"Type":
exec_file
,
"Filename":
./sql/benchmark/q2_bench/q2.1.sql
,
"times":
"
27524;299;"
,
}
,
{
"Type":
exec_file
,
"Filename":
./sql/benchmark/q2_bench/q2.2.sql
,
"times":
"
12044;161;"
,
}
,
{
"Type":
exec_file
,
"Filename":
./sql/benchmark/q2_bench/q2.3.sql
,
"times":
"
5855;"
,
}
,
{
"Type":
exec_file
,
"Filename":
./sql/benchmark/q3_bench/q3.sql
,
"times":
"
511020;154;56044;221;7008;8020;"
,
}
,
{
"Type":
exec_file
,
"Filename":
./sql/benchmark/q3_bench/q3.1.sql
,
"times":
"
510240;187;"
,
}
,
{
"Type":
exec_file
,
"Filename":
./sql/benchmark/q3_bench/q3.2.sql
,
"times":
"
56656;231;"
,
}
,
{
"Type":
exec_file
,
"Filename":
./sql/benchmark/q3_bench/q3.3.sql
,
"times":
"
6551;"
,
}
,
{
"Type":
exec_file
,
"Filename":
./sql/benchmark/q3_bench/q3.4.sql
,
"times":
"
8389;"
,
}
,
{
"Type":
exec_file
,
"Filename":
./sql/benchmark/q4_bench/q4.sql
,
"times":
"
527955;125;359578;142;101159;224;"
,
}
,
{
"Type":
exec_file
,
"Filename":
./sql/benchmark/q4_bench/q4.1.sql
,
"times":
"
525862;125;"
,
}
,
{
"Type":
exec_file
,
"Filename":
./sql/benchmark/q4_bench/q4.2.sql
,
"times":
"
358921;142;"
,
}
,
{
"Type":
exec_file
,
"Filename":
./sql/benchmark/q4_bench/q4.3.sql
,
"times":
"
102695;239;"
,
}
,
]
,
[
{
"Type":
exec_file
,
"Filename":
./sql/benchmark/q1_bench/q1.sql
,
"times":
"
204421;17288;4044;"
,
}
,
{
"Type":
exec_file
,
"Filename":
./sql/benchmark/q1_bench/q1.1.sql
,
"times":
"
205286;"
,
}
,
{
"Type":
exec_file
,
"Filename":
./sql/benchmark/q1_bench/q1.2.sql
,
"times":
"
16939;"
,
}
,
{
"Type":
exec_file
,
"Filename":
./sql/benchmark/q1_bench/q1.3.sql
,
"times":
"
4048;"
,
}
,
{
"Type":
exec_file
,
"Filename":
./sql/benchmark/q2_bench/q2.sql
,
"times":
"
31777;292;12052;161;5702;"
,
}
,
{
"Type":
exec_file
,
"Filename":
./sql/benchmark/q2_bench/q2.1.sql
,
"times":
"
27030;294;"
,
}
,
{
"Type":
exec_file
,
"Filename":
./sql/benchmark/q2_bench/q2.2.sql
,
"times":
"
12877;162;"
,
}
,
{
"Type":
exec_file
,
"Filename":
./sql/benchmark/q2_bench/q2.3.sql
,
"times":
"
6041;"
,
}
,
{
"Type":
exec_file
,
"Filename":
./sql/benchmark/q3_bench/q3.sql
,
"times":
"
511408;155;56731;263;6345;8160;"
,
}
,
{
"Type":
exec_file
,
"Filename":
./sql/benchmark/q3_bench/q3.1.sql
,
"times":
"
510957;151;"
,
}
,
{
"Type":
exec_file
,
"Filename":
./sql/benchmark/q3_bench/q3.2.sql
,
"times":
"
56443;226;"
,
}
,
{
"Type":
exec_file
,
"Filename":
./sql/benchmark/q3_bench/q3.3.sql
,
"times":
"
6870;"
,
}
,
{
"Type":
exec_file
,
"Filename":
./sql/benchmark/q3_bench/q3.4.sql
,
"times":
"
8273;"
,
}
,
{
"Type":
exec_file
,
"Filename":
./sql/benchmark/q4_bench/q4.sql
,
"times":
"
524216;120;354031;132;105756;233;"
,
}
,
{
"Type":
exec_file
,
"Filename":
./sql/benchmark/q4_bench/q4.1.sql
,
"times":
"
524731;127;"
,
}
,
{
"Type":
exec_file
,
"Filename":
./sql/benchmark/q4_bench/q4.2.sql
,
"times":
"
353111;137;"
,
}
,
{
"Type":
exec_file
,
"Filename":
./sql/benchmark/q4_bench/q4.3.sql
,
"times":
"
101653;245;"
,
}
,
]
,
[
{
"Type":
exec_file
,
"Filename":
./sql/benchmark/q1_bench/q1.sql
,
"times":
"
203070;16920;4033;"
,
}
,
{
"Type":
exec_file
,
"Filename":
./sql/benchmark/q1_bench/q1.1.sql
,
"times":
"
205672;"
,
}
,
{
"Type":
exec_file
,
"Filename":
./sql/benchmark/q1_bench/q1.2.sql
,
"times":
"
17077;"
,
}
,
{
"Type":
exec_file
,
"Filename":
./sql/benchmark/q1_bench/q1.3.sql
,
"times":
"
4038;"
,
}
,
{
"Type":
exec_file
,
"Filename":
./sql/benchmark/q2_bench/q2.sql
,
"times":
"
33597;283;12383;142;5723;"
,
}
,
{
"Type":
exec_file
,
"Filename":
./sql/benchmark/q2_bench/q2.1.sql
,
"times":
"
26956;300;"
,
}
,
{
"Type":
exec_file
,
"Filename":
./sql/benchmark/q2_bench/q2.2.sql
,
"times":
"
12167;143;"
,
}
,
{
"Type":
exec_file
,
"Filename":
./sql/benchmark/q2_bench/q2.3.sql
,
"times":
"
6047;"
,
}
,
{
"Type":
exec_file
,
"Filename":
./sql/benchmark/q3_bench/q3.sql
,
"times":
"
508518;151;56491;228;6844;8081;"
,
}
,
{
"Type":
exec_file
,
"Filename":
./sql/benchmark/q3_bench/q3.1.sql
,
"times":
"
508261;155;"
,
}
,
{
"Type":
exec_file
,
"Filename":
./sql/benchmark/q3_bench/q3.2.sql
,
"times":
"
56713;217;"
,
}
,
{
"Type":
exec_file
,
"Filename":
./sql/benchmark/q3_bench/q3.3.sql
,
"times":
"
6762;"
,
}
,
{
"Type":
exec_file
,
"Filename":
./sql/benchmark/q3_bench/q3.4.sql
,
"times":
"
8313;"
,
}
,
{
"Type":
exec_file
,
"Filename":
./sql/benchmark/q4_bench/q4.sql
,
"times":
"
530870;128;357653;157;103593;231;"
,
}
,
{
"Type":
exec_file
,
"Filename":
./sql/benchmark/q4_bench/q4.1.sql
,
"times":
"
524102;120;"
,
}
,
{
"Type":
exec_file
,
"Filename":
./sql/benchmark/q4_bench/q4.2.sql
,
"times":
"
357816;143;"
,
}
,
{
"Type":
exec_file
,
"Filename":
./sql/benchmark/q4_bench/q4.3.sql
,
"times":
"
101738;221;"
,
}
,
]
,
[
{
"Type":
exec_file
,
"Filename":
./sql/benchmark/q1_bench/q1.sql
,
"times":
"
204588;17014;4075;"
,
}
,
{
"Type":
exec_file
,
"Filename":
./sql/benchmark/q1_bench/q1.1.sql
,
"times":
"
206404;"
,
}
,
{
"Type":
exec_file
,
"Filename":
./sql/benchmark/q1_bench/q1.2.sql
,
"times":
"
17221;"
,
}
,
{
"Type":
exec_file
,
"Filename":
./sql/benchmark/q1_bench/q1.3.sql
,
"times":
"
4041;"
,
}
,
{
"Type":
exec_file
,
"Filename":
./sql/benchmark/q2_bench/q2.sql
,
"times":
"
27846;296;11742;143;5669;"
,
}
,
{
"Type":
exec_file
,
"Filename":
./sql/benchmark/q2_bench/q2.1.sql
,
"times":
"
32375;291;"
,
}
,
{
"Type":
exec_file
,
"Filename":
./sql/benchmark/q2_bench/q2.2.sql
,
"times":
"
12378;141;"
,
}
,
{
"Type":
exec_file
,
"Filename":
./sql/benchmark/q2_bench/q2.3.sql
,
"times":
"
5968;"
,
}
,
{
"Type":
exec_file
,
"Filename":
./sql/benchmark/q3_bench/q3.sql
,
"times":
"
537314;200;68616;335;7092;10351;"
,
}
,
{
"Type":
exec_file
,
"Filename":
./sql/benchmark/q3_bench/q3.1.sql
,
"times":
"
580905;144;"
,
}
,
{
"Type":
exec_file
,
"Filename":
./sql/benchmark/q3_bench/q3.2.sql
,
"times":
"
56648;222;"
,
}
,
{
"Type":
exec_file
,
"Filename":
./sql/benchmark/q3_bench/q3.3.sql
,
"times":
"
6649;"
,
}
,
{
"Type":
exec_file
,
"Filename":
./sql/benchmark/q3_bench/q3.4.sql
,
"times":
"
8357;"
,
}
,
{
"Type":
exec_file
,
"Filename":
./sql/benchmark/q4_bench/q4.sql
,
"times":
"
525061;128;356747;139;101766;223;"
,
}
,
{
"Type":
exec_file
,
"Filename":
./sql/benchmark/q4_bench/q4.1.sql
,
"times":
"
527943;125;"
,
}
,
{
"Type":
exec_file
,
"Filename":
./sql/benchmark/q4_bench/q4.2.sql
,
"times":
"
358108;155;"
,
}
,
{
"Type":
exec_file
,
"Filename":
./sql/benchmark/q4_bench/q4.3.sql
,
"times":
"
103023;231;"
,
}
,
]
,
[
{
"Type":
exec_file
,
"Filename":
./sql/benchmark/q1_bench/q1.sql
,
"times":
"
202981;16869;4028;"
,
}
,
{
"Type":
exec_file
,
"Filename":
./sql/benchmark/q1_bench/q1.1.sql
,
"times":
"
205079;"
,
}
,
{
"Type":
exec_file
,
"Filename":
./sql/benchmark/q1_bench/q1.2.sql
,
"times":
"
16821;"
,
}
,
{
"Type":
exec_file
,
"Filename":
./sql/benchmark/q1_bench/q1.3.sql
,
"times":
"
4023;"
,
}
,
{
"Type":
exec_file
,
"Filename":
./sql/benchmark/q2_bench/q2.sql
,
"times":
"
28217;292;12172;147;5573;"
,
}
,
{
"Type":
exec_file
,
"Filename":
./sql/benchmark/q2_bench/q2.1.sql
,
"times":
"
31491;296;"
,
}
,
{
"Type":
exec_file
,
"Filename":
./sql/benchmark/q2_bench/q2.2.sql
,
"times":
"
12350;144;"
,
}
,
{
"Type":
exec_file
,
"Filename":
./sql/benchmark/q2_bench/q2.3.sql
,
"times":
"
6148;"
,
}
,
{
"Type":
exec_file
,
"Filename":
./sql/benchmark/q3_bench/q3.sql
,
"times":
"
507255;155;56374;244;6823;8246;"
,
}
,
{
"Type":
exec_file
,
"Filename":
./sql/benchmark/q3_bench/q3.1.sql
,
"times":
"
509705;168;"
,
}
,
{
"Type":
exec_file
,
"Filename":
./sql/benchmark/q3_bench/q3.2.sql
,
"times":
"
56838;229;"
,
}
,
{
"Type":
exec_file
,
"Filename":
./sql/benchmark/q3_bench/q3.3.sql
,
"times":
"
6589;"
,
}
,
{
"Type":
exec_file
,
"Filename":
./sql/benchmark/q3_bench/q3.4.sql
,
"times":
"
8365;"
,
}
,
{
"Type":
exec_file
,
"Filename":
./sql/benchmark/q4_bench/q4.sql
,
"times":
"
529251;130;354745;139;101485;223;"
,
}
,
{
"Type":
exec_file
,
"Filename":
./sql/benchmark/q4_bench/q4.1.sql
,
"times":
"
526521;139;"
,
}
,
{
"Type":
exec_file
,
"Filename":
./sql/benchmark/q4_bench/q4.2.sql
,
"times":
"
356229;143;"
,
}
,
{
"Type":
exec_file
,
"Filename":
./sql/benchmark/q4_bench/q4.3.sql
,
"times":
"
103567;247;"
,
}
,
]
,
[
{
"Type":
exec_file
,
"Filename":
./sql/benchmark/q1_bench/q1.sql
,
"times":
"
206480;16863;4039;"
,
}
,
{
"Type":
exec_file
,
"Filename":
./sql/benchmark/q1_bench/q1.1.sql
,
"times":
"
203939;"
,
}
,
{
"Type":
exec_file
,
"Filename":
./sql/benchmark/q1_bench/q1.2.sql
,
"times":
"
16901;"
,
}
,
{
"Type":
exec_file
,
"Filename":
./sql/benchmark/q1_bench/q1.3.sql
,
"times":
"
4043;"
,
}
,
{
"Type":
exec_file
,
"Filename":
./sql/benchmark/q2_bench/q2.sql
,
"times":
"
32226;313;12137;164;5665;"
,
}
,
{
"Type":
exec_file
,
"Filename":
./sql/benchmark/q2_bench/q2.1.sql
,
"times":
"
31278;300;"
,
}
,
{
"Type":
exec_file
,
"Filename":
./sql/benchmark/q2_bench/q2.2.sql
,
"times":
"
11982;141;"
,
}
,
{
"Type":
exec_file
,
"Filename":
./sql/benchmark/q2_bench/q2.3.sql
,
"times":
"
5819;"
,
}
,
{
"Type":
exec_file
,
"Filename":
./sql/benchmark/q3_bench/q3.sql
,
"times":
"
512057;151;57925;220;7026;8102;"
,
}
,
{
"Type":
exec_file
,
"Filename":
./sql/benchmark/q3_bench/q3.1.sql
,
"times":
"
521251;145;"
,
}
,
{
"Type":
exec_file
,
"Filename":
./sql/benchmark/q3_bench/q3.2.sql
,
"times":
"
56970;413;"
,
}
,
{
"Type":
exec_file
,
"Filename":
./sql/benchmark/q3_bench/q3.3.sql
,
"times":
"
6114;"
,
}
,
{
"Type":
exec_file
,
"Filename":
./sql/benchmark/q3_bench/q3.4.sql
,
"times":
"
10240;"
,
}
,
{
"Type":
exec_file
,
"Filename":
./sql/benchmark/q4_bench/q4.sql
,
"times":
"
528454;120;358968;147;102579;226;"
,
}
,
{
"Type":
exec_file
,
"Filename":
./sql/benchmark/q4_bench/q4.1.sql
,
"times":
"
525977;125;"
,
}
,
{
"Type":
exec_file
,
"Filename":
./sql/benchmark/q4_bench/q4.2.sql
,
"times":
"
353844;148;"
,
}
,
{
"Type":
exec_file
,
"Filename":
./sql/benchmark/q4_bench/q4.3.sql
,
"times":
"
103620;242;"
,
}
,
]
,
[
{
"Type":
exec_file
,
"Filename":
./sql/benchmark/q1_bench/q1.sql
,
"times":
"
204207;16995;4011;"
,
}
,
{
"Type":
exec_file
,
"Filename":
./sql/benchmark/q1_bench/q1.1.sql
,
"times":
"
205517;"
,
}
,
{
"Type":
exec_file
,
"Filename":
./sql/benchmark/q1_bench/q1.2.sql
,
"times":
"
16966;"
,
}
,
{
"Type":
exec_file
,
"Filename":
./sql/benchmark/q1_bench/q1.3.sql
,
"times":
"
4094;"
,
}
,
{
"Type":
exec_file
,
"Filename":
./sql/benchmark/q2_bench/q2.sql
,
"times":
"
33608;289;12728;145;5673;"
,
}
,
{
"Type":
exec_file
,
"Filename":
./sql/benchmark/q2_bench/q2.1.sql
,
"times":
"
26496;306;"
,
}
,
{
"Type":
exec_file
,
"Filename":
./sql/benchmark/q2_bench/q2.2.sql
,
"times":
"
12206;167;"
,
}
,
{
"Type":
exec_file
,
"Filename":
./sql/benchmark/q2_bench/q2.3.sql
,
"times":
"
7217;"
,
}
,
{
"Type":
exec_file
,
"Filename":
./sql/benchmark/q3_bench/q3.sql
,
"times":
"
517321;160;57463;226;6677;7911;"
,
}
,
{
"Type":
exec_file
,
"Filename":
./sql/benchmark/q3_bench/q3.1.sql
,
"times":
"
529601;160;"
,
}
,
{
"Type":
exec_file
,
"Filename":
./sql/benchmark/q3_bench/q3.2.sql
,
"times":
"
57264;240;"
,
}
,
{
"Type":
exec_file
,
"Filename":
./sql/benchmark/q3_bench/q3.3.sql
,
"times":
"
6668;"
,
}
,
{
"Type":
exec_file
,
"Filename":
./sql/benchmark/q3_bench/q3.4.sql
,
"times":
"
8345;"
,
}
,
{
"Type":
exec_file
,
"Filename":
./sql/benchmark/q4_bench/q4.sql
,
"times":
"
525187;124;354299;167;103339;222;"
,
}
,
{
"Type":
exec_file
,
"Filename":
./sql/benchmark/q4_bench/q4.1.sql
,
"times":
"
524641;119;"
,
}
,
{
"Type":
exec_file
,
"Filename":
./sql/benchmark/q4_bench/q4.2.sql
,
"times":
"
356558;134;"
,
}
,
{
"Type":
exec_file
,
"Filename":
./sql/benchmark/q4_bench/q4.3.sql
,
"times":
"
100841;222;"
,
}
,
]
,
[
{
"Type":
exec_file
,
"Filename":
./sql/benchmark/q1_bench/q1.sql
,
"times":
"
203822;16870;4018;"
,
}
,
{
"Type":
exec_file
,
"Filename":
./sql/benchmark/q1_bench/q1.1.sql
,
"times":
"
207134;"
,
}
,
{
"Type":
exec_file
,
"Filename":
./sql/benchmark/q1_bench/q1.2.sql
,
"times":
"
16948;"
,
}
,
{
"Type":
exec_file
,
"Filename":
./sql/benchmark/q1_bench/q1.3.sql
,
"times":
"
4058;"
,
}
,
{
"Type":
exec_file
,
"Filename":
./sql/benchmark/q2_bench/q2.sql
,
"times":
"
28451;304;11956;145;5550;"
,
}
,
{
"Type":
exec_file
,
"Filename":
./sql/benchmark/q2_bench/q2.1.sql
,
"times":
"
26929;304;"
,
}
,
{
"Type":
exec_file
,
"Filename":
./sql/benchmark/q2_bench/q2.2.sql
,
"times":
"
13109;140;"
,
}
,
{
"Type":
exec_file
,
"Filename":
./sql/benchmark/q2_bench/q2.3.sql
,
"times":
"
5996;"
,
}
,
{
"Type":
exec_file
,
"Filename":
./sql/benchmark/q3_bench/q3.sql
,
"times":
"
512462;152;56644;224;6854;8085;"
,
}
,
{
"Type":
exec_file
,
"Filename":
./sql/benchmark/q3_bench/q3.1.sql
,
"times":
"
514551;151;"
,
}
,
{
"Type":
exec_file
,
"Filename":
./sql/benchmark/q3_bench/q3.2.sql
,
"times":
"
57032;230;"
,
}
,
{
"Type":
exec_file
,
"Filename":
./sql/benchmark/q3_bench/q3.3.sql
,
"times":
"
6517;"
,
}
,
{
"Type":
exec_file
,
"Filename":
./sql/benchmark/q3_bench/q3.4.sql
,
"times":
"
8489;"
,
}
,
{
"Type":
exec_file
,
"Filename":
./sql/benchmark/q4_bench/q4.sql
,
"times":
"
526906;119;353178;139;100755;228;"
,
}
,
{
"Type":
exec_file
,
"Filename":
./sql/benchmark/q4_bench/q4.1.sql
,
"times":
"
525828;126;"
,
}
,
{
"Type":
exec_file
,
"Filename":
./sql/benchmark/q4_bench/q4.2.sql
,
"times":
"
363364;163;"
,
}
,
{
"Type":
exec_file
,
"Filename":
./sql/benchmark/q4_bench/q4.3.sql
,
"times":
"
106295;228;"
,
}
,
]
,
[
{
"Type":
exec_file
,
"Filename":
./sql/benchmark/q1_bench/q1.sql
,
"times":
"
203026;16915;4043;"
,
}
,
{
"Type":
exec_file
,
"Filename":
./sql/benchmark/q1_bench/q1.1.sql
,
"times":
"
204003;"
,
}
,
{
"Type":
exec_file
,
"Filename":
./sql/benchmark/q1_bench/q1.2.sql
,
"times":
"
16883;"
,
}
,
{
"Type":
exec_file
,
"Filename":
./sql/benchmark/q1_bench/q1.3.sql
,
"times":
"
4039;"
,
}
,
{
"Type":
exec_file
,
"Filename":
./sql/benchmark/q2_bench/q2.sql
,
"times":
"
32387;278;12898;146;5564;"
,
}
,
{
"Type":
exec_file
,
"Filename":
./sql/benchmark/q2_bench/q2.1.sql
,
"times":
"
32253;297;"
,
}
,
{
"Type":
exec_file
,
"Filename":
./sql/benchmark/q2_bench/q2.2.sql
,
"times":
"
12244;150;"
,
}
,
{
"Type":
exec_file
,
"Filename":
./sql/benchmark/q2_bench/q2.3.sql
,
"times":
"
5978;"
,
}
,
{
"Type":
exec_file
,
"Filename":
./sql/benchmark/q3_bench/q3.sql
,
"times":
"
509695;173;56449;227;6861;8051;"
,
}
,
{
"Type":
exec_file
,
"Filename":
./sql/benchmark/q3_bench/q3.1.sql
,
"times":
"
512932;152;"
,
}
,
{
"Type":
exec_file
,
"Filename":
./sql/benchmark/q3_bench/q3.2.sql
,
"times":
"
57203;231;"
,
}
,
{
"Type":
exec_file
,
"Filename":
./sql/benchmark/q3_bench/q3.3.sql
,
"times":
"
6715;"
,
}
,
{
"Type":
exec_file
,
"Filename":
./sql/benchmark/q3_bench/q3.4.sql
,
"times":
"
8384;"
,
}
,
{
"Type":
exec_file
,
"Filename":
./sql/benchmark/q4_bench/q4.sql
,
"times":
"
523160;125;356055;140;101243;224;"
,
}
,
{
"Type":
exec_file
,
"Filename":
./sql/benchmark/q4_bench/q4.1.sql
,
"times":
"
529121;118;"
,
}
,
{
"Type":
exec_file
,
"Filename":
./sql/benchmark/q4_bench/q4.2.sql
,
"times":
"
361504;156;"
,
}
,
{
"Type":
exec_file
,
"Filename":
./sql/benchmark/q4_bench/q4.3.sql
,
"times":
"
101258;228;"
,
}
,
]
,
[
{
"Type":
exec_file
,
"Filename":
./sql/benchmark/q1_bench/q1.sql
,
"times":
"
205084;17057;4061;"
,
}
,
{
"Type":
exec_file
,
"Filename":
./sql/benchmark/q1_bench/q1.1.sql
,
"times":
"
203832;"
,
}
,
{
"Type":
exec_file
,
"Filename":
./sql/benchmark/q1_bench/q1.2.sql
,
"times":
"
16892;"
,
}
,
{
"Type":
exec_file
,
"Filename":
./sql/benchmark/q1_bench/q1.3.sql
,
"times":
"
4219;"
,
}
,
{
"Type":
exec_file
,
"Filename":
./sql/benchmark/q2_bench/q2.sql
,
"times":
"
32450;298;12251;137;5590;"
,
}
,
{
"Type":
exec_file
,
"Filename":
./sql/benchmark/q2_bench/q2.1.sql
,
"times":
"
32400;285;"
,
}
,
{
"Type":
exec_file
,
"Filename":
./sql/benchmark/q2_bench/q2.2.sql
,
"times":
"
12357;136;"
,
}
,
{
"Type":
exec_file
,
"Filename":
./sql/benchmark/q2_bench/q2.3.sql
,
"times":
"
5970;"
,
}
,
{
"Type":
exec_file
,
"Filename":
./sql/benchmark/q3_bench/q3.sql
,
"times":
"
512099;152;56431;245;6706;8091;"
,
}
,
{
"Type":
exec_file
,
"Filename":
./sql/benchmark/q3_bench/q3.1.sql
,
"times":
"
512351;152;"
,
}
,
{
"Type":
exec_file
,
"Filename":
./sql/benchmark/q3_bench/q3.2.sql
,
"times":
"
56615;227;"
,
}
,
{
"Type":
exec_file
,
"Filename":
./sql/benchmark/q3_bench/q3.3.sql
,
"times":
"
6606;"
,
}
,
{
"Type":
exec_file
,
"Filename":
./sql/benchmark/q3_bench/q3.4.sql
,
"times":
"
8311;"
,
}
,
{
"Type":
exec_file
,
"Filename":
./sql/benchmark/q4_bench/q4.sql
,
"times":
"
525005;123;355193;146;102203;224;"
,
}
,
{
"Type":
exec_file
,
"Filename":
./sql/benchmark/q4_bench/q4.1.sql
,
"times":
"
526609;136;"
,
}
,
{
"Type":
exec_file
,
"Filename":
./sql/benchmark/q4_bench/q4.2.sql
,
"times":
"
355666;138;"
,
}
,
{
"Type":
exec_file
,
"Filename":
./sql/benchmark/q4_bench/q4.3.sql
,
"times":
"
102751;225;"
,
}
,
]
,
[
{
"Type":
exec_file
,
"Filename":
./sql/benchmark/q1_bench/q1.sql
,
"times":
"
204129;16878;4026;"
,
}
,
{
"Type":
exec_file
,
"Filename":
./sql/benchmark/q1_bench/q1.1.sql
,
"times":
"
204437;"
,
}
,
{
"Type":
exec_file
,
"Filename":
./sql/benchmark/q1_bench/q1.2.sql
,
"times":
"
16884;"
,
}
,
{
"Type":
exec_file
,
"Filename":
./sql/benchmark/q1_bench/q1.3.sql
,
"times":
"
4057;"
,
}
,
{
"Type":
exec_file
,
"Filename":
./sql/benchmark/q2_bench/q2.sql
,
"times":
"
28595;291;12011;140;5531;"
,
}
,
{
"Type":
exec_file
,
"Filename":
./sql/benchmark/q2_bench/q2.1.sql
,
"times":
"
32048;289;"
,
}
,
{
"Type":
exec_file
,
"Filename":
./sql/benchmark/q2_bench/q2.2.sql
,
"times":
"
12448;165;"
,
}
,
{
"Type":
exec_file
,
"Filename":
./sql/benchmark/q2_bench/q2.3.sql
,
"times":
"
6038;"
,
}
,
{
"Type":
exec_file
,
"Filename":
./sql/benchmark/q3_bench/q3.sql
,
"times":
"
520286;146;56346;224;6675;8125;"
,
}
,
{
"Type":
exec_file
,
"Filename":
./sql/benchmark/q3_bench/q3.1.sql
,
"times":
"
510059;149;"
,
}
,
{
"Type":
exec_file
,
"Filename":
./sql/benchmark/q3_bench/q3.2.sql
,
"times":
"
56899;218;"
,
}
,
{
"Type":
exec_file
,
"Filename":
./sql/benchmark/q3_bench/q3.3.sql
,
"times":
"
6345;"
,
}
,
{
"Type":
exec_file
,
"Filename":
./sql/benchmark/q3_bench/q3.4.sql
,
"times":
"
8377;"
,
}
,
{
"Type":
exec_file
,
"Filename":
./sql/benchmark/q4_bench/q4.sql
,
"times":
"
527324;124;357299;137;100718;226;"
,
}
,
{
"Type":
exec_file
,
"Filename":
./sql/benchmark/q4_bench/q4.1.sql
,
"times":
"
527240;121;"
,
}
,
{
"Type":
exec_file
,
"Filename":
./sql/benchmark/q4_bench/q4.2.sql
,
"times":
"
354977;143;"
,
}
,
{
"Type":
exec_file
,
"Filename":
./sql/benchmark/q4_bench/q4.3.sql
,
"times":
"
100742;224;"
,
}
,
]
,
[
{
"Type":
exec_file
,
"Filename":
./sql/benchmark/q1_bench/q1.sql
,
"times":
"
206437;16940;4055;"
,
}
,
{
"Type":
exec_file
,
"Filename":
./sql/benchmark/q1_bench/q1.1.sql
,
"times":
"
205481;"
,
}
,
{
"Type":
exec_file
,
"Filename":
./sql/benchmark/q1_bench/q1.2.sql
,
"times":
"
16965;"
,
}
,
{
"Type":
exec_file
,
"Filename":
./sql/benchmark/q1_bench/q1.3.sql
,
"times":
"
4042;"
,
}
,
{
"Type":
exec_file
,
"Filename":
./sql/benchmark/q2_bench/q2.sql
,
"times":
"
31546;293;12032;139;5694;"
,
}
,
{
"Type":
exec_file
,
"Filename":
./sql/benchmark/q2_bench/q2.1.sql
,
"times":
"
33738;293;"
,
}
,
{
"Type":
exec_file
,
"Filename":
./sql/benchmark/q2_bench/q2.2.sql
,
"times":
"
12779;159;"
,
}
,
{
"Type":
exec_file
,
"Filename":
./sql/benchmark/q2_bench/q2.3.sql
,
"times":
"
5895;"
,
}
,
{
"Type":
exec_file
,
"Filename":
./sql/benchmark/q3_bench/q3.sql
,
"times":
"
511152;147;56760;225;6947;7932;"
,
}
,
{
"Type":
exec_file
,
"Filename":
./sql/benchmark/q3_bench/q3.1.sql
,
"times":
"
513312;151;"
,
}
,
{
"Type":
exec_file
,
"Filename":
./sql/benchmark/q3_bench/q3.2.sql
,
"times":
"
56712;231;"
,
}
,
{
"Type":
exec_file
,
"Filename":
./sql/benchmark/q3_bench/q3.3.sql
,
"times":
"
6277;"
,
}
,
{
"Type":
exec_file
,
"Filename":
./sql/benchmark/q3_bench/q3.4.sql
,
"times":
"
8222;"
,
}
,
{
"Type":
exec_file
,
"Filename":
./sql/benchmark/q4_bench/q4.sql
,
"times":
"
529453;119;363419;139;103553;223;"
,
}
,
{
"Type":
exec_file
,
"Filename":
./sql/benchmark/q4_bench/q4.1.sql
,
"times":
"
524672;126;"
,
}
,
{
"Type":
exec_file
,
"Filename":
./sql/benchmark/q4_bench/q4.2.sql
,
"times":
"
356228;141;"
,
}
,
{
"Type":
exec_file
,
"Filename":
./sql/benchmark/q4_bench/q4.3.sql
,
"times":
"
101666;233;"
,
}
,
]
,
[
{
"Type":
exec_file
,
"Filename":
./sql/benchmark/q1_bench/q1.sql
,
"times":
"
208680;16795;4020;"
,
}
,
{
"Type":
exec_file
,
"Filename":
./sql/benchmark/q1_bench/q1.1.sql
,
"times":
"
205122;"
,
}
,
{
"Type":
exec_file
,
"Filename":
./sql/benchmark/q1_bench/q1.2.sql
,
"times":
"
16948;"
,
}
,
{
"Type":
exec_file
,
"Filename":
./sql/benchmark/q1_bench/q1.3.sql
,
"times":
"
4026;"
,
}
,
{
"Type":
exec_file
,
"Filename":
./sql/benchmark/q2_bench/q2.sql
,
"times":
"
28152;293;14561;153;6112;"
,
}
,
{
"Type":
exec_file
,
"Filename":
./sql/benchmark/q2_bench/q2.1.sql
,
"times":
"
46352;266;"
,
}
,
{
"Type":
exec_file
,
"Filename":
./sql/benchmark/q2_bench/q2.2.sql
,
"times":
"
15246;133;"
,
}
,
{
"Type":
exec_file
,
"Filename":
./sql/benchmark/q2_bench/q2.3.sql
,
"times":
"
7038;"
,
}
,
{
"Type":
exec_file
,
"Filename":
./sql/benchmark/q3_bench/q3.sql
,
"times":
"
544609;163;57069;221;7070;7947;"
,
}
,
{
"Type":
exec_file
,
"Filename":
./sql/benchmark/q3_bench/q3.1.sql
,
"times":
"
509906;153;"
,
}
,
{
"Type":
exec_file
,
"Filename":
./sql/benchmark/q3_bench/q3.2.sql
,
"times":
"
56661;231;"
,
}
,
{
"Type":
exec_file
,
"Filename":
./sql/benchmark/q3_bench/q3.3.sql
,
"times":
"
6427;"
,
}
,
{
"Type":
exec_file
,
"Filename":
./sql/benchmark/q3_bench/q3.4.sql
,
"times":
"
8378;"
,
}
,
{
"Type":
exec_file
,
"Filename":
./sql/benchmark/q4_bench/q4.sql
,
"times":
"
527674;125;355767;154;101556;228;"
,
}
,
{
"Type":
exec_file
,
"Filename":
./sql/benchmark/q4_bench/q4.1.sql
,
"times":
"
529021;125;"
,
}
,
{
"Type":
exec_file
,
"Filename":
./sql/benchmark/q4_bench/q4.2.sql
,
"times":
"
358414;141;"
,
}
,
{
"Type":
exec_file
,
"Filename":
./sql/benchmark/q4_bench/q4.3.sql
,
"times":
"
101794;229;"
,
}
,
]
,
[
{
"Type":
exec_file
,
"Filename":
./sql/benchmark/q1_bench/q1.sql
,
"times":
"
203589;16817;4037;"
,
}
,
{
"Type":
exec_file
,
"Filename":
./sql/benchmark/q1_bench/q1.1.sql
,
"times":
"
204867;"
,
}
,
{
"Type":
exec_file
,
"Filename":
./sql/benchmark/q1_bench/q1.2.sql
,
"times":
"
16928;"
,
}
,
{
"Type":
exec_file
,
"Filename":
./sql/benchmark/q1_bench/q1.3.sql
,
"times":
"
4058;"
,
}
,
{
"Type":
exec_file
,
"Filename":
./sql/benchmark/q2_bench/q2.sql
,
"times":
"
27361;287;11906;149;5629;"
,
}
,
{
"Type":
exec_file
,
"Filename":
./sql/benchmark/q2_bench/q2.1.sql
,
"times":
"
31984;283;"
,
}
,
{
"Type":
exec_file
,
"Filename":
./sql/benchmark/q2_bench/q2.2.sql
,
"times":
"
12379;147;"
,
}
,
{
"Type":
exec_file
,
"Filename":
./sql/benchmark/q2_bench/q2.3.sql
,
"times":
"
5962;"
,
}
,
{
"Type":
exec_file
,
"Filename":
./sql/benchmark/q3_bench/q3.sql
,
"times":
"
513084;153;57127;247;6525;8182;"
,
}
,
{
"Type":
exec_file
,
"Filename":
./sql/benchmark/q3_bench/q3.1.sql
,
"times":
"
512797;151;"
,
}
,
{
"Type":
exec_file
,
"Filename":
./sql/benchmark/q3_bench/q3.2.sql
,
"times":
"
57187;221;"
,
}
,
{
"Type":
exec_file
,
"Filename":
./sql/benchmark/q3_bench/q3.3.sql
,
"times":
"
6681;"
,
}
,
{
"Type":
exec_file
,
"Filename":
./sql/benchmark/q3_bench/q3.4.sql
,
"times":
"
8475;"
,
}
,
{
"Type":
exec_file
,
"Filename":
./sql/benchmark/q4_bench/q4.sql
,
"times":
"
525856;124;361729;140;101426;230;"
,
}
,
{
"Type":
exec_file
,
"Filename":
./sql/benchmark/q4_bench/q4.1.sql
,
"times":
"
533572;124;"
,
}
,
{
"Type":
exec_file
,
"Filename":
./sql/benchmark/q4_bench/q4.2.sql
,
"times":
"
357273;146;"
,
}
,
{
"Type":
exec_file
,
"Filename":
./sql/benchmark/q4_bench/q4.3.sql
,
"times":
"
104912;231;"
,
}
,
]
,
[
{
"Type":
exec_file
,
"Filename":
./sql/benchmark/q1_bench/q1.sql
,
"times":
"
204206;16961;4063;"
,
}
,
{
"Type":
exec_file
,
"Filename":
./sql/benchmark/q1_bench/q1.1.sql
,
"times":
"
205633;"
,
}
,
{
"Type":
exec_file
,
"Filename":
./sql/benchmark/q1_bench/q1.2.sql
,
"times":
"
16966;"
,
}
,
{
"Type":
exec_file
,
"Filename":
./sql/benchmark/q1_bench/q1.3.sql
,
"times":
"
4088;"
,
}
,
{
"Type":
exec_file
,
"Filename":
./sql/benchmark/q2_bench/q2.sql
,
"times":
"
27877;290;11972;158;5549;"
,
}
,
{
"Type":
exec_file
,
"Filename":
./sql/benchmark/q2_bench/q2.1.sql
,
"times":
"
32654;307;"
,
}
,
{
"Type":
exec_file
,
"Filename":
./sql/benchmark/q2_bench/q2.2.sql
,
"times":
"
13790;152;"
,
}
,
{
"Type":
exec_file
,
"Filename":
./sql/benchmark/q2_bench/q2.3.sql
,
"times":
"
5855;"
,
}
,
{
"Type":
exec_file
,
"Filename":
./sql/benchmark/q3_bench/q3.sql
,
"times":
"
512898;153;56683;220;5074;8048;"
,
}
,
{
"Type":
exec_file
,
"Filename":
./sql/benchmark/q3_bench/q3.1.sql
,
"times":
"
512077;173;"
,
}
,
{
"Type":
exec_file
,
"Filename":
./sql/benchmark/q3_bench/q3.2.sql
,
"times":
"
56526;231;"
,
}
,
{
"Type":
exec_file
,
"Filename":
./sql/benchmark/q3_bench/q3.3.sql
,
"times":
"
6629;"
,
}
,
{
"Type":
exec_file
,
"Filename":
./sql/benchmark/q3_bench/q3.4.sql
,
"times":
"
8291;"
,
}
,
{
"Type":
exec_file
,
"Filename":
./sql/benchmark/q4_bench/q4.sql
,
"times":
"
525511;143;355096;141;100270;238;"
,
}
,
{
"Type":
exec_file
,
"Filename":
./sql/benchmark/q4_bench/q4.1.sql
,
"times":
"
536302;135;"
,
}
,
{
"Type":
exec_file
,
"Filename":
./sql/benchmark/q4_bench/q4.2.sql
,
"times":
"
356134;137;"
,
}
,
{
"Type":
exec_file
,
"Filename":
./sql/benchmark/q4_bench/q4.3.sql
,
"times":
"
100826;239;"
,
}
,
]
,
[
{
"Type":
exec_file
,
"Filename":
./sql/benchmark/q1_bench/q1.sql
,
"times":
"
203677;16786;4014;"
,
}
,
{
"Type":
exec_file
,
"Filename":
./sql/benchmark/q1_bench/q1.1.sql
,
"times":
"
205719;"
,
}
,
{
"Type":
exec_file
,
"Filename":
./sql/benchmark/q1_bench/q1.2.sql
,
"times":
"
16961;"
,
}
,
{
"Type":
exec_file
,
"Filename":
./sql/benchmark/q1_bench/q1.3.sql
,
"times":
"
4117;"
,
}
,
{
"Type":
exec_file
,
"Filename":
./sql/benchmark/q2_bench/q2.sql
,
"times":
"
28420;294;12237;143;5577;"
,
}
,
{
"Type":
exec_file
,
"Filename":
./sql/benchmark/q2_bench/q2.1.sql
,
"times":
"
33783;287;"
,
}
,
{
"Type":
exec_file
,
"Filename":
./sql/benchmark/q2_bench/q2.2.sql
,
"times":
"
12390;145;"
,
}
,
{
"Type":
exec_file
,
"Filename":
./sql/benchmark/q2_bench/q2.3.sql
,
"times":
"
6106;"
,
}
,
{
"Type":
exec_file
,
"Filename":
./sql/benchmark/q3_bench/q3.sql
,
"times":
"
509168;147;56577;223;6710;8057;"
,
}
,
{
"Type":
exec_file
,
"Filename":
./sql/benchmark/q3_bench/q3.1.sql
,
"times":
"
510607;150;"
,
}
,
{
"Type":
exec_file
,
"Filename":
./sql/benchmark/q3_bench/q3.2.sql
,
"times":
"
56887;223;"
,
}
,
{
"Type":
exec_file
,
"Filename":
./sql/benchmark/q3_bench/q3.3.sql
,
"times":
"
6622;"
,
}
,
{
"Type":
exec_file
,
"Filename":
./sql/benchmark/q3_bench/q3.4.sql
,
"times":
"
8288;"
,
}
,
{
"Type":
exec_file
,
"Filename":
./sql/benchmark/q4_bench/q4.sql
,
"times":
"
527749;122;355469;137;101192;223;"
,
}
,
{
"Type":
exec_file
,
"Filename":
./sql/benchmark/q4_bench/q4.1.sql
,
"times":
"
526844;112;"
,
}
,
{
"Type":
exec_file
,
"Filename":
./sql/benchmark/q4_bench/q4.2.sql
,
"times":
"
361042;143;"
,
}
,
{
"Type":
exec_file
,
"Filename":
./sql/benchmark/q4_bench/q4.3.sql
,
"times":
"
101550;245;"
,
}
,
]
,
[
{
"Type":
exec_file
,
"Filename":
./sql/benchmark/q1_bench/q1.sql
,
"times":
"
203496;16887;4038;"
,
}
,
{
"Type":
exec_file
,
"Filename":
./sql/benchmark/q1_bench/q1.1.sql
,
"times":
"
203777;"
,
}
,
{
"Type":
exec_file
,
"Filename":
./sql/benchmark/q1_bench/q1.2.sql
,
"times":
"
16938;"
,
}
,
{
"Type":
exec_file
,
"Filename":
./sql/benchmark/q1_bench/q1.3.sql
,
"times":
"
4029;"
,
}
,
{
"Type":
exec_file
,
"Filename":
./sql/benchmark/q2_bench/q2.sql
,
"times":
"
29169;288;14037;162;13516;"
,
}
,
{
"Type":
exec_file
,
"Filename":
./sql/benchmark/q2_bench/q2.1.sql
,
"times":
"
32118;314;"
,
}
,
{
"Type":
exec_file
,
"Filename":
./sql/benchmark/q2_bench/q2.2.sql
,
"times":
"
13194;158;"
,
}
,
{
"Type":
exec_file
,
"Filename":
./sql/benchmark/q2_bench/q2.3.sql
,
"times":
"
6187;"
,
}
,
{
"Type":
exec_file
,
"Filename":
./sql/benchmark/q3_bench/q3.sql
,
"times":
"
510826;167;56527;228;7044;7994;"
,
}
,
{
"Type":
exec_file
,
"Filename":
./sql/benchmark/q3_bench/q3.1.sql
,
"times":
"
509839;154;"
,
}
,
{
"Type":
exec_file
,
"Filename":
./sql/benchmark/q3_bench/q3.2.sql
,
"times":
"
57188;249;"
,
}
,
{
"Type":
exec_file
,
"Filename":
./sql/benchmark/q3_bench/q3.3.sql
,
"times":
"
6717;"
,
}
,
{
"Type":
exec_file
,
"Filename":
./sql/benchmark/q3_bench/q3.4.sql
,
"times":
"
8350;"
,
}
,
{
"Type":
exec_file
,
"Filename":
./sql/benchmark/q4_bench/q4.sql
,
"times":
"
599330;144;362664;147;100742;226;"
,
}
,
{
"Type":
exec_file
,
"Filename":
./sql/benchmark/q4_bench/q4.1.sql
,
"times":
"
524477;123;"
,
}
,
{
"Type":
exec_file
,
"Filename":
./sql/benchmark/q4_bench/q4.2.sql
,
"times":
"
354606;139;"
,
}
,
{
"Type":
exec_file
,
"Filename":
./sql/benchmark/q4_bench/q4.3.sql
,
"times":
"
102168;230;"
,
}
,
]
,
[
{
"Type":
exec_file
,
"Filename":
./sql/benchmark/q1_bench/q1.sql
,
"times":
"
206312;16957;4052;"
,
}
,
{
"Type":
exec_file
,
"Filename":
./sql/benchmark/q1_bench/q1.1.sql
,
"times":
"
205422;"
,
}
,
{
"Type":
exec_file
,
"Filename":
./sql/benchmark/q1_bench/q1.2.sql
,
"times":
"
16957;"
,
}
,
{
"Type":
exec_file
,
"Filename":
./sql/benchmark/q1_bench/q1.3.sql
,
"times":
"
4098;"
,
}
,
{
"Type":
exec_file
,
"Filename":
./sql/benchmark/q2_bench/q2.sql
,
"times":
"
33058;303;12142;148;5660;"
,
}
,
{
"Type":
exec_file
,
"Filename":
./sql/benchmark/q2_bench/q2.1.sql
,
"times":
"
29374;289;"
,
}
,
{
"Type":
exec_file
,
"Filename":
./sql/benchmark/q2_bench/q2.2.sql
,
"times":
"
12798;143;"
,
}
,
{
"Type":
exec_file
,
"Filename":
./sql/benchmark/q2_bench/q2.3.sql
,
"times":
"
6047;"
,
}
,
{
"Type":
exec_file
,
"Filename":
./sql/benchmark/q3_bench/q3.sql
,
"times":
"
506322;152;56284;240;7047;8063;"
,
}
,
{
"Type":
exec_file
,
"Filename":
./sql/benchmark/q3_bench/q3.1.sql
,
"times":
"
508024;166;"
,
}
,
{
"Type":
exec_file
,
"Filename":
./sql/benchmark/q3_bench/q3.2.sql
,
"times":
"
56883;234;"
,
}
,
{
"Type":
exec_file
,
"Filename":
./sql/benchmark/q3_bench/q3.3.sql
,
"times":
"
6387;"
,
}
,
{
"Type":
exec_file
,
"Filename":
./sql/benchmark/q3_bench/q3.4.sql
,
"times":
"
8404;"
,
}
,
{
"Type":
exec_file
,
"Filename":
./sql/benchmark/q4_bench/q4.sql
,
"times":
"
526239;123;353748;139;101726;225;"
,
}
,
{
"Type":
exec_file
,
"Filename":
./sql/benchmark/q4_bench/q4.1.sql
,
"times":
"
524911;121;"
,
}
,
{
"Type":
exec_file
,
"Filename":
./sql/benchmark/q4_bench/q4.2.sql
,
"times":
"
354579;142;"
,
}
,
{
"Type":
exec_file
,
"Filename":
./sql/benchmark/q4_bench/q4.3.sql
,
"times":
"
102119;227;"
,
}
,
]
,
[
{
"Type":
exec_file
,
"Filename":
./sql/benchmark/q1_bench/q1.sql
,
"times":
"
203054;16933;4039;"
,
}
,
{
"Type":
exec_file
,
"Filename":
./sql/benchmark/q1_bench/q1.1.sql
,
"times":
"
204531;"
,
}
,
{
"Type":
exec_file
,
"Filename":
./sql/benchmark/q1_bench/q1.2.sql
,
"times":
"
16836;"
,
}
,
{
"Type":
exec_file
,
"Filename":
./sql/benchmark/q1_bench/q1.3.sql
,
"times":
"
4053;"
,
}
,
{
"Type":
exec_file
,
"Filename":
./sql/benchmark/q2_bench/q2.sql
,
"times":
"
28078;291;12778;157;5673;"
,
}
,
{
"Type":
exec_file
,
"Filename":
./sql/benchmark/q2_bench/q2.1.sql
,
"times":
"
29562;309;"
,
}
,
{
"Type":
exec_file
,
"Filename":
./sql/benchmark/q2_bench/q2.2.sql
,
"times":
"
12542;146;"
,
}
,
{
"Type":
exec_file
,
"Filename":
./sql/benchmark/q2_bench/q2.3.sql
,
"times":
"
6156;"
,
}
,
{
"Type":
exec_file
,
"Filename":
./sql/benchmark/q3_bench/q3.sql
,
"times":
"
511551;155;56690;221;7125;8079;"
,
}
,
{
"Type":
exec_file
,
"Filename":
./sql/benchmark/q3_bench/q3.1.sql
,
"times":
"
510763;151;"
,
}
,
{
"Type":
exec_file
,
"Filename":
./sql/benchmark/q3_bench/q3.2.sql
,
"times":
"
56835;234;"
,
}
,
{
"Type":
exec_file
,
"Filename":
./sql/benchmark/q3_bench/q3.3.sql
,
"times":
"
6736;"
,
}
,
{
"Type":
exec_file
,
"Filename":
./sql/benchmark/q3_bench/q3.4.sql
,
"times":
"
8510;"
,
}
,
{
"Type":
exec_file
,
"Filename":
./sql/benchmark/q4_bench/q4.sql
,
